#
# There is insufficient memory for the Java Runtime Environment to continue.
# Native memory allocation (malloc) failed to allocate 1536496 bytes for Chunk::new
# Possible reasons:
#   The system is out of physical RAM or swap space
#   The process is running with CompressedOops enabled, and the Java Heap may be blocking the growth of the native heap
# Possible solutions:
#   Reduce memory load on the system
#   Increase physical memory or swap space
#   Check if swap backing store is full
#   Decrease Java heap size (-Xmx/-Xms)
#   Decrease number of Java threads
#   Decrease Java thread stack sizes (-Xss)
#   Set larger code cache with -XX:ReservedCodeCacheSize=
#   JVM is running with Unscaled Compressed Oops mode in which the Java heap is
#     placed in the first 4GB address space. The Java Heap base address is the
#     maximum limit for the native heap growth. Please use -XX:HeapBaseMinAddress
#     to set the Java Heap base and to place the Java Heap above 4GB virtual address.
# This output file may be truncated or incomplete.
#
#  Out of Memory Error (arena.cpp:189), pid=11944, tid=12208
#
# JRE version: OpenJDK Runtime Environment (17.0.7) (build 17.0.7+0-b2043.56-10550314)
# Java VM: OpenJDK 64-Bit Server VM (17.0.7+0-b2043.56-10550314, mixed mode, tiered, compressed oops, compressed class ptrs, g1 gc, windows-amd64)
# No core dump will be written. Minidumps are not enabled by default on client versions of Windows
#

---------------  S U M M A R Y ------------

Command Line: --add-opens=java.base/java.util=ALL-UNNAMED --add-opens=java.base/java.lang=ALL-UNNAMED --add-opens=java.base/java.lang.invoke=ALL-UNNAMED --add-opens=java.prefs/java.util.prefs=ALL-UNNAMED --add-opens=java.base/java.nio.charset=ALL-UNNAMED --add-opens=java.base/java.net=ALL-UNNAMED --add-opens=java.base/java.util.concurrent.atomic=ALL-UNNAMED -Xmx2048m -Dfile.encoding=UTF-8 -Duser.country=KR -Duser.language=ko -Duser.variant -javaagent:C:\Users\kbeoum\.gradle\wrapper\dists\gradle-8.2-bin\bbg7u40eoinfdyxsxr3z4i7ta\gradle-8.2\lib\agents\gradle-instrumentation-agent-8.2.jar org.gradle.launcher.daemon.bootstrap.GradleDaemon 8.2

Host: Intel(R) Core(TM) i5-3340M CPU @ 2.70GHz, 4 cores, 7G,  Windows 10 , 64 bit Build 19041 (10.0.19041.3636)
Time: Sun Mar  3 17:27:35 2024  Windows 10 , 64 bit Build 19041 (10.0.19041.3636) elapsed time: 20.411344 seconds (0d 0h 0m 20s)

---------------  T H R E A D  ---------------

Current thread (0x000002565c237f90):  JavaThread "C2 CompilerThread0" daemon [_thread_in_native, id=12208, stack(0x000000dbf0a00000,0x000000dbf0b00000)]


Current CompileTask:
C2:  20411 7352       4       com.google.common.collect.ImmutableSet$RegularSetBuilderImpl::add (68 bytes)

Stack: [0x000000dbf0a00000,0x000000dbf0b00000]
Native frames: (J=compiled Java code, j=interpreted, Vv=VM code, C=native code)
V  [jvm.dll+0x683bfa]
V  [jvm.dll+0x8430a4]
V  [jvm.dll+0x8449be]
V  [jvm.dll+0x845023]
V  [jvm.dll+0x24ad2f]
V  [jvm.dll+0xac25c]
V  [jvm.dll+0xac82c]
V  [jvm.dll+0x36a132]
V  [jvm.dll+0x334821]
V  [jvm.dll+0x333cca]
V  [jvm.dll+0x21d251]
V  [jvm.dll+0x21c671]
V  [jvm.dll+0x1a605d]
V  [jvm.dll+0x22c148]
V  [jvm.dll+0x22a209]
V  [jvm.dll+0x7f858c]
V  [jvm.dll+0x7f2aea]
V  [jvm.dll+0x682a35]
C  [ucrtbase.dll+0x21bb2]
C  [KERNEL32.DLL+0x17344]
C  [ntdll.dll+0x526b1]


---------------  P R O C E S S  ---------------

Threads class SMR info:
_java_thread_list=0x000002566536e090, length=44, elements={
0x0000025642af04c0, 0x000002565c0ed270, 0x000002565c0edfb0, 0x000002565c0d4dc0,
0x000002565c0d5780, 0x000002565c0d6040, 0x000002565c2373a0, 0x000002565c237f90,
0x000002565c238890, 0x000002565c257c20, 0x000002565c3afe60, 0x000002565c57a790,
0x0000025661974ef0, 0x000002565c5a7340, 0x0000025662782bc0, 0x0000025662cf5800,
0x00000256640db380, 0x0000025662993f30, 0x0000025663a6dd00, 0x00000256625c9d60,
0x00000256618434e0, 0x0000025661842b40, 0x0000025661843010, 0x0000025661846030,
0x0000025661846500, 0x0000025661845690, 0x00000256618439b0, 0x0000025661844cf0,
0x0000025661843e80, 0x0000025661845b60, 0x0000025661844350, 0x0000025661844820,
0x00000256618451c0, 0x00000256627e69c0, 0x00000256627e7360, 0x00000256627e7830,
0x00000256627e7d00, 0x00000256627e4340, 0x00000256627e51b0, 0x00000256627e5680,
0x00000256627e5b50, 0x00000256627e6020, 0x0000025664f95ee0, 0x0000025664f91b80
}

Java Threads: ( => current thread )
  0x0000025642af04c0 JavaThread "main" [_thread_blocked, id=10572, stack(0x000000dbefd00000,0x000000dbefe00000)]
  0x000002565c0ed270 JavaThread "Reference Handler" daemon [_thread_blocked, id=9540, stack(0x000000dbf0400000,0x000000dbf0500000)]
  0x000002565c0edfb0 JavaThread "Finalizer" daemon [_thread_blocked, id=8504, stack(0x000000dbf0500000,0x000000dbf0600000)]
  0x000002565c0d4dc0 JavaThread "Signal Dispatcher" daemon [_thread_blocked, id=6024, stack(0x000000dbf0600000,0x000000dbf0700000)]
  0x000002565c0d5780 JavaThread "Attach Listener" daemon [_thread_blocked, id=5180, stack(0x000000dbf0700000,0x000000dbf0800000)]
  0x000002565c0d6040 JavaThread "Service Thread" daemon [_thread_blocked, id=15344, stack(0x000000dbf0800000,0x000000dbf0900000)]
  0x000002565c2373a0 JavaThread "Monitor Deflation Thread" daemon [_thread_blocked, id=8820, stack(0x000000dbf0900000,0x000000dbf0a00000)]
=>0x000002565c237f90 JavaThread "C2 CompilerThread0" daemon [_thread_in_native, id=12208, stack(0x000000dbf0a00000,0x000000dbf0b00000)]
  0x000002565c238890 JavaThread "C1 CompilerThread0" daemon [_thread_blocked, id=7524, stack(0x000000dbf0b00000,0x000000dbf0c00000)]
  0x000002565c257c20 JavaThread "Sweeper thread" daemon [_thread_blocked, id=15468, stack(0x000000dbf0c00000,0x000000dbf0d00000)]
  0x000002565c3afe60 JavaThread "Common-Cleaner" daemon [_thread_blocked, id=7444, stack(0x000000dbf0d00000,0x000000dbf0e00000)]
  0x000002565c57a790 JavaThread "Notification Thread" daemon [_thread_blocked, id=15036, stack(0x000000dbf0e00000,0x000000dbf0f00000)]
  0x0000025661974ef0 JavaThread "Daemon health stats" [_thread_blocked, id=15232, stack(0x000000dbf1400000,0x000000dbf1500000)]
  0x000002565c5a7340 JavaThread "Incoming local TCP Connector on port 6163" [_thread_in_native, id=944, stack(0x000000dbf1000000,0x000000dbf1100000)]
  0x0000025662782bc0 JavaThread "Daemon periodic checks" [_thread_blocked, id=11980, stack(0x000000dbf1600000,0x000000dbf1700000)]
  0x0000025662cf5800 JavaThread "Daemon" [_thread_blocked, id=6304, stack(0x000000dbf1700000,0x000000dbf1800000)]
  0x00000256640db380 JavaThread "Handler for socket connection from /127.0.0.1:6163 to /127.0.0.1:6164" [_thread_in_native, id=16036, stack(0x000000dbf1800000,0x000000dbf1900000)]
  0x0000025662993f30 JavaThread "Cancel handler" [_thread_blocked, id=15888, stack(0x000000dbf1900000,0x000000dbf1a00000)]
  0x0000025663a6dd00 JavaThread "Daemon worker" [_thread_in_Java, id=10476, stack(0x000000dbf1a00000,0x000000dbf1b00000)]
  0x00000256625c9d60 JavaThread "Asynchronous log dispatcher for DefaultDaemonConnection: socket connection from /127.0.0.1:6163 to /127.0.0.1:6164" [_thread_blocked, id=7252, stack(0x000000dbf1b00000,0x000000dbf1c00000)]
  0x00000256618434e0 JavaThread "Stdin handler" [_thread_blocked, id=15748, stack(0x000000dbf1c00000,0x000000dbf1d00000)]
  0x0000025661842b40 JavaThread "Daemon client event forwarder" [_thread_blocked, id=11372, stack(0x000000dbf1d00000,0x000000dbf1e00000)]
  0x0000025661843010 JavaThread "Cache worker for journal cache (C:\Users\kbeoum\.gradle\caches\journal-1)" [_thread_blocked, id=5464, stack(0x000000dbf1e00000,0x000000dbf1f00000)]
  0x0000025661846030 JavaThread "File lock request listener" [_thread_in_native, id=5584, stack(0x000000dbf1f00000,0x000000dbf2000000)]
  0x0000025661846500 JavaThread "Cache worker for file hash cache (C:\Users\kbeoum\.gradle\caches\8.2\fileHashes)" [_thread_blocked, id=14504, stack(0x000000dbf2000000,0x000000dbf2100000)]
  0x0000025661845690 JavaThread "File watcher server" daemon [_thread_in_native, id=13020, stack(0x000000dbf2100000,0x000000dbf2200000)]
  0x00000256618439b0 JavaThread "File watcher consumer" daemon [_thread_blocked, id=14072, stack(0x000000dbf2200000,0x000000dbf2300000)]
  0x0000025661844cf0 JavaThread "Cache worker for checksums cache (C:\Users\kbeoum\AndroidStudioProjects\inno\.gradle\8.2\checksums)" [_thread_blocked, id=15928, stack(0x000000dbf2300000,0x000000dbf2400000)]
  0x0000025661843e80 JavaThread "Cache worker for cache directory md-rule (C:\Users\kbeoum\.gradle\caches\8.2\md-rule)" [_thread_blocked, id=11332, stack(0x000000dbf2400000,0x000000dbf2500000)]
  0x0000025661845b60 JavaThread "Cache worker for file content cache (C:\Users\kbeoum\.gradle\caches\8.2\fileContent)" [_thread_blocked, id=4960, stack(0x000000dbf2500000,0x000000dbf2600000)]
  0x0000025661844350 JavaThread "Cache worker for file hash cache (C:\Users\kbeoum\AndroidStudioProjects\inno\.gradle\8.2\fileHashes)" [_thread_blocked, id=5844, stack(0x000000dbf2600000,0x000000dbf2700000)]
  0x0000025661844820 JavaThread "Cache worker for cache directory md-supplier (C:\Users\kbeoum\.gradle\caches\8.2\md-supplier)" [_thread_blocked, id=8036, stack(0x000000dbf2700000,0x000000dbf2800000)]
  0x00000256618451c0 JavaThread "Cache worker for execution history cache (C:\Users\kbeoum\.gradle\caches\8.2\executionHistory)" [_thread_blocked, id=12372, stack(0x000000dbf2800000,0x000000dbf2900000)]
  0x00000256627e69c0 JavaThread "jar transforms" [_thread_blocked, id=7064, stack(0x000000dbf2900000,0x000000dbf2a00000)]
  0x00000256627e7360 JavaThread "jar transforms Thread 2" [_thread_blocked, id=4476, stack(0x000000dbf2a00000,0x000000dbf2b00000)]
  0x00000256627e7830 JavaThread "jar transforms Thread 3" [_thread_blocked, id=15836, stack(0x000000dbf2b00000,0x000000dbf2c00000)]
  0x00000256627e7d00 JavaThread "jar transforms Thread 4" [_thread_blocked, id=15156, stack(0x000000dbf2c00000,0x000000dbf2d00000)]
  0x00000256627e4340 JavaThread "Cache worker for dependencies-accessors (C:\Users\kbeoum\AndroidStudioProjects\inno\.gradle\8.2\dependencies-accessors)" [_thread_blocked, id=16296, stack(0x000000dbf2d00000,0x000000dbf2e00000)]
  0x00000256627e51b0 JavaThread "Cache worker for Build Output Cleanup Cache (C:\Users\kbeoum\AndroidStudioProjects\inno\.gradle\buildOutputCleanup)" [_thread_blocked, id=11480, stack(0x000000dbf2e00000,0x000000dbf2f00000)]
  0x00000256627e5680 JavaThread "Unconstrained build operations" [_thread_blocked, id=9404, stack(0x000000dbf2f00000,0x000000dbf3000000)]
  0x00000256627e5b50 JavaThread "Unconstrained build operations Thread 2" [_thread_blocked, id=11216, stack(0x000000dbf3000000,0x000000dbf3100000)]
  0x00000256627e6020 JavaThread "Unconstrained build operations Thread 3" [_thread_blocked, id=11596, stack(0x000000dbf3100000,0x000000dbf3200000)]
  0x0000025664f95ee0 JavaThread "build event listener" [_thread_blocked, id=14556, stack(0x000000dbf1500000,0x000000dbf1600000)]
  0x0000025664f91b80 JavaThread "Memory manager" [_thread_blocked, id=12384, stack(0x000000dbf3300000,0x000000dbf3400000)]

Other Threads:
  0x000002565c06fe60 VMThread "VM Thread" [stack: 0x000000dbf0300000,0x000000dbf0400000] [id=1980]
  0x0000025642b69640 WatcherThread [stack: 0x000000dbf0f00000,0x000000dbf1000000] [id=6148]
  0x0000025642b4aa90 GCTaskThread "GC Thread#0" [stack: 0x000000dbefe00000,0x000000dbeff00000] [id=16368]
  0x000002565c9788b0 GCTaskThread "GC Thread#1" [stack: 0x000000dbf1100000,0x000000dbf1200000] [id=10564]
  0x000002565c62fce0 GCTaskThread "GC Thread#2" [stack: 0x000000dbf1200000,0x000000dbf1300000] [id=8548]
  0x00000256613dfcb0 GCTaskThread "GC Thread#3" [stack: 0x000000dbf1300000,0x000000dbf1400000] [id=10400]
  0x0000025642b5d910 ConcurrentGCThread "G1 Main Marker" [stack: 0x000000dbeff00000,0x000000dbf0000000] [id=12276]
  0x0000025642b5e9d0 ConcurrentGCThread "G1 Conc#0" [stack: 0x000000dbf0000000,0x000000dbf0100000] [id=15528]
  0x0000025642ba6e00 ConcurrentGCThread "G1 Refine#0" [stack: 0x000000dbf0100000,0x000000dbf0200000] [id=12360]
  0x0000025642ba7730 ConcurrentGCThread "G1 Service" [stack: 0x000000dbf0200000,0x000000dbf0300000] [id=7012]

Threads with active compile tasks:
C2 CompilerThread0    20457 7352       4       com.google.common.collect.ImmutableSet$RegularSetBuilderImpl::add (68 bytes)

VM state: not at safepoint (normal execution)

VM Mutex/Monitor currently owned by a thread: None

Heap address: 0x0000000080000000, size: 2048 MB, Compressed Oops mode: 32-bit

CDS archive(s) not mapped
Compressed class space mapped at: 0x0000000100000000-0x0000000140000000, reserved size: 1073741824
Narrow klass base: 0x0000000000000000, Narrow klass shift: 3, Narrow klass range: 0x140000000

GC Precious Log:
 CPUs: 4 total, 4 available
 Memory: 8142M
 Large Page Support: Disabled
 NUMA Support: Disabled
 Compressed Oops: Enabled (32-bit)
 Heap Region Size: 1M
 Heap Min Capacity: 8M
 Heap Initial Capacity: 128M
 Heap Max Capacity: 2G
 Pre-touch: Disabled
 Parallel Workers: 4
 Concurrent Workers: 1
 Concurrent Refinement Workers: 4
 Periodic GC: Disabled

Heap:
 garbage-first heap   total 140288K, used 98226K [0x0000000080000000, 0x0000000100000000)
  region size 1024K, 36 young (36864K), 3 survivors (3072K)
 Metaspace       used 74976K, committed 75520K, reserved 1114112K
  class space    used 10103K, committed 10368K, reserved 1048576K

Heap Regions: E=young(eden), S=young(survivor), O=old, HS=humongous(starts), HC=humongous(continues), CS=collection set, F=free, OA=open archive, CA=closed archive, TAMS=top-at-mark-start (previous, next)
|   0|0x0000000080000000, 0x0000000080100000, 0x0000000080100000|100%| O|  |TAMS 0x0000000080100000, 0x0000000080100000| Untracked 
|   1|0x0000000080100000, 0x0000000080200000, 0x0000000080200000|100%| O|  |TAMS 0x0000000080200000, 0x0000000080200000| Untracked 
|   2|0x0000000080200000, 0x0000000080300000, 0x0000000080300000|100%|HS|  |TAMS 0x0000000080300000, 0x0000000080300000| Complete 
|   3|0x0000000080300000, 0x0000000080400000, 0x0000000080400000|100%|HC|  |TAMS 0x0000000080400000, 0x0000000080400000| Complete 
|   4|0x0000000080400000, 0x0000000080500000, 0x0000000080500000|100%|HC|  |TAMS 0x0000000080500000, 0x0000000080500000| Complete 
|   5|0x0000000080500000, 0x0000000080600000, 0x0000000080600000|100%|HC|  |TAMS 0x0000000080600000, 0x0000000080600000| Complete 
|   6|0x0000000080600000, 0x0000000080700000, 0x0000000080700000|100%| O|  |TAMS 0x0000000080700000, 0x0000000080700000| Untracked 
|   7|0x0000000080700000, 0x0000000080800000, 0x0000000080800000|100%| O|  |TAMS 0x0000000080800000, 0x0000000080800000| Untracked 
|   8|0x0000000080800000, 0x0000000080900000, 0x0000000080900000|100%| O|  |TAMS 0x0000000080900000, 0x0000000080900000| Untracked 
|   9|0x0000000080900000, 0x0000000080a00000, 0x0000000080a00000|100%| O|  |TAMS 0x0000000080a00000, 0x0000000080a00000| Untracked 
|  10|0x0000000080a00000, 0x0000000080b00000, 0x0000000080b00000|100%| O|  |TAMS 0x0000000080b00000, 0x0000000080b00000| Untracked 
|  11|0x0000000080b00000, 0x0000000080c00000, 0x0000000080c00000|100%| O|  |TAMS 0x0000000080c00000, 0x0000000080c00000| Untracked 
|  12|0x0000000080c00000, 0x0000000080d00000, 0x0000000080d00000|100%| O|  |TAMS 0x0000000080d00000, 0x0000000080d00000| Untracked 
|  13|0x0000000080d00000, 0x0000000080e00000, 0x0000000080e00000|100%| O|  |TAMS 0x0000000080e00000, 0x0000000080e00000| Untracked 
|  14|0x0000000080e00000, 0x0000000080f00000, 0x0000000080f00000|100%| O|  |TAMS 0x0000000080f00000, 0x0000000080f00000| Untracked 
|  15|0x0000000080f00000, 0x0000000081000000, 0x0000000081000000|100%| O|  |TAMS 0x0000000081000000, 0x0000000081000000| Untracked 
|  16|0x0000000081000000, 0x0000000081100000, 0x0000000081100000|100%| O|  |TAMS 0x0000000081100000, 0x0000000081100000| Untracked 
|  17|0x0000000081100000, 0x0000000081200000, 0x0000000081200000|100%| O|  |TAMS 0x0000000081200000, 0x0000000081200000| Untracked 
|  18|0x0000000081200000, 0x0000000081300000, 0x0000000081300000|100%| O|  |TAMS 0x0000000081300000, 0x0000000081300000| Untracked 
|  19|0x0000000081300000, 0x0000000081400000, 0x0000000081400000|100%| O|  |TAMS 0x0000000081400000, 0x0000000081400000| Untracked 
|  20|0x0000000081400000, 0x0000000081500000, 0x0000000081500000|100%| O|  |TAMS 0x0000000081500000, 0x0000000081500000| Untracked 
|  21|0x0000000081500000, 0x0000000081600000, 0x0000000081600000|100%| O|  |TAMS 0x0000000081600000, 0x0000000081600000| Untracked 
|  22|0x0000000081600000, 0x0000000081700000, 0x0000000081700000|100%| O|  |TAMS 0x0000000081700000, 0x0000000081700000| Untracked 
|  23|0x0000000081700000, 0x0000000081800000, 0x0000000081800000|100%| O|  |TAMS 0x0000000081800000, 0x0000000081800000| Untracked 
|  24|0x0000000081800000, 0x0000000081900000, 0x0000000081900000|100%| O|  |TAMS 0x0000000081900000, 0x0000000081900000| Untracked 
|  25|0x0000000081900000, 0x0000000081a00000, 0x0000000081a00000|100%| O|  |TAMS 0x0000000081a00000, 0x0000000081a00000| Untracked 
|  26|0x0000000081a00000, 0x0000000081b00000, 0x0000000081b00000|100%|HS|  |TAMS 0x0000000081b00000, 0x0000000081b00000| Complete 
|  27|0x0000000081b00000, 0x0000000081c00000, 0x0000000081c00000|100%|HS|  |TAMS 0x0000000081c00000, 0x0000000081c00000| Complete 
|  28|0x0000000081c00000, 0x0000000081d00000, 0x0000000081d00000|100%|HS|  |TAMS 0x0000000081d00000, 0x0000000081d00000| Complete 
|  29|0x0000000081d00000, 0x0000000081e00000, 0x0000000081e00000|100%| O|  |TAMS 0x0000000081e00000, 0x0000000081e00000| Untracked 
|  30|0x0000000081e00000, 0x0000000081f00000, 0x0000000081f00000|100%| O|  |TAMS 0x0000000081f00000, 0x0000000081f00000| Untracked 
|  31|0x0000000081f00000, 0x0000000082000000, 0x0000000082000000|100%| O|  |TAMS 0x0000000082000000, 0x0000000082000000| Untracked 
|  32|0x0000000082000000, 0x0000000082100000, 0x0000000082100000|100%| O|  |TAMS 0x0000000082100000, 0x0000000082100000| Untracked 
|  33|0x0000000082100000, 0x0000000082200000, 0x0000000082200000|100%|HS|  |TAMS 0x0000000082200000, 0x0000000082200000| Complete 
|  34|0x0000000082200000, 0x0000000082300000, 0x0000000082300000|100%|HS|  |TAMS 0x0000000082300000, 0x0000000082300000| Complete 
|  35|0x0000000082300000, 0x0000000082400000, 0x0000000082400000|100%| O|  |TAMS 0x0000000082400000, 0x0000000082400000| Untracked 
|  36|0x0000000082400000, 0x0000000082500000, 0x0000000082500000|100%| O|  |TAMS 0x0000000082500000, 0x0000000082500000| Untracked 
|  37|0x0000000082500000, 0x0000000082600000, 0x0000000082600000|100%| O|  |TAMS 0x0000000082600000, 0x0000000082600000| Untracked 
|  38|0x0000000082600000, 0x0000000082700000, 0x0000000082700000|100%| O|  |TAMS 0x0000000082700000, 0x0000000082700000| Untracked 
|  39|0x0000000082700000, 0x0000000082800000, 0x0000000082800000|100%| O|  |TAMS 0x0000000082800000, 0x0000000082800000| Untracked 
|  40|0x0000000082800000, 0x0000000082900000, 0x0000000082900000|100%| O|  |TAMS 0x0000000082900000, 0x0000000082900000| Untracked 
|  41|0x0000000082900000, 0x0000000082a00000, 0x0000000082a00000|100%| O|  |TAMS 0x0000000082a00000, 0x0000000082a00000| Untracked 
|  42|0x0000000082a00000, 0x0000000082b00000, 0x0000000082b00000|100%| O|  |TAMS 0x0000000082b00000, 0x0000000082b00000| Untracked 
|  43|0x0000000082b00000, 0x0000000082c00000, 0x0000000082c00000|100%| O|  |TAMS 0x0000000082c00000, 0x0000000082c00000| Untracked 
|  44|0x0000000082c00000, 0x0000000082d00000, 0x0000000082d00000|100%| O|  |TAMS 0x0000000082d00000, 0x0000000082d00000| Untracked 
|  45|0x0000000082d00000, 0x0000000082e00000, 0x0000000082e00000|100%| O|  |TAMS 0x0000000082e00000, 0x0000000082e00000| Untracked 
|  46|0x0000000082e00000, 0x0000000082f00000, 0x0000000082f00000|100%| O|  |TAMS 0x0000000082f00000, 0x0000000082f00000| Untracked 
|  47|0x0000000082f00000, 0x0000000083000000, 0x0000000083000000|100%| O|  |TAMS 0x0000000083000000, 0x0000000083000000| Untracked 
|  48|0x0000000083000000, 0x0000000083100000, 0x0000000083100000|100%| O|  |TAMS 0x0000000083100000, 0x0000000083100000| Untracked 
|  49|0x0000000083100000, 0x0000000083200000, 0x0000000083200000|100%| O|  |TAMS 0x0000000083200000, 0x0000000083200000| Untracked 
|  50|0x0000000083200000, 0x0000000083300000, 0x0000000083300000|100%| O|  |TAMS 0x0000000083288400, 0x0000000083300000| Untracked 
|  51|0x0000000083300000, 0x0000000083400000, 0x0000000083400000|100%| O|  |TAMS 0x0000000083300000, 0x0000000083400000| Untracked 
|  52|0x0000000083400000, 0x0000000083500000, 0x0000000083500000|100%| O|  |TAMS 0x0000000083400000, 0x0000000083443000| Untracked 
|  53|0x0000000083500000, 0x0000000083600000, 0x0000000083600000|100%| O|  |TAMS 0x0000000083600000, 0x0000000083600000| Untracked 
|  54|0x0000000083600000, 0x0000000083700000, 0x0000000083700000|100%| O|  |TAMS 0x0000000083700000, 0x0000000083700000| Untracked 
|  55|0x0000000083700000, 0x0000000083800000, 0x0000000083800000|100%| O|  |TAMS 0x0000000083800000, 0x0000000083800000| Untracked 
|  56|0x0000000083800000, 0x0000000083900000, 0x0000000083900000|100%| O|  |TAMS 0x0000000083900000, 0x0000000083900000| Untracked 
|  57|0x0000000083900000, 0x0000000083a00000, 0x0000000083a00000|100%| O|  |TAMS 0x0000000083a00000, 0x0000000083a00000| Untracked 
|  58|0x0000000083a00000, 0x0000000083b00000, 0x0000000083b00000|100%| O|  |TAMS 0x0000000083b00000, 0x0000000083b00000| Untracked 
|  59|0x0000000083b00000, 0x0000000083c00000, 0x0000000083c00000|100%| O|  |TAMS 0x0000000083b00000, 0x0000000083b00000| Untracked 
|  60|0x0000000083c00000, 0x0000000083cbbc00, 0x0000000083d00000| 73%| O|  |TAMS 0x0000000083c00000, 0x0000000083c00000| Untracked 
|  61|0x0000000083d00000, 0x0000000083e00000, 0x0000000083e00000|100%|HS|  |TAMS 0x0000000083d00000, 0x0000000083d00000| Complete 
|  62|0x0000000083e00000, 0x0000000083e00000, 0x0000000083f00000|  0%| F|  |TAMS 0x0000000083e00000, 0x0000000083e00000| Untracked 
|  63|0x0000000083f00000, 0x0000000083f00000, 0x0000000084000000|  0%| F|  |TAMS 0x0000000083f00000, 0x0000000083f00000| Untracked 
|  64|0x0000000084000000, 0x0000000084000000, 0x0000000084100000|  0%| F|  |TAMS 0x0000000084000000, 0x0000000084000000| Untracked 
|  65|0x0000000084100000, 0x0000000084100000, 0x0000000084200000|  0%| F|  |TAMS 0x0000000084100000, 0x0000000084100000| Untracked 
|  66|0x0000000084200000, 0x0000000084200000, 0x0000000084300000|  0%| F|  |TAMS 0x0000000084200000, 0x0000000084200000| Untracked 
|  67|0x0000000084300000, 0x0000000084300000, 0x0000000084400000|  0%| F|  |TAMS 0x0000000084300000, 0x0000000084300000| Untracked 
|  68|0x0000000084400000, 0x0000000084400000, 0x0000000084500000|  0%| F|  |TAMS 0x0000000084400000, 0x0000000084400000| Untracked 
|  69|0x0000000084500000, 0x0000000084500000, 0x0000000084600000|  0%| F|  |TAMS 0x0000000084500000, 0x0000000084500000| Untracked 
|  70|0x0000000084600000, 0x0000000084600000, 0x0000000084700000|  0%| F|  |TAMS 0x0000000084600000, 0x0000000084600000| Untracked 
|  71|0x0000000084700000, 0x0000000084700000, 0x0000000084800000|  0%| F|  |TAMS 0x0000000084700000, 0x0000000084700000| Untracked 
|  72|0x0000000084800000, 0x0000000084800000, 0x0000000084900000|  0%| F|  |TAMS 0x0000000084800000, 0x0000000084800000| Untracked 
|  73|0x0000000084900000, 0x0000000084900000, 0x0000000084a00000|  0%| F|  |TAMS 0x0000000084900000, 0x0000000084900000| Untracked 
|  74|0x0000000084a00000, 0x0000000084a00000, 0x0000000084b00000|  0%| F|  |TAMS 0x0000000084a00000, 0x0000000084a00000| Untracked 
|  75|0x0000000084b00000, 0x0000000084b00000, 0x0000000084c00000|  0%| F|  |TAMS 0x0000000084b00000, 0x0000000084b00000| Untracked 
|  76|0x0000000084c00000, 0x0000000084c00000, 0x0000000084d00000|  0%| F|  |TAMS 0x0000000084c00000, 0x0000000084c00000| Untracked 
|  77|0x0000000084d00000, 0x0000000084d00000, 0x0000000084e00000|  0%| F|  |TAMS 0x0000000084d00000, 0x0000000084d00000| Untracked 
|  78|0x0000000084e00000, 0x0000000084e00000, 0x0000000084f00000|  0%| F|  |TAMS 0x0000000084e00000, 0x0000000084e00000| Untracked 
|  79|0x0000000084f00000, 0x0000000084f00000, 0x0000000085000000|  0%| F|  |TAMS 0x0000000084f00000, 0x0000000084f00000| Untracked 
|  80|0x0000000085000000, 0x0000000085000000, 0x0000000085100000|  0%| F|  |TAMS 0x0000000085000000, 0x0000000085000000| Untracked 
|  81|0x0000000085100000, 0x0000000085100000, 0x0000000085200000|  0%| F|  |TAMS 0x0000000085100000, 0x0000000085100000| Untracked 
|  82|0x0000000085200000, 0x0000000085200000, 0x0000000085300000|  0%| F|  |TAMS 0x0000000085200000, 0x0000000085200000| Untracked 
|  83|0x0000000085300000, 0x0000000085300000, 0x0000000085400000|  0%| F|  |TAMS 0x0000000085300000, 0x0000000085300000| Untracked 
|  84|0x0000000085400000, 0x0000000085400000, 0x0000000085500000|  0%| F|  |TAMS 0x0000000085400000, 0x0000000085400000| Untracked 
|  85|0x0000000085500000, 0x0000000085500000, 0x0000000085600000|  0%| F|  |TAMS 0x0000000085500000, 0x0000000085500000| Untracked 
|  86|0x0000000085600000, 0x0000000085600000, 0x0000000085700000|  0%| F|  |TAMS 0x0000000085600000, 0x0000000085600000| Untracked 
|  87|0x0000000085700000, 0x0000000085700000, 0x0000000085800000|  0%| F|  |TAMS 0x0000000085700000, 0x0000000085700000| Untracked 
|  88|0x0000000085800000, 0x0000000085800000, 0x0000000085900000|  0%| F|  |TAMS 0x0000000085800000, 0x0000000085800000| Untracked 
|  89|0x0000000085900000, 0x0000000085900000, 0x0000000085a00000|  0%| F|  |TAMS 0x0000000085900000, 0x0000000085900000| Untracked 
|  90|0x0000000085a00000, 0x0000000085a00000, 0x0000000085b00000|  0%| F|  |TAMS 0x0000000085a00000, 0x0000000085a00000| Untracked 
|  91|0x0000000085b00000, 0x0000000085b00000, 0x0000000085c00000|  0%| F|  |TAMS 0x0000000085b00000, 0x0000000085b00000| Untracked 
|  92|0x0000000085c00000, 0x0000000085c00000, 0x0000000085d00000|  0%| F|  |TAMS 0x0000000085c00000, 0x0000000085c00000| Untracked 
|  93|0x0000000085d00000, 0x0000000085d00000, 0x0000000085e00000|  0%| F|  |TAMS 0x0000000085d00000, 0x0000000085d00000| Untracked 
|  94|0x0000000085e00000, 0x0000000085e00000, 0x0000000085f00000|  0%| F|  |TAMS 0x0000000085e00000, 0x0000000085e00000| Untracked 
|  95|0x0000000085f00000, 0x0000000085f00000, 0x0000000086000000|  0%| F|  |TAMS 0x0000000085f00000, 0x0000000085f00000| Untracked 
|  96|0x0000000086000000, 0x0000000086000000, 0x0000000086100000|  0%| F|  |TAMS 0x0000000086000000, 0x0000000086000000| Untracked 
|  97|0x0000000086100000, 0x0000000086100000, 0x0000000086200000|  0%| F|  |TAMS 0x0000000086100000, 0x0000000086100000| Untracked 
|  98|0x0000000086200000, 0x0000000086200000, 0x0000000086300000|  0%| F|  |TAMS 0x0000000086200000, 0x0000000086200000| Untracked 
|  99|0x0000000086300000, 0x0000000086300000, 0x0000000086400000|  0%| F|  |TAMS 0x0000000086300000, 0x0000000086300000| Untracked 
| 100|0x0000000086400000, 0x00000000864053c0, 0x0000000086500000|  2%| E|  |TAMS 0x0000000086400000, 0x0000000086400000| Complete 
| 101|0x0000000086500000, 0x0000000086600000, 0x0000000086600000|100%| E|CS|TAMS 0x0000000086500000, 0x0000000086500000| Complete 
| 102|0x0000000086600000, 0x0000000086700000, 0x0000000086700000|100%| E|CS|TAMS 0x0000000086600000, 0x0000000086600000| Complete 
| 103|0x0000000086700000, 0x0000000086800000, 0x0000000086800000|100%| E|CS|TAMS 0x0000000086700000, 0x0000000086700000| Complete 
| 104|0x0000000086800000, 0x0000000086830eb8, 0x0000000086900000| 19%| S|CS|TAMS 0x0000000086800000, 0x0000000086800000| Complete 
| 105|0x0000000086900000, 0x0000000086a00000, 0x0000000086a00000|100%| S|CS|TAMS 0x0000000086900000, 0x0000000086900000| Complete 
| 106|0x0000000086a00000, 0x0000000086b00000, 0x0000000086b00000|100%| S|CS|TAMS 0x0000000086a00000, 0x0000000086a00000| Complete 
| 107|0x0000000086b00000, 0x0000000086c00000, 0x0000000086c00000|100%| E|CS|TAMS 0x0000000086b00000, 0x0000000086b00000| Complete 
| 108|0x0000000086c00000, 0x0000000086d00000, 0x0000000086d00000|100%| E|CS|TAMS 0x0000000086c00000, 0x0000000086c00000| Complete 
| 109|0x0000000086d00000, 0x0000000086e00000, 0x0000000086e00000|100%| E|CS|TAMS 0x0000000086d00000, 0x0000000086d00000| Complete 
| 110|0x0000000086e00000, 0x0000000086f00000, 0x0000000086f00000|100%| E|CS|TAMS 0x0000000086e00000, 0x0000000086e00000| Complete 
| 111|0x0000000086f00000, 0x0000000087000000, 0x0000000087000000|100%| E|CS|TAMS 0x0000000086f00000, 0x0000000086f00000| Complete 
| 112|0x0000000087000000, 0x0000000087100000, 0x0000000087100000|100%| E|CS|TAMS 0x0000000087000000, 0x0000000087000000| Complete 
| 113|0x0000000087100000, 0x0000000087200000, 0x0000000087200000|100%| E|CS|TAMS 0x0000000087100000, 0x0000000087100000| Complete 
| 114|0x0000000087200000, 0x0000000087300000, 0x0000000087300000|100%| E|CS|TAMS 0x0000000087200000, 0x0000000087200000| Complete 
| 115|0x0000000087300000, 0x0000000087400000, 0x0000000087400000|100%| E|CS|TAMS 0x0000000087300000, 0x0000000087300000| Complete 
| 116|0x0000000087400000, 0x0000000087500000, 0x0000000087500000|100%| E|CS|TAMS 0x0000000087400000, 0x0000000087400000| Complete 
| 117|0x0000000087500000, 0x0000000087600000, 0x0000000087600000|100%| E|CS|TAMS 0x0000000087500000, 0x0000000087500000| Complete 
| 118|0x0000000087600000, 0x0000000087700000, 0x0000000087700000|100%| E|CS|TAMS 0x0000000087600000, 0x0000000087600000| Complete 
| 119|0x0000000087700000, 0x0000000087800000, 0x0000000087800000|100%| E|CS|TAMS 0x0000000087700000, 0x0000000087700000| Complete 
| 120|0x0000000087800000, 0x0000000087900000, 0x0000000087900000|100%| E|CS|TAMS 0x0000000087800000, 0x0000000087800000| Complete 
| 121|0x0000000087900000, 0x0000000087a00000, 0x0000000087a00000|100%| E|CS|TAMS 0x0000000087900000, 0x0000000087900000| Complete 
| 122|0x0000000087a00000, 0x0000000087b00000, 0x0000000087b00000|100%| E|CS|TAMS 0x0000000087a00000, 0x0000000087a00000| Complete 
| 123|0x0000000087b00000, 0x0000000087c00000, 0x0000000087c00000|100%| E|CS|TAMS 0x0000000087b00000, 0x0000000087b00000| Complete 
| 124|0x0000000087c00000, 0x0000000087d00000, 0x0000000087d00000|100%| E|CS|TAMS 0x0000000087c00000, 0x0000000087c00000| Complete 
| 125|0x0000000087d00000, 0x0000000087e00000, 0x0000000087e00000|100%| E|CS|TAMS 0x0000000087d00000, 0x0000000087d00000| Complete 
| 126|0x0000000087e00000, 0x0000000087f00000, 0x0000000087f00000|100%| E|CS|TAMS 0x0000000087e00000, 0x0000000087e00000| Complete 
| 127|0x0000000087f00000, 0x0000000088000000, 0x0000000088000000|100%| E|CS|TAMS 0x0000000087f00000, 0x0000000087f00000| Complete 
| 128|0x0000000088000000, 0x0000000088100000, 0x0000000088100000|100%| E|CS|TAMS 0x0000000088000000, 0x0000000088000000| Complete 
| 129|0x0000000088100000, 0x0000000088200000, 0x0000000088200000|100%| E|CS|TAMS 0x0000000088100000, 0x0000000088100000| Complete 
| 130|0x0000000088200000, 0x0000000088300000, 0x0000000088300000|100%| E|CS|TAMS 0x0000000088200000, 0x0000000088200000| Complete 
| 131|0x0000000088300000, 0x0000000088400000, 0x0000000088400000|100%| E|CS|TAMS 0x0000000088300000, 0x0000000088300000| Complete 
| 132|0x0000000088400000, 0x0000000088500000, 0x0000000088500000|100%| E|CS|TAMS 0x0000000088400000, 0x0000000088400000| Complete 
| 133|0x0000000088500000, 0x0000000088600000, 0x0000000088600000|100%| E|CS|TAMS 0x0000000088500000, 0x0000000088500000| Complete 
| 134|0x0000000088600000, 0x0000000088700000, 0x0000000088700000|100%| E|CS|TAMS 0x0000000088600000, 0x0000000088600000| Complete 
| 135|0x0000000088700000, 0x0000000088800000, 0x0000000088800000|100%| E|CS|TAMS 0x0000000088700000, 0x0000000088700000| Complete 
| 136|0x0000000088800000, 0x0000000088900000, 0x0000000088900000|100%| E|CS|TAMS 0x0000000088800000, 0x0000000088800000| Complete 

Card table byte_map: [0x00000256553c0000,0x00000256557c0000] _byte_map_base: 0x0000025654fc0000

Marking Bits (Prev, Next): (CMBitMap*) 0x0000025642b4cfe0, (CMBitMap*) 0x0000025642b4d020
 Prev Bits: [0x0000025655bc0000, 0x0000025657bc0000)
 Next Bits: [0x0000025657bc0000, 0x0000025659bc0000)

Polling page: 0x0000025640a20000

Metaspace:

Usage:
  Non-class:     63.35 MB used.
      Class:      9.87 MB used.
       Both:     73.22 MB used.

Virtual space:
  Non-class space:       64.00 MB reserved,      63.62 MB (>99%) committed,  1 nodes.
      Class space:        1.00 GB reserved,      10.12 MB ( <1%) committed,  1 nodes.
             Both:        1.06 GB reserved,      73.75 MB (  7%) committed. 

Chunk freelists:
   Non-Class:  368.00 KB
       Class:  5.83 MB
        Both:  6.19 MB

MaxMetaspaceSize: unlimited
CompressedClassSpaceSize: 1.00 GB
Initial GC threshold: 21.00 MB
Current GC threshold: 118.38 MB
CDS: off
MetaspaceReclaimPolicy: balanced
 - commit_granule_bytes: 65536.
 - commit_granule_words: 8192.
 - virtual_space_node_default_size: 8388608.
 - enlarge_chunks_in_place: 1.
 - new_chunks_are_fully_committed: 0.
 - uncommit_free_chunks: 1.
 - use_allocation_guard: 0.
 - handle_deallocations: 1.


Internal statistics:

num_allocs_failed_limit: 6.
num_arena_births: 634.
num_arena_deaths: 0.
num_vsnodes_births: 2.
num_vsnodes_deaths: 0.
num_space_committed: 1180.
num_space_uncommitted: 0.
num_chunks_returned_to_freelist: 6.
num_chunks_taken_from_freelist: 3188.
num_chunk_merges: 6.
num_chunk_splits: 2138.
num_chunks_enlarged: 1471.
num_inconsistent_stats: 0.

CodeHeap 'non-profiled nmethods': size=120000Kb used=4051Kb max_used=4051Kb free=115948Kb
 bounds [0x000002564da90000, 0x000002564de90000, 0x0000025654fc0000]
CodeHeap 'profiled nmethods': size=120000Kb used=12908Kb max_used=12908Kb free=107091Kb
 bounds [0x0000025645fc0000, 0x0000025646c60000, 0x000002564d4f0000]
CodeHeap 'non-nmethods': size=5760Kb used=2361Kb max_used=2417Kb free=3398Kb
 bounds [0x000002564d4f0000, 0x000002564d760000, 0x000002564da90000]
 total_blobs=7458 nmethods=6565 adapters=804
 compilation: enabled
              stopped_count=0, restarted_count=0
 full_count=0

Compilation events (20 events):
Event: 20.329 Thread 0x000002565c238890 7373       3       org.gradle.internal.ImmutableActionSet::access$400 (6 bytes)
Event: 20.330 Thread 0x000002565c238890 nmethod 7373 0x0000025646c53390 code [0x0000025646c53620, 0x0000025646c54348]
Event: 20.342 Thread 0x000002565c238890 7374       3       org.gradle.internal.ImmutableActionSet$SetWithManyActions::addOne (6 bytes)
Event: 20.343 Thread 0x000002565c238890 nmethod 7374 0x0000025646c54790 code [0x0000025646c549a0, 0x0000025646c54fe8]
Event: 20.344 Thread 0x000002565c238890 7375   !   3       kotlin.SynchronizedLazyImpl::getValue (92 bytes)
Event: 20.344 Thread 0x000002565c238890 nmethod 7375 0x0000025646c55210 code [0x0000025646c55440, 0x0000025646c55cd8]
Event: 20.348 Thread 0x000002565c238890 7376       3       java.lang.invoke.VarHandleInts$FieldInstanceReadWrite::compareAndSet (32 bytes)
Event: 20.349 Thread 0x000002565c238890 nmethod 7376 0x0000025646c56110 code [0x0000025646c56300, 0x0000025646c568a8]
Event: 20.369 Thread 0x000002565c238890 7377       3       com.android.build.api.artifact.impl.PropertyAdapter::from (19 bytes)
Event: 20.369 Thread 0x000002565c238890 nmethod 7377 0x0000025646c56b10 code [0x0000025646c56d40, 0x0000025646c57458]
Event: 20.374 Thread 0x000002565c238890 7378       1       com.android.build.api.artifact.impl.ArtifactContainer::getFinal (5 bytes)
Event: 20.374 Thread 0x000002565c238890 nmethod 7378 0x000002564de83e10 code [0x000002564de83fa0, 0x000002564de84078]
Event: 20.381 Thread 0x000002565c238890 7379       1       com.android.build.api.artifact.impl.ArtifactContainer::needInitialProducer (5 bytes)
Event: 20.381 Thread 0x000002565c238890 nmethod 7379 0x000002564de84110 code [0x000002564de842a0, 0x000002564de84378]
Event: 20.381 Thread 0x000002565c238890 7380       1       com.android.build.api.artifact.impl.ArtifactContainer::getInitialTaskProviders (5 bytes)
Event: 20.381 Thread 0x000002565c238890 nmethod 7380 0x000002564de84410 code [0x000002564de845a0, 0x000002564de84678]
Event: 20.382 Thread 0x000002565c238890 7381       1       com.android.build.api.artifact.impl.SingleArtifactContainer::access$getAgpProducer$p (5 bytes)
Event: 20.382 Thread 0x000002565c238890 nmethod 7381 0x000002564de84710 code [0x000002564de848a0, 0x000002564de84958]
Event: 20.382 Thread 0x000002565c238890 7382       1       com.android.build.api.component.impl.ComponentIdentityImpl::getName (5 bytes)
Event: 20.382 Thread 0x000002565c238890 nmethod 7382 0x000002564de84a10 code [0x000002564de84ba0, 0x000002564de84c78]

GC Heap History (20 events):
Event: 10.053 GC heap before
{Heap before GC invocations=15 (full 0):
 garbage-first heap   total 104448K, used 84554K [0x0000000080000000, 0x0000000100000000)
  region size 1024K, 49 young (50176K), 4 survivors (4096K)
 Metaspace       used 53223K, committed 53696K, reserved 1114112K
  class space    used 7059K, committed 7232K, reserved 1048576K
}
Event: 10.065 GC heap after
{Heap after GC invocations=16 (full 0):
 garbage-first heap   total 104448K, used 48449K [0x0000000080000000, 0x0000000100000000)
  region size 1024K, 7 young (7168K), 7 survivors (7168K)
 Metaspace       used 53223K, committed 53696K, reserved 1114112K
  class space    used 7059K, committed 7232K, reserved 1048576K
}
Event: 11.049 GC heap before
{Heap before GC invocations=16 (full 0):
 garbage-first heap   total 104448K, used 79169K [0x0000000080000000, 0x0000000100000000)
  region size 1024K, 36 young (36864K), 7 survivors (7168K)
 Metaspace       used 55795K, committed 56256K, reserved 1114112K
  class space    used 7427K, committed 7616K, reserved 1048576K
}
Event: 11.055 GC heap after
{Heap after GC invocations=17 (full 0):
 garbage-first heap   total 104448K, used 51634K [0x0000000080000000, 0x0000000100000000)
  region size 1024K, 2 young (2048K), 2 survivors (2048K)
 Metaspace       used 55795K, committed 56256K, reserved 1114112K
  class space    used 7427K, committed 7616K, reserved 1048576K
}
Event: 11.434 GC heap before
{Heap before GC invocations=17 (full 0):
 garbage-first heap   total 104448K, used 81330K [0x0000000080000000, 0x0000000100000000)
  region size 1024K, 31 young (31744K), 2 survivors (2048K)
 Metaspace       used 59261K, committed 59712K, reserved 1114112K
  class space    used 7841K, committed 8064K, reserved 1048576K
}
Event: 11.439 GC heap after
{Heap after GC invocations=18 (full 0):
 garbage-first heap   total 104448K, used 51872K [0x0000000080000000, 0x0000000100000000)
  region size 1024K, 2 young (2048K), 2 survivors (2048K)
 Metaspace       used 59261K, committed 59712K, reserved 1114112K
  class space    used 7841K, committed 8064K, reserved 1048576K
}
Event: 12.500 GC heap before
{Heap before GC invocations=19 (full 0):
 garbage-first heap   total 104448K, used 82592K [0x0000000080000000, 0x0000000100000000)
  region size 1024K, 32 young (32768K), 2 survivors (2048K)
 Metaspace       used 62447K, committed 62912K, reserved 1114112K
  class space    used 8267K, committed 8448K, reserved 1048576K
}
Event: 12.505 GC heap after
{Heap after GC invocations=20 (full 0):
 garbage-first heap   total 104448K, used 53261K [0x0000000080000000, 0x0000000100000000)
  region size 1024K, 4 young (4096K), 4 survivors (4096K)
 Metaspace       used 62447K, committed 62912K, reserved 1114112K
  class space    used 8267K, committed 8448K, reserved 1048576K
}
Event: 13.664 GC heap before
{Heap before GC invocations=20 (full 0):
 garbage-first heap   total 104448K, used 67597K [0x0000000080000000, 0x0000000100000000)
  region size 1024K, 20 young (20480K), 4 survivors (4096K)
 Metaspace       used 65677K, committed 66240K, reserved 1114112K
  class space    used 8670K, committed 8896K, reserved 1048576K
}
Event: 13.670 GC heap after
{Heap after GC invocations=21 (full 0):
 garbage-first heap   total 104448K, used 54920K [0x0000000080000000, 0x0000000100000000)
  region size 1024K, 4 young (4096K), 4 survivors (4096K)
 Metaspace       used 65677K, committed 66240K, reserved 1114112K
  class space    used 8670K, committed 8896K, reserved 1048576K
}
Event: 14.527 GC heap before
{Heap before GC invocations=22 (full 0):
 garbage-first heap   total 114688K, used 89736K [0x0000000080000000, 0x0000000100000000)
  region size 1024K, 32 young (32768K), 4 survivors (4096K)
 Metaspace       used 67065K, committed 67584K, reserved 1114112K
  class space    used 8853K, committed 9088K, reserved 1048576K
}
Event: 14.536 GC heap after
{Heap after GC invocations=23 (full 0):
 garbage-first heap   total 114688K, used 57979K [0x0000000080000000, 0x0000000100000000)
  region size 1024K, 4 young (4096K), 4 survivors (4096K)
 Metaspace       used 67065K, committed 67584K, reserved 1114112K
  class space    used 8853K, committed 9088K, reserved 1048576K
}
Event: 16.054 GC heap before
{Heap before GC invocations=23 (full 0):
 garbage-first heap   total 114688K, used 89723K [0x0000000080000000, 0x0000000100000000)
  region size 1024K, 35 young (35840K), 4 survivors (4096K)
 Metaspace       used 69527K, committed 70144K, reserved 1114112K
  class space    used 9162K, committed 9472K, reserved 1048576K
}
Event: 16.062 GC heap after
{Heap after GC invocations=24 (full 0):
 garbage-first heap   total 114688K, used 60144K [0x0000000080000000, 0x0000000100000000)
  region size 1024K, 5 young (5120K), 5 survivors (5120K)
 Metaspace       used 69527K, committed 70144K, reserved 1114112K
  class space    used 9162K, committed 9472K, reserved 1048576K
}
Event: 17.680 GC heap before
{Heap before GC invocations=25 (full 0):
 garbage-first heap   total 114688K, used 90864K [0x0000000080000000, 0x0000000100000000)
  region size 1024K, 35 young (35840K), 5 survivors (5120K)
 Metaspace       used 69949K, committed 70528K, reserved 1114112K
  class space    used 9250K, committed 9536K, reserved 1048576K
}
Event: 17.689 GC heap after
{Heap after GC invocations=26 (full 0):
 garbage-first heap   total 114688K, used 62320K [0x0000000080000000, 0x0000000100000000)
  region size 1024K, 5 young (5120K), 5 survivors (5120K)
 Metaspace       used 69949K, committed 70528K, reserved 1114112K
  class space    used 9250K, committed 9536K, reserved 1048576K
}
Event: 18.420 GC heap before
{Heap before GC invocations=26 (full 0):
 garbage-first heap   total 114688K, used 92016K [0x0000000080000000, 0x0000000100000000)
  region size 1024K, 34 young (34816K), 5 survivors (5120K)
 Metaspace       used 71856K, committed 72448K, reserved 1114112K
  class space    used 9512K, committed 9792K, reserved 1048576K
}
Event: 18.431 GC heap after
{Heap after GC invocations=27 (full 0):
 garbage-first heap   total 114688K, used 63950K [0x0000000080000000, 0x0000000100000000)
  region size 1024K, 5 young (5120K), 5 survivors (5120K)
 Metaspace       used 71856K, committed 72448K, reserved 1114112K
  class space    used 9512K, committed 9792K, reserved 1048576K
}
Event: 18.626 GC heap before
{Heap before GC invocations=28 (full 0):
 garbage-first heap   total 116736K, used 70094K [0x0000000080000000, 0x0000000100000000)
  region size 1024K, 12 young (12288K), 5 survivors (5120K)
 Metaspace       used 72359K, committed 72896K, reserved 1114112K
  class space    used 9576K, committed 9856K, reserved 1048576K
}
Event: 18.633 GC heap after
{Heap after GC invocations=29 (full 0):
 garbage-first heap   total 140288K, used 64434K [0x0000000080000000, 0x0000000100000000)
  region size 1024K, 3 young (3072K), 3 survivors (3072K)
 Metaspace       used 72359K, committed 72896K, reserved 1114112K
  class space    used 9576K, committed 9856K, reserved 1048576K
}

Dll operation events (3 events):
Event: 0.016 Loaded shared library C:\Program Files\Android\Android Studio\jbr\bin\java.dll
Event: 0.224 Loaded shared library C:\Program Files\Android\Android Studio\jbr\bin\zip.dll
Event: 0.655 Loaded shared library C:\Program Files\Android\Android Studio\jbr\bin\verify.dll

Deoptimization events (20 events):
Event: 18.782 Thread 0x0000025663a6dd00 Uncommon trap: trap_request=0xffffff45 fr.pc=0x000002564dc9c7dc relative=0x000000000000013c
Event: 18.782 Thread 0x0000025663a6dd00 Uncommon trap: reason=unstable_if action=reinterpret pc=0x000002564dc9c7dc method=java.lang.AbstractStringBuilder.appendChars(Ljava/lang/String;II)V @ 11 c2
Event: 18.782 Thread 0x0000025663a6dd00 DEOPT PACKING pc=0x000002564dc9c7dc sp=0x000000dbf1af7290
Event: 18.782 Thread 0x0000025663a6dd00 DEOPT UNPACKING pc=0x000002564d5469a3 sp=0x000000dbf1af7240 mode 2
Event: 18.782 Thread 0x0000025663a6dd00 Uncommon trap: trap_request=0xffffff45 fr.pc=0x000002564da9dd38 relative=0x0000000000000038
Event: 18.782 Thread 0x0000025663a6dd00 Uncommon trap: reason=unstable_if action=reinterpret pc=0x000002564da9dd38 method=java.lang.StringLatin1.canEncode(I)Z @ 4 c2
Event: 18.782 Thread 0x0000025663a6dd00 DEOPT PACKING pc=0x000002564da9dd38 sp=0x000000dbf1af7250
Event: 18.782 Thread 0x0000025663a6dd00 DEOPT UNPACKING pc=0x000002564d5469a3 sp=0x000000dbf1af71e0 mode 2
Event: 18.783 Thread 0x0000025663a6dd00 Uncommon trap: trap_request=0xffffff45 fr.pc=0x000002564dae0e00 relative=0x00000000000004c0
Event: 18.783 Thread 0x0000025663a6dd00 Uncommon trap: reason=unstable_if action=reinterpret pc=0x000002564dae0e00 method=java.lang.AbstractStringBuilder.putStringAt(ILjava/lang/String;II)V @ 8 c2
Event: 18.783 Thread 0x0000025663a6dd00 DEOPT PACKING pc=0x000002564dae0e00 sp=0x000000dbf1af7370
Event: 18.783 Thread 0x0000025663a6dd00 DEOPT UNPACKING pc=0x000002564d5469a3 sp=0x000000dbf1af7250 mode 2
Event: 18.783 Thread 0x0000025663a6dd00 Uncommon trap: trap_request=0xffffff45 fr.pc=0x000002564dad0f70 relative=0x00000000000000f0
Event: 18.783 Thread 0x0000025663a6dd00 Uncommon trap: reason=unstable_if action=reinterpret pc=0x000002564dad0f70 method=java.lang.String.getBytes([BIIBI)V @ 6 c2
Event: 18.783 Thread 0x0000025663a6dd00 DEOPT PACKING pc=0x000002564dad0f70 sp=0x000000dbf1af71f0
Event: 18.783 Thread 0x0000025663a6dd00 DEOPT UNPACKING pc=0x000002564d5469a3 sp=0x000000dbf1af71b8 mode 2
Event: 18.783 Thread 0x0000025663a6dd00 Uncommon trap: trap_request=0xffffff45 fr.pc=0x000002564dad0ac8 relative=0x0000000000000128
Event: 18.783 Thread 0x0000025663a6dd00 Uncommon trap: reason=unstable_if action=reinterpret pc=0x000002564dad0ac8 method=java.lang.AbstractStringBuilder.putStringAt(ILjava/lang/String;II)V @ 8 c2
Event: 18.783 Thread 0x0000025663a6dd00 DEOPT PACKING pc=0x000002564dad0ac8 sp=0x000000dbf1af7280
Event: 18.783 Thread 0x0000025663a6dd00 DEOPT UNPACKING pc=0x000002564d5469a3 sp=0x000000dbf1af7220 mode 2

Classes unloaded (0 events):
No events

Classes redefined (0 events):
No events

Internal exceptions (20 events):
Event: 17.583 Thread 0x0000025663a6dd00 Exception <a 'java/lang/ClassNotFoundException'{0x0000000085584a20}: org/gradle/api/internal/FactoryNamedDomainObjectContainer_DecoratedBeanInfo> (0x0000000085584a20) 
thrown [s\src\hotspot\share\classfile\systemDictionary.cpp, line 256]
Event: 17.584 Thread 0x0000025663a6dd00 Exception <a 'java/lang/ClassNotFoundException'{0x000000008559afc8}: org/gradle/api/internal/FactoryNamedDomainObjectContainerBeanInfo> (0x000000008559afc8) 
thrown [s\src\hotspot\share\classfile\systemDictionary.cpp, line 256]
Event: 17.585 Thread 0x0000025663a6dd00 Exception <a 'java/lang/ClassNotFoundException'{0x00000000855b1568}: org/gradle/api/internal/AbstractNamedDomainObjectContainerBeanInfo> (0x00000000855b1568) 
thrown [s\src\hotspot\share\classfile\systemDictionary.cpp, line 256]
Event: 17.586 Thread 0x0000025663a6dd00 Exception <a 'java/lang/ClassNotFoundException'{0x00000000855c7950}: org/gradle/api/internal/DefaultNamedDomainObjectSetBeanInfo> (0x00000000855c7950) 
thrown [s\src\hotspot\share\classfile\systemDictionary.cpp, line 256]
Event: 17.590 Thread 0x0000025663a6dd00 Exception <a 'java/lang/ClassNotFoundException'{0x00000000855ddd00}: org/gradle/api/internal/DefaultNamedDomainObjectSetCustomizer> (0x00000000855ddd00) 
thrown [s\src\hotspot\share\classfile\systemDictionary.cpp, line 256]
Event: 17.595 Thread 0x0000025663a6dd00 Exception <a 'java/lang/ClassNotFoundException'{0x000000008540d958}: org/gradle/api/internal/AbstractNamedDomainObjectContainerCustomizer> (0x000000008540d958) 
thrown [s\src\hotspot\share\classfile\systemDictionary.cpp, line 256]
Event: 17.600 Thread 0x0000025663a6dd00 Exception <a 'java/lang/ClassNotFoundException'{0x0000000085437668}: org/gradle/api/internal/FactoryNamedDomainObjectContainerCustomizer> (0x0000000085437668) 
thrown [s\src\hotspot\share\classfile\systemDictionary.cpp, line 256]
Event: 17.602 Thread 0x0000025663a6dd00 Exception <a 'java/lang/ClassNotFoundException'{0x00000000854571b0}: org/gradle/api/internal/FactoryNamedDomainObjectContainer_DecoratedCustomizer> (0x00000000854571b0) 
thrown [s\src\hotspot\share\classfile\systemDictionary.cpp, line 256]
Event: 17.830 Thread 0x0000025663a6dd00 Exception <a 'java/lang/ClassNotFoundException'{0x0000000086c91958}: com/android/build/gradle/internal/dsl/BuildType$AgpDecorated_DecoratedBeanInfo> (0x0000000086c91958) 
thrown [s\src\hotspot\share\classfile\systemDictionary.cpp, line 256]
Event: 17.834 Thread 0x0000025663a6dd00 Exception <a 'java/lang/ClassNotFoundException'{0x0000000086c9f418}: com/android/build/gradle/internal/dsl/BuildType$AgpDecoratedBeanInfo> (0x0000000086c9f418) 
thrown [s\src\hotspot\share\classfile\systemDictionary.cpp, line 256]
Event: 17.834 Thread 0x0000025663a6dd00 Exception <a 'java/lang/ClassNotFoundException'{0x0000000086cacd58}: com/android/build/gradle/internal/dsl/BuildTypeBeanInfo> (0x0000000086cacd58) 
thrown [s\src\hotspot\share\classfile\systemDictionary.cpp, line 256]
Event: 17.835 Thread 0x0000025663a6dd00 Exception <a 'java/lang/ClassNotFoundException'{0x0000000086cba460}: com/android/builder/core/AbstractBuildTypeBeanInfo> (0x0000000086cba460) 
thrown [s\src\hotspot\share\classfile\systemDictionary.cpp, line 256]
Event: 17.836 Thread 0x0000025663a6dd00 Exception <a 'java/lang/ClassNotFoundException'{0x0000000086cc7b58}: com/android/builder/core/AbstractBuildTypeCustomizer> (0x0000000086cc7b58) 
thrown [s\src\hotspot\share\classfile\systemDictionary.cpp, line 256]
Event: 17.838 Thread 0x0000025663a6dd00 Exception <a 'java/lang/ClassNotFoundException'{0x0000000086cf1cb0}: com/android/build/gradle/internal/dsl/BuildTypeCustomizer> (0x0000000086cf1cb0) 
thrown [s\src\hotspot\share\classfile\systemDictionary.cpp, line 256]
Event: 17.848 Thread 0x0000025663a6dd00 Exception <a 'java/lang/ClassNotFoundException'{0x0000000086b7b8d0}: com/android/build/gradle/internal/dsl/BuildType$AgpDecoratedCustomizer> (0x0000000086b7b8d0) 
thrown [s\src\hotspot\share\classfile\systemDictionary.cpp, line 256]
Event: 17.852 Thread 0x0000025663a6dd00 Exception <a 'java/lang/ClassNotFoundException'{0x0000000086bce3c0}: com/android/build/gradle/internal/dsl/BuildType$AgpDecorated_DecoratedCustomizer> (0x0000000086bce3c0) 
thrown [s\src\hotspot\share\classfile\systemDictionary.cpp, line 256]
Event: 17.902 Thread 0x0000025663a6dd00 Exception <a 'java/lang/ClassNotFoundException'{0x0000000086aabf90}: build_1in1g9ujgnyc8yxxvb3nxdfhr$_run_closure1$_closure5BeanInfo> (0x0000000086aabf90) 
thrown [s\src\hotspot\share\classfile\systemDictionary.cpp, line 256]
Event: 17.906 Thread 0x0000025663a6dd00 Exception <a 'java/lang/ClassNotFoundException'{0x0000000086ab6860}: build_1in1g9ujgnyc8yxxvb3nxdfhr$_run_closure1$_closure5Customizer> (0x0000000086ab6860) 
thrown [s\src\hotspot\share\classfile\systemDictionary.cpp, line 256]
Event: 17.909 Thread 0x0000025663a6dd00 Exception <a 'java/lang/ClassNotFoundException'{0x0000000086ada4e8}: build_1in1g9ujgnyc8yxxvb3nxdfhr$_run_closure1BeanInfo> (0x0000000086ada4e8) 
thrown [s\src\hotspot\share\classfile\systemDictionary.cpp, line 256]
Event: 17.910 Thread 0x0000025663a6dd00 Exception <a 'java/lang/ClassNotFoundException'{0x0000000086ae5238}: build_1in1g9ujgnyc8yxxvb3nxdfhr$_run_closure1Customizer> (0x0000000086ae5238) 
thrown [s\src\hotspot\share\classfile\systemDictionary.cpp, line 256]

VM Operations (20 events):
Event: 16.170 Executing VM operation: G1Concurrent
Event: 16.276 Executing VM operation: G1Concurrent done
Event: 16.321 Executing VM operation: G1Concurrent
Event: 16.325 Executing VM operation: G1Concurrent done
Event: 17.328 Executing VM operation: Cleanup
Event: 17.366 Executing VM operation: Cleanup done
Event: 17.680 Executing VM operation: G1CollectForAllocation
Event: 17.689 Executing VM operation: G1CollectForAllocation done
Event: 18.010 Executing VM operation: HandshakeAllThreads
Event: 18.010 Executing VM operation: HandshakeAllThreads done
Event: 18.420 Executing VM operation: G1CollectForAllocation
Event: 18.437 Executing VM operation: G1CollectForAllocation done
Event: 18.560 Executing VM operation: G1Concurrent
Event: 18.565 Executing VM operation: G1Concurrent done
Event: 18.617 Executing VM operation: G1Concurrent
Event: 18.617 Executing VM operation: G1Concurrent done
Event: 18.626 Executing VM operation: G1TryInitiateConcMark
Event: 18.633 Executing VM operation: G1TryInitiateConcMark done
Event: 19.642 Executing VM operation: Cleanup
Event: 19.674 Executing VM operation: Cleanup done

Events (20 events):
Event: 17.003 Thread 0x0000025664da7e40 Thread added: 0x0000025664da7e40
Event: 17.182 Thread 0x0000025664da7e40 Thread exited: 0x0000025664da7e40
Event: 17.376 Thread 0x0000025664da7e40 Thread added: 0x0000025664da7e40
Event: 17.400 loading class java/beans/IntrospectionException
Event: 17.400 loading class java/beans/IntrospectionException done
Event: 17.479 loading class java/lang/EnumBeanInfo
Event: 17.479 loading class java/lang/EnumBeanInfo done
Event: 17.480 loading class java/lang/EnumBeanInfo
Event: 17.480 loading class java/lang/EnumBeanInfo done
Event: 17.480 loading class java/lang/EnumCustomizer
Event: 17.480 loading class java/lang/EnumCustomizer done
Event: 17.480 loading class java/lang/EnumCustomizer
Event: 17.480 loading class java/lang/EnumCustomizer done
Event: 18.648 loading class sun/reflect/generics/repository/FieldRepository
Event: 18.648 loading class sun/reflect/generics/repository/FieldRepository done
Event: 18.671 loading class jdk/internal/vm/annotation/ForceInline
Event: 18.671 loading class jdk/internal/vm/annotation/ForceInline done
Event: 18.783 loading class java/util/regex/Pattern$Caret
Event: 18.784 loading class java/util/regex/Pattern$Caret done
Event: 19.034 Thread 0x0000025664da7e40 Thread exited: 0x0000025664da7e40


Dynamic libraries:
0x00007ff76c610000 - 0x00007ff76c61a000 	C:\Program Files\Android\Android Studio\jbr\bin\java.exe
0x00007ff9bd4b0000 - 0x00007ff9bd6a8000 	C:\WINDOWS\SYSTEM32\ntdll.dll
0x00007ff9bc330000 - 0x00007ff9bc3ed000 	C:\WINDOWS\System32\KERNEL32.DLL
0x00007ff9baeb0000 - 0x00007ff9bb1a6000 	C:\WINDOWS\System32\KERNELBASE.dll
0x00007ff9b8370000 - 0x00007ff9b8400000 	C:\WINDOWS\SYSTEM32\apphelp.dll
0x00007ff9bace0000 - 0x00007ff9bade0000 	C:\WINDOWS\System32\ucrtbase.dll
0x00007ff9b1130000 - 0x00007ff9b114b000 	C:\Program Files\Android\Android Studio\jbr\bin\VCRUNTIME140.dll
0x00007ff9a4440000 - 0x00007ff9a4457000 	C:\Program Files\Android\Android Studio\jbr\bin\jli.dll
0x00007ff9bb510000 - 0x00007ff9bb6ae000 	C:\WINDOWS\System32\USER32.dll
0x00007ff9bb240000 - 0x00007ff9bb262000 	C:\WINDOWS\System32\win32u.dll
0x00007ff9bd2e0000 - 0x00007ff9bd30b000 	C:\WINDOWS\System32\GDI32.dll
0x00007ff9babc0000 - 0x00007ff9bacd7000 	C:\WINDOWS\System32\gdi32full.dll
0x00007ff9a6860000 - 0x00007ff9a6afa000 	C:\WINDOWS\WinSxS\amd64_microsoft.windows.common-controls_6595b64144ccf1df_6.0.19041.3636_none_60b6a03d71f818d5\COMCTL32.dll
0x00007ff9bae10000 - 0x00007ff9baead000 	C:\WINDOWS\System32\msvcp_win.dll
0x00007ff9bc170000 - 0x00007ff9bc20e000 	C:\WINDOWS\System32\msvcrt.dll
0x00007ff9bd040000 - 0x00007ff9bd072000 	C:\WINDOWS\System32\IMM32.DLL
0x00007ff9b43c0000 - 0x00007ff9b43cc000 	C:\Program Files\Android\Android Studio\jbr\bin\vcruntime140_1.dll
0x00007ff9a5fe0000 - 0x00007ff9a606d000 	C:\Program Files\Android\Android Studio\jbr\bin\msvcp140.dll
0x00007ff95d390000 - 0x00007ff95e010000 	C:\Program Files\Android\Android Studio\jbr\bin\server\jvm.dll
0x00007ff9bd310000 - 0x00007ff9bd3c3000 	C:\WINDOWS\System32\ADVAPI32.dll
0x00007ff9bd3d0000 - 0x00007ff9bd46f000 	C:\WINDOWS\System32\sechost.dll
0x00007ff9bbb00000 - 0x00007ff9bbc26000 	C:\WINDOWS\System32\RPCRT4.dll
0x00007ff9bade0000 - 0x00007ff9bae07000 	C:\WINDOWS\System32\bcrypt.dll
0x00007ff9a91f0000 - 0x00007ff9a91f9000 	C:\WINDOWS\SYSTEM32\WSOCK32.dll
0x00007ff9bbc30000 - 0x00007ff9bbc9b000 	C:\WINDOWS\System32\WS2_32.dll
0x00007ff9b1ef0000 - 0x00007ff9b1f17000 	C:\WINDOWS\SYSTEM32\WINMM.dll
0x00007ff9b1f20000 - 0x00007ff9b1f2a000 	C:\WINDOWS\SYSTEM32\VERSION.dll
0x00007ff9b8a20000 - 0x00007ff9b8a32000 	C:\WINDOWS\SYSTEM32\kernel.appcore.dll
0x00007ff9b36b0000 - 0x00007ff9b36ba000 	C:\Program Files\Android\Android Studio\jbr\bin\jimage.dll
0x00007ff9afca0000 - 0x00007ff9afe84000 	C:\WINDOWS\SYSTEM32\DBGHELP.DLL
0x00007ff9afa40000 - 0x00007ff9afa74000 	C:\WINDOWS\SYSTEM32\dbgcore.DLL
0x00007ff9bb1b0000 - 0x00007ff9bb232000 	C:\WINDOWS\System32\bcryptPrimitives.dll
0x00007ff9a5120000 - 0x00007ff9a512e000 	C:\Program Files\Android\Android Studio\jbr\bin\instrument.dll
0x00007ff9a9870000 - 0x00007ff9a9895000 	C:\Program Files\Android\Android Studio\jbr\bin\java.dll
0x00007ff9ab500000 - 0x00007ff9ab518000 	C:\Program Files\Android\Android Studio\jbr\bin\zip.dll
0x00007ff9bc6d0000 - 0x00007ff9bce15000 	C:\WINDOWS\System32\SHELL32.dll
0x00007ff9b8c20000 - 0x00007ff9b93bc000 	C:\WINDOWS\SYSTEM32\windows.storage.dll
0x00007ff9bb7a0000 - 0x00007ff9bbaf4000 	C:\WINDOWS\System32\combase.dll
0x00007ff9ba530000 - 0x00007ff9ba55e000 	C:\WINDOWS\SYSTEM32\Wldp.dll
0x00007ff9bd210000 - 0x00007ff9bd2dd000 	C:\WINDOWS\System32\OLEAUT32.dll
0x00007ff9bcf00000 - 0x00007ff9bcfad000 	C:\WINDOWS\System32\SHCORE.dll
0x00007ff9bd080000 - 0x00007ff9bd0d5000 	C:\WINDOWS\System32\shlwapi.dll
0x00007ff9baaa0000 - 0x00007ff9baac5000 	C:\WINDOWS\SYSTEM32\profapi.dll
0x00007ff9a5160000 - 0x00007ff9a5179000 	C:\Program Files\Android\Android Studio\jbr\bin\net.dll
0x00007ff9afa80000 - 0x00007ff9afb8a000 	C:\WINDOWS\SYSTEM32\WINHTTP.dll
0x00007ff9ba290000 - 0x00007ff9ba2fa000 	C:\WINDOWS\system32\mswsock.dll
0x00007ff9a5130000 - 0x00007ff9a5146000 	C:\Program Files\Android\Android Studio\jbr\bin\nio.dll
0x00007ff9ae260000 - 0x00007ff9ae270000 	C:\Program Files\Android\Android Studio\jbr\bin\verify.dll
0x00007ff9a3890000 - 0x00007ff9a38b7000 	C:\Users\kbeoum\.gradle\native\68d5fa5c4cc2d200863cafc0d521ce42e7d3e7ee720ec0a83991735586a16f82\windows-amd64\native-platform.dll
0x00007ff9a5ac0000 - 0x00007ff9a5c04000 	C:\Users\kbeoum\.gradle\native\e376f236ea51e6404a007f0833ffe2c6e607c4080706a723a18a27aeea778392\windows-amd64\native-platform-file-events.dll
0x00007ff9aabc0000 - 0x00007ff9aabc9000 	C:\Program Files\Android\Android Studio\jbr\bin\management.dll
0x00007ff9a9860000 - 0x00007ff9a986b000 	C:\Program Files\Android\Android Studio\jbr\bin\management_ext.dll
0x00007ff9bb6b0000 - 0x00007ff9bb6b8000 	C:\WINDOWS\System32\PSAPI.DLL
0x00007ff9ba480000 - 0x00007ff9ba498000 	C:\WINDOWS\SYSTEM32\CRYPTSP.dll
0x00007ff9b9b60000 - 0x00007ff9b9b94000 	C:\WINDOWS\system32\rsaenh.dll
0x00007ff9baa60000 - 0x00007ff9baa8e000 	C:\WINDOWS\SYSTEM32\USERENV.dll
0x00007ff9ba4a0000 - 0x00007ff9ba4ac000 	C:\WINDOWS\SYSTEM32\CRYPTBASE.dll
0x00007ff9b9f20000 - 0x00007ff9b9f5b000 	C:\WINDOWS\SYSTEM32\IPHLPAPI.DLL
0x00007ff9bc270000 - 0x00007ff9bc278000 	C:\WINDOWS\System32\NSI.dll
0x00007ff9b0280000 - 0x00007ff9b0297000 	C:\WINDOWS\SYSTEM32\dhcpcsvc6.DLL
0x00007ff9b0470000 - 0x00007ff9b048d000 	C:\WINDOWS\SYSTEM32\dhcpcsvc.DLL
0x00007ff9b9f60000 - 0x00007ff9ba02b000 	C:\WINDOWS\SYSTEM32\DNSAPI.dll
0x00007ff9757c0000 - 0x00007ff9757c7000 	C:\WINDOWS\system32\wshunix.dll

dbghelp: loaded successfully - version: 4.0.5 - missing functions: none
symbol engine: initialized successfully - sym options: 0x614 - pdb path: .;C:\Program Files\Android\Android Studio\jbr\bin;C:\WINDOWS\SYSTEM32;C:\WINDOWS\WinSxS\amd64_microsoft.windows.common-controls_6595b64144ccf1df_6.0.19041.3636_none_60b6a03d71f818d5;C:\Program Files\Android\Android Studio\jbr\bin\server;C:\Users\kbeoum\.gradle\native\68d5fa5c4cc2d200863cafc0d521ce42e7d3e7ee720ec0a83991735586a16f82\windows-amd64;C:\Users\kbeoum\.gradle\native\e376f236ea51e6404a007f0833ffe2c6e607c4080706a723a18a27aeea778392\windows-amd64

VM Arguments:
jvm_args: --add-opens=java.base/java.util=ALL-UNNAMED --add-opens=java.base/java.lang=ALL-UNNAMED --add-opens=java.base/java.lang.invoke=ALL-UNNAMED --add-opens=java.prefs/java.util.prefs=ALL-UNNAMED --add-opens=java.base/java.nio.charset=ALL-UNNAMED --add-opens=java.base/java.net=ALL-UNNAMED --add-opens=java.base/java.util.concurrent.atomic=ALL-UNNAMED -Xmx2048m -Dfile.encoding=UTF-8 -Duser.country=KR -Duser.language=ko -Duser.variant -javaagent:C:\Users\kbeoum\.gradle\wrapper\dists\gradle-8.2-bin\bbg7u40eoinfdyxsxr3z4i7ta\gradle-8.2\lib\agents\gradle-instrumentation-agent-8.2.jar 
java_command: org.gradle.launcher.daemon.bootstrap.GradleDaemon 8.2
java_class_path (initial): C:\Users\kbeoum\.gradle\wrapper\dists\gradle-8.2-bin\bbg7u40eoinfdyxsxr3z4i7ta\gradle-8.2\lib\gradle-launcher-8.2.jar
Launcher Type: SUN_STANDARD

[Global flags]
     intx CICompilerCount                          = 3                                         {product} {ergonomic}
     uint ConcGCThreads                            = 1                                         {product} {ergonomic}
     uint G1ConcRefinementThreads                  = 4                                         {product} {ergonomic}
   size_t G1HeapRegionSize                         = 1048576                                   {product} {ergonomic}
    uintx GCDrainStackTargetSize                   = 64                                        {product} {ergonomic}
   size_t InitialHeapSize                          = 134217728                                 {product} {ergonomic}
   size_t MarkStackSize                            = 4194304                                   {product} {ergonomic}
   size_t MaxHeapSize                              = 2147483648                                {product} {command line}
   size_t MaxNewSize                               = 1287651328                                {product} {ergonomic}
   size_t MinHeapDeltaBytes                        = 1048576                                   {product} {ergonomic}
   size_t MinHeapSize                              = 8388608                                   {product} {ergonomic}
    uintx NonNMethodCodeHeapSize                   = 5832780                                {pd product} {ergonomic}
    uintx NonProfiledCodeHeapSize                  = 122912730                              {pd product} {ergonomic}
    uintx ProfiledCodeHeapSize                     = 122912730                              {pd product} {ergonomic}
    uintx ReservedCodeCacheSize                    = 251658240                              {pd product} {ergonomic}
     bool SegmentedCodeCache                       = true                                      {product} {ergonomic}
   size_t SoftMaxHeapSize                          = 2147483648                             {manageable} {ergonomic}
     bool UseCompressedClassPointers               = true                           {product lp64_product} {ergonomic}
     bool UseCompressedOops                        = true                           {product lp64_product} {ergonomic}
     bool UseG1GC                                  = true                                      {product} {ergonomic}
     bool UseLargePagesIndividualAllocation        = false                                  {pd product} {ergonomic}

Logging:
Log output configuration:
 #0: stdout all=warning uptime,level,tags
 #1: stderr all=off uptime,level,tags

Environment Variables:
PATH=C:\WINDOWS\system32;C:\WINDOWS;C:\WINDOWS\System32\Wbem;C:\WINDOWS\System32\WindowsPowerShell\v1.0\;C:\WINDOWS\System32\OpenSSH\;C:\Program Files (x86)\ATI Technologies\ATI.ACE\Core-Static;C:\Program Files (x86)\ZeroTier\One\;C:\Program Files (x86)\PuTTY\;C:\Program Files\Bandizip\;C:\Users\kbeoum\AppData\Local\Microsoft\WindowsApps
USERNAME=kbeoum
OS=Windows_NT
PROCESSOR_IDENTIFIER=Intel64 Family 6 Model 58 Stepping 9, GenuineIntel
TMP=C:\Users\kbeoum\AppData\Local\Temp
TEMP=C:\Users\kbeoum\AppData\Local\Temp


JNI global refs:
JNI global refs: 27, weak refs: 3

JNI global refs memory usage: 843, weak refs: 841

OOME stack traces (most recent first):
Classloader memory used:
