#
# There is insufficient memory for the Java Runtime Environment to continue.
# Native memory allocation (malloc) failed to allocate 699536 bytes for Chunk::new
# Possible reasons:
#   The system is out of physical RAM or swap space
#   The process is running with CompressedOops enabled, and the Java Heap may be blocking the growth of the native heap
# Possible solutions:
#   Reduce memory load on the system
#   Increase physical memory or swap space
#   Check if swap backing store is full
#   Decrease Java heap size (-Xmx/-Xms)
#   Decrease number of Java threads
#   Decrease Java thread stack sizes (-Xss)
#   Set larger code cache with -XX:ReservedCodeCacheSize=
#   JVM is running with Unscaled Compressed Oops mode in which the Java heap is
#     placed in the first 4GB address space. The Java Heap base address is the
#     maximum limit for the native heap growth. Please use -XX:HeapBaseMinAddress
#     to set the Java Heap base and to place the Java Heap above 4GB virtual address.
# This output file may be truncated or incomplete.
#
#  Out of Memory Error (arena.cpp:189), pid=16228, tid=10260
#
# JRE version: OpenJDK Runtime Environment (17.0.7) (build 17.0.7+0-b2043.56-10550314)
# Java VM: OpenJDK 64-Bit Server VM (17.0.7+0-b2043.56-10550314, mixed mode, tiered, compressed oops, compressed class ptrs, g1 gc, windows-amd64)
# No core dump will be written. Minidumps are not enabled by default on client versions of Windows
#

---------------  S U M M A R Y ------------

Command Line: --add-opens=java.base/java.util=ALL-UNNAMED --add-opens=java.base/java.lang=ALL-UNNAMED --add-opens=java.base/java.lang.invoke=ALL-UNNAMED --add-opens=java.prefs/java.util.prefs=ALL-UNNAMED --add-opens=java.base/java.nio.charset=ALL-UNNAMED --add-opens=java.base/java.net=ALL-UNNAMED --add-opens=java.base/java.util.concurrent.atomic=ALL-UNNAMED -Xmx2048m -Dfile.encoding=UTF-8 -Duser.country=KR -Duser.language=ko -Duser.variant -javaagent:C:\Users\kbeoum\.gradle\wrapper\dists\gradle-8.2-bin\bbg7u40eoinfdyxsxr3z4i7ta\gradle-8.2\lib\agents\gradle-instrumentation-agent-8.2.jar org.gradle.launcher.daemon.bootstrap.GradleDaemon 8.2

Host: Intel(R) Core(TM) i5-3340M CPU @ 2.70GHz, 4 cores, 7G,  Windows 10 , 64 bit Build 19041 (10.0.19041.3636)
Time: Thu Aug 15 19:14:03 2024  Windows 10 , 64 bit Build 19041 (10.0.19041.3636) elapsed time: 55.300147 seconds (0d 0h 0m 55s)

---------------  T H R E A D  ---------------

Current thread (0x000002e7377bd0e0):  JavaThread "C2 CompilerThread1" daemon [_thread_in_native, id=10260, stack(0x000000fa06900000,0x000000fa06a00000)]


Current CompileTask:
C2:  55300 16678       4       com.android.tools.build.apkzlib.zip.StoredEntry::<init> (364 bytes)

Stack: [0x000000fa06900000,0x000000fa06a00000]
Native frames: (J=compiled Java code, j=interpreted, Vv=VM code, C=native code)
V  [jvm.dll+0x683bfa]
V  [jvm.dll+0x8430a4]
V  [jvm.dll+0x8449be]
V  [jvm.dll+0x845023]
V  [jvm.dll+0x24ad2f]
V  [jvm.dll+0xac25c]
V  [jvm.dll+0xac82c]
V  [jvm.dll+0x36a132]
V  [jvm.dll+0x334821]
V  [jvm.dll+0x333cca]
V  [jvm.dll+0x21d251]
V  [jvm.dll+0x21c671]
V  [jvm.dll+0x1a605d]
V  [jvm.dll+0x22c148]
V  [jvm.dll+0x22a209]
V  [jvm.dll+0x7f858c]
V  [jvm.dll+0x7f2aea]
V  [jvm.dll+0x682a35]
C  [ucrtbase.dll+0x21bb2]
C  [KERNEL32.DLL+0x17344]
C  [ntdll.dll+0x4cc91]


---------------  P R O C E S S  ---------------

Threads class SMR info:
_java_thread_list=0x000002e7337d0860, length=93, elements={
0x000002e712290510, 0x000002e72d7c4c20, 0x000002e72d7c5c20, 0x000002e72d7e6190,
0x000002e72d7e6c50, 0x000002e72d7e7b20, 0x000002e72d7e89f0, 0x000002e72d7e92b0,
0x000002e72da0b500, 0x000002e72da10a30, 0x000002e72dba3890, 0x000002e72dc3a590,
0x000002e73457dee0, 0x000002e733c91260, 0x000002e7343a7690, 0x000002e73313af80,
0x000002e732e67460, 0x000002e7343a45f0, 0x000002e7343a62d0, 0x000002e7343a32b0,
0x000002e7343a6c70, 0x000002e7343a4ac0, 0x000002e7343a5930, 0x000002e7343a5e00,
0x000002e7343a67a0, 0x000002e7358a40a0, 0x000002e7358a3bd0, 0x000002e7358a4a40,
0x000002e73589e530, 0x000002e7358a23c0, 0x000002e7358a2890, 0x000002e73589fd40,
0x000002e7358a4f10, 0x000002e7358a0bb0, 0x000002e7358a53e0, 0x000002e7358a58b0,
0x000002e7358a2d60, 0x000002e73589eed0, 0x000002e7358a3230, 0x000002e73589e060,
0x000002e73589f3a0, 0x000002e73589f870, 0x000002e7358a0210, 0x000002e7358a1080,
0x000002e7343a3780, 0x000002e7343a4120, 0x000002e73222eda0, 0x000002e73222df30,
0x000002e73222f270, 0x000002e7322300e0, 0x000002e73222e400, 0x000002e73222e8d0,
0x000002e73222c720, 0x000002e73222fc10, 0x000002e73222cbf0, 0x000002e73222d0c0,
0x000002e73222da60, 0x000002e73222f740, 0x000002e73530edf0, 0x000002e73530f2c0,
0x000002e7377bd0e0, 0x000002e73530b430, 0x000002e73530b900, 0x000002e73530a0f0,
0x000002e73530a5c0, 0x000002e73530c2a0, 0x000002e73530d110, 0x000002e735310ad0,
0x000002e73530c770, 0x000002e73530aa90, 0x000002e735309c20, 0x000002e73810ef00,
0x000002e73810e090, 0x000002e73810fd70, 0x000002e73810dbc0, 0x000002e738110be0,
0x000002e738110240, 0x000002e738110710, 0x000002e73810d6f0, 0x000002e73810e560,
0x000002e73810ea30, 0x000002e73810f3d0, 0x000002e73810f8a0, 0x000002e7343a4f90,
0x000002e736ff1c60, 0x000002e736fef110, 0x000002e736feff80, 0x000002e736ff1790,
0x000002e736ff0df0, 0x000002e736ff2600, 0x000002e736feddd0, 0x000002e736fee2a0,
0x000002e736ff12c0
}

Java Threads: ( => current thread )
  0x000002e712290510 JavaThread "main" [_thread_blocked, id=6204, stack(0x000000fa03700000,0x000000fa03800000)]
  0x000002e72d7c4c20 JavaThread "Reference Handler" daemon [_thread_blocked, id=12612, stack(0x000000fa03e00000,0x000000fa03f00000)]
  0x000002e72d7c5c20 JavaThread "Finalizer" daemon [_thread_blocked, id=11840, stack(0x000000fa03f00000,0x000000fa04000000)]
  0x000002e72d7e6190 JavaThread "Signal Dispatcher" daemon [_thread_blocked, id=10528, stack(0x000000fa04000000,0x000000fa04100000)]
  0x000002e72d7e6c50 JavaThread "Attach Listener" daemon [_thread_blocked, id=13584, stack(0x000000fa04100000,0x000000fa04200000)]
  0x000002e72d7e7b20 JavaThread "Service Thread" daemon [_thread_blocked, id=7144, stack(0x000000fa04200000,0x000000fa04300000)]
  0x000002e72d7e89f0 JavaThread "Monitor Deflation Thread" daemon [_thread_blocked, id=12240, stack(0x000000fa04300000,0x000000fa04400000)]
  0x000002e72d7e92b0 JavaThread "C2 CompilerThread0" daemon [_thread_in_native, id=13908, stack(0x000000fa04400000,0x000000fa04500000)]
  0x000002e72da0b500 JavaThread "C1 CompilerThread0" daemon [_thread_blocked, id=16192, stack(0x000000fa04500000,0x000000fa04600000)]
  0x000002e72da10a30 JavaThread "Sweeper thread" daemon [_thread_blocked, id=4820, stack(0x000000fa04600000,0x000000fa04700000)]
  0x000002e72dba3890 JavaThread "Common-Cleaner" daemon [_thread_blocked, id=2112, stack(0x000000fa04700000,0x000000fa04800000)]
  0x000002e72dc3a590 JavaThread "Notification Thread" daemon [_thread_blocked, id=13088, stack(0x000000fa04800000,0x000000fa04900000)]
  0x000002e73457dee0 JavaThread "Daemon health stats" [_thread_blocked, id=14908, stack(0x000000fa04e00000,0x000000fa04f00000)]
  0x000002e733c91260 JavaThread "Incoming local TCP Connector on port 3798" [_thread_in_native, id=220, stack(0x000000fa04a00000,0x000000fa04b00000)]
  0x000002e7343a7690 JavaThread "Daemon periodic checks" [_thread_blocked, id=15832, stack(0x000000fa04f00000,0x000000fa05000000)]
  0x000002e73313af80 JavaThread "Daemon" [_thread_blocked, id=16320, stack(0x000000fa05000000,0x000000fa05100000)]
  0x000002e732e67460 JavaThread "Daemon worker" [_thread_blocked, id=1004, stack(0x000000fa05300000,0x000000fa05400000)]
  0x000002e7343a45f0 JavaThread "Cache worker for journal cache (C:\Users\kbeoum\.gradle\caches\journal-1)" [_thread_blocked, id=10380, stack(0x000000fa05700000,0x000000fa05800000)]
  0x000002e7343a62d0 JavaThread "File lock request listener" [_thread_in_native, id=16820, stack(0x000000fa05800000,0x000000fa05900000)]
  0x000002e7343a32b0 JavaThread "Cache worker for file hash cache (C:\Users\kbeoum\.gradle\caches\8.2\fileHashes)" [_thread_blocked, id=8964, stack(0x000000fa05900000,0x000000fa05a00000)]
  0x000002e7343a6c70 JavaThread "File watcher server" daemon [_thread_in_native, id=12540, stack(0x000000fa05b00000,0x000000fa05c00000)]
  0x000002e7343a4ac0 JavaThread "File watcher consumer" daemon [_thread_blocked, id=17352, stack(0x000000fa05c00000,0x000000fa05d00000)]
  0x000002e7343a5930 JavaThread "Cache worker for file content cache (C:\Users\kbeoum\.gradle\caches\8.2\fileContent)" [_thread_blocked, id=17160, stack(0x000000fa05f00000,0x000000fa06000000)]
  0x000002e7343a5e00 JavaThread "Cache worker for execution history cache (C:\Users\kbeoum\.gradle\caches\8.2\executionHistory)" [_thread_blocked, id=12748, stack(0x000000fa05a00000,0x000000fa05b00000)]
  0x000002e7343a67a0 JavaThread "jar transforms" [_thread_blocked, id=5532, stack(0x000000fa06400000,0x000000fa06500000)]
  0x000002e7358a40a0 JavaThread "jar transforms Thread 2" [_thread_blocked, id=17356, stack(0x000000fa06500000,0x000000fa06600000)]
  0x000002e7358a3bd0 JavaThread "jar transforms Thread 3" [_thread_blocked, id=15880, stack(0x000000fa06600000,0x000000fa06700000)]
  0x000002e7358a4a40 JavaThread "jar transforms Thread 4" [_thread_blocked, id=12208, stack(0x000000fa06700000,0x000000fa06800000)]
  0x000002e73589e530 JavaThread "Memory manager" [_thread_blocked, id=12840, stack(0x000000fa06e00000,0x000000fa06f00000)]
  0x000002e7358a23c0 JavaThread "pool-3-thread-1" [_thread_blocked, id=14016, stack(0x000000fa06f00000,0x000000fa07000000)]
  0x000002e7358a2890 JavaThread "included builds" [_thread_blocked, id=2844, stack(0x000000fa07100000,0x000000fa07200000)]
  0x000002e73589fd40 JavaThread "Handler for socket connection from /127.0.0.1:3798 to /127.0.0.1:3800" [_thread_in_native, id=10196, stack(0x000000fa05100000,0x000000fa05200000)]
  0x000002e7358a4f10 JavaThread "Cancel handler" [_thread_blocked, id=10392, stack(0x000000fa05200000,0x000000fa05300000)]
  0x000002e7358a0bb0 JavaThread "Asynchronous log dispatcher for DefaultDaemonConnection: socket connection from /127.0.0.1:3798 to /127.0.0.1:3800" [_thread_blocked, id=4060, stack(0x000000fa05400000,0x000000fa05500000)]
  0x000002e7358a53e0 JavaThread "Stdin handler" [_thread_blocked, id=15940, stack(0x000000fa05500000,0x000000fa05600000)]
  0x000002e7358a58b0 JavaThread "Daemon client event forwarder" [_thread_blocked, id=6088, stack(0x000000fa05600000,0x000000fa05700000)]
  0x000002e7358a2d60 JavaThread "Cache worker for checksums cache (C:\Users\kbeoum\AndroidStudioProjects\inno\.gradle\8.2\checksums)" [_thread_blocked, id=7664, stack(0x000000fa05d00000,0x000000fa05e00000)]
  0x000002e73589eed0 JavaThread "Cache worker for cache directory md-rule (C:\Users\kbeoum\.gradle\caches\8.2\md-rule)" [_thread_blocked, id=4316, stack(0x000000fa05e00000,0x000000fa05f00000)]
  0x000002e7358a3230 JavaThread "Cache worker for file hash cache (C:\Users\kbeoum\AndroidStudioProjects\inno\.gradle\8.2\fileHashes)" [_thread_blocked, id=5892, stack(0x000000fa06000000,0x000000fa06100000)]
  0x000002e73589e060 JavaThread "Cache worker for cache directory md-supplier (C:\Users\kbeoum\.gradle\caches\8.2\md-supplier)" [_thread_blocked, id=9056, stack(0x000000fa06100000,0x000000fa06200000)]
  0x000002e73589f3a0 JavaThread "Cache worker for dependencies-accessors (C:\Users\kbeoum\AndroidStudioProjects\inno\.gradle\8.2\dependencies-accessors)" [_thread_blocked, id=9820, stack(0x000000fa06200000,0x000000fa06300000)]
  0x000002e73589f870 JavaThread "Cache worker for Build Output Cleanup Cache (C:\Users\kbeoum\AndroidStudioProjects\inno\.gradle\buildOutputCleanup)" [_thread_blocked, id=11512, stack(0x000000fa06800000,0x000000fa06900000)]
  0x000002e7358a0210 JavaThread "Unconstrained build operations" [_thread_blocked, id=1952, stack(0x000000fa06a00000,0x000000fa06b00000)]
  0x000002e7358a1080 JavaThread "Unconstrained build operations Thread 2" [_thread_blocked, id=12824, stack(0x000000fa06b00000,0x000000fa06c00000)]
  0x000002e7343a3780 JavaThread "Unconstrained build operations Thread 3" [_thread_blocked, id=12004, stack(0x000000fa06c00000,0x000000fa06d00000)]
  0x000002e7343a4120 JavaThread "build event listener" [_thread_blocked, id=4480, stack(0x000000fa06d00000,0x000000fa06e00000)]
  0x000002e73222eda0 JavaThread "pool-6-thread-1" [_thread_blocked, id=16780, stack(0x000000fa07300000,0x000000fa07400000)]
  0x000002e73222df30 JavaThread "build event listener" [_thread_blocked, id=13836, stack(0x000000fa07400000,0x000000fa07500000)]
  0x000002e73222f270 JavaThread "included builds" [_thread_blocked, id=7472, stack(0x000000fa07500000,0x000000fa07600000)]
  0x000002e7322300e0 JavaThread "Execution worker" [_thread_blocked, id=16048, stack(0x000000fa07600000,0x000000fa07700000)]
  0x000002e73222e400 JavaThread "Execution worker Thread 2" [_thread_in_vm, id=5332, stack(0x000000fa07700000,0x000000fa07800000)]
  0x000002e73222e8d0 JavaThread "Execution worker Thread 3" [_thread_blocked, id=12432, stack(0x000000fa07800000,0x000000fa07900000)]
  0x000002e73222c720 JavaThread "Cache worker for execution history cache (C:\Users\kbeoum\AndroidStudioProjects\inno\.gradle\8.2\executionHistory)" [_thread_blocked, id=11152, stack(0x000000fa07900000,0x000000fa07a00000)]
  0x000002e73222fc10 JavaThread "WorkerExecutor Queue" [_thread_in_Java, id=16884, stack(0x000000fa07a00000,0x000000fa07b00000)]
  0x000002e73222cbf0 JavaThread "Unconstrained build operations Thread 4" [_thread_blocked, id=8532, stack(0x000000fa07b00000,0x000000fa07c00000)]
  0x000002e73222d0c0 JavaThread "Unconstrained build operations Thread 5" [_thread_blocked, id=3292, stack(0x000000fa07c00000,0x000000fa07d00000)]
  0x000002e73222da60 JavaThread "Unconstrained build operations Thread 6" [_thread_blocked, id=16800, stack(0x000000fa07d00000,0x000000fa07e00000)]
  0x000002e73222f740 JavaThread "Unconstrained build operations Thread 7" [_thread_blocked, id=4036, stack(0x000000fa07f00000,0x000000fa08000000)]
  0x000002e73530edf0 JavaThread "Unconstrained build operations Thread 8" [_thread_blocked, id=12800, stack(0x000000fa08000000,0x000000fa08100000)]
  0x000002e73530f2c0 JavaThread "Unconstrained build operations Thread 9" [_thread_blocked, id=15852, stack(0x000000fa08100000,0x000000fa08200000)]
=>0x000002e7377bd0e0 JavaThread "C2 CompilerThread1" daemon [_thread_in_native, id=10260, stack(0x000000fa06900000,0x000000fa06a00000)]
  0x000002e73530b430 JavaThread "WorkerExecutor Queue Thread 3" [_thread_blocked, id=15820, stack(0x000000fa08200000,0x000000fa08300000)]
  0x000002e73530b900 JavaThread "WorkerExecutor Queue Thread 4" [_thread_in_native, id=15744, stack(0x000000fa08300000,0x000000fa08400000)]
  0x000002e73530a0f0 JavaThread "Unconstrained build operations Thread 10" [_thread_blocked, id=15336, stack(0x000000fa08400000,0x000000fa08500000)]
  0x000002e73530a5c0 JavaThread "Unconstrained build operations Thread 11" [_thread_blocked, id=15500, stack(0x000000fa08500000,0x000000fa08600000)]
  0x000002e73530c2a0 JavaThread "Unconstrained build operations Thread 12" [_thread_blocked, id=13852, stack(0x000000fa08600000,0x000000fa08700000)]
  0x000002e73530d110 JavaThread "Unconstrained build operations Thread 13" [_thread_blocked, id=4612, stack(0x000000fa08700000,0x000000fa08800000)]
  0x000002e735310ad0 JavaThread "Unconstrained build operations Thread 14" [_thread_blocked, id=16720, stack(0x000000fa08800000,0x000000fa08900000)]
  0x000002e73530c770 JavaThread "Unconstrained build operations Thread 15" [_thread_blocked, id=15600, stack(0x000000fa08900000,0x000000fa08a00000)]
  0x000002e73530aa90 JavaThread "Unconstrained build operations Thread 16" [_thread_blocked, id=13192, stack(0x000000fa08a00000,0x000000fa08b00000)]
  0x000002e735309c20 JavaThread "WorkerExecutor Queue Thread 5" [_thread_blocked, id=15904, stack(0x000000fa08b00000,0x000000fa08c00000)]
  0x000002e73810ef00 JavaThread "Unconstrained build operations Thread 17" [_thread_blocked, id=9652, stack(0x000000fa08c00000,0x000000fa08d00000)]
  0x000002e73810e090 JavaThread "Unconstrained build operations Thread 18" [_thread_blocked, id=6200, stack(0x000000fa08d00000,0x000000fa08e00000)]
  0x000002e73810fd70 JavaThread "Unconstrained build operations Thread 19" [_thread_blocked, id=8700, stack(0x000000fa08e00000,0x000000fa08f00000)]
  0x000002e73810dbc0 JavaThread "Unconstrained build operations Thread 20" [_thread_blocked, id=10860, stack(0x000000fa08f00000,0x000000fa09000000)]
  0x000002e738110be0 JavaThread "Unconstrained build operations Thread 21" [_thread_blocked, id=14156, stack(0x000000fa09000000,0x000000fa09100000)]
  0x000002e738110240 JavaThread "Unconstrained build operations Thread 22" [_thread_blocked, id=7984, stack(0x000000fa09100000,0x000000fa09200000)]
  0x000002e738110710 JavaThread "Unconstrained build operations Thread 23" [_thread_blocked, id=16900, stack(0x000000fa09200000,0x000000fa09300000)]
  0x000002e73810d6f0 JavaThread "Unconstrained build operations Thread 24" [_thread_blocked, id=13736, stack(0x000000fa09300000,0x000000fa09400000)]
  0x000002e73810e560 JavaThread "Unconstrained build operations Thread 25" [_thread_blocked, id=12708, stack(0x000000fa09400000,0x000000fa09500000)]
  0x000002e73810ea30 JavaThread "Unconstrained build operations Thread 26" [_thread_blocked, id=4212, stack(0x000000fa09500000,0x000000fa09600000)]
  0x000002e73810f3d0 JavaThread "Unconstrained build operations Thread 27" [_thread_blocked, id=16424, stack(0x000000fa09600000,0x000000fa09700000)]
  0x000002e73810f8a0 JavaThread "Unconstrained build operations Thread 28" [_thread_blocked, id=16420, stack(0x000000fa09700000,0x000000fa09800000)]
  0x000002e7343a4f90 JavaThread "Unconstrained build operations Thread 29" [_thread_blocked, id=16380, stack(0x000000fa07e00000,0x000000fa07f00000)]
  0x000002e736ff1c60 JavaThread "Unconstrained build operations Thread 30" [_thread_blocked, id=12608, stack(0x000000fa09800000,0x000000fa09900000)]
  0x000002e736fef110 JavaThread "Unconstrained build operations Thread 31" [_thread_blocked, id=13320, stack(0x000000fa09900000,0x000000fa09a00000)]
  0x000002e736feff80 JavaThread "Unconstrained build operations Thread 32" [_thread_blocked, id=3396, stack(0x000000fa09a00000,0x000000fa09b00000)]
  0x000002e736ff1790 JavaThread "Unconstrained build operations Thread 33" [_thread_blocked, id=12276, stack(0x000000fa09b00000,0x000000fa09c00000)]
  0x000002e736ff0df0 JavaThread "Unconstrained build operations Thread 34" [_thread_blocked, id=16444, stack(0x000000fa09c00000,0x000000fa09d00000)]
  0x000002e736ff2600 JavaThread "Unconstrained build operations Thread 35" [_thread_blocked, id=16412, stack(0x000000fa09d00000,0x000000fa09e00000)]
  0x000002e736feddd0 JavaThread "Unconstrained build operations Thread 36" [_thread_blocked, id=14492, stack(0x000000fa09e00000,0x000000fa09f00000)]
  0x000002e736fee2a0 JavaThread "Unconstrained build operations Thread 37" [_thread_blocked, id=10544, stack(0x000000fa09f00000,0x000000fa0a000000)]
  0x000002e736ff12c0 JavaThread "Unconstrained build operations Thread 38" [_thread_blocked, id=11792, stack(0x000000fa0a000000,0x000000fa0a100000)]

Other Threads:
  0x000002e72d7bf870 VMThread "VM Thread" [stack: 0x000000fa03d00000,0x000000fa03e00000] [id=5644]
  0x000002e71230f6b0 WatcherThread [stack: 0x000000fa04900000,0x000000fa04a00000] [id=5732]
  0x000002e7122eca20 GCTaskThread "GC Thread#0" [stack: 0x000000fa03800000,0x000000fa03900000] [id=11284]
  0x000002e7324f30b0 GCTaskThread "GC Thread#1" [stack: 0x000000fa04b00000,0x000000fa04c00000] [id=15044]
  0x000002e7321c1c30 GCTaskThread "GC Thread#2" [stack: 0x000000fa04c00000,0x000000fa04d00000] [id=17052]
  0x000002e7329b2c00 GCTaskThread "GC Thread#3" [stack: 0x000000fa04d00000,0x000000fa04e00000] [id=5820]
  0x000002e7122fd870 ConcurrentGCThread "G1 Main Marker" [stack: 0x000000fa03900000,0x000000fa03a00000] [id=1680]
  0x000002e7122fe930 ConcurrentGCThread "G1 Conc#0" [stack: 0x000000fa03a00000,0x000000fa03b00000] [id=6748]
  0x000002e7123575c0 ConcurrentGCThread "G1 Refine#0" [stack: 0x000000fa03b00000,0x000000fa03c00000] [id=15356]
  0x000002e7358a89e0 ConcurrentGCThread "G1 Refine#1" [stack: 0x000000fa06300000,0x000000fa06400000] [id=16552]
  0x000002e72d6300a0 ConcurrentGCThread "G1 Service" [stack: 0x000000fa03c00000,0x000000fa03d00000] [id=16680]

Threads with active compile tasks:
C2 CompilerThread0    55390 16713   !   4       org.gradle.internal.classloader.VisitableURLClassLoader$InstrumentingVisitableURLClassLoader::findClass (36 bytes)
C2 CompilerThread1    55391 16678       4       com.android.tools.build.apkzlib.zip.StoredEntry::<init> (364 bytes)

VM state: not at safepoint (normal execution)

VM Mutex/Monitor currently owned by a thread: None

Heap address: 0x0000000080000000, size: 2048 MB, Compressed Oops mode: 32-bit

CDS archive(s) not mapped
Compressed class space mapped at: 0x0000000100000000-0x0000000140000000, reserved size: 1073741824
Narrow klass base: 0x0000000000000000, Narrow klass shift: 3, Narrow klass range: 0x140000000

GC Precious Log:
 CPUs: 4 total, 4 available
 Memory: 8142M
 Large Page Support: Disabled
 NUMA Support: Disabled
 Compressed Oops: Enabled (32-bit)
 Heap Region Size: 1M
 Heap Min Capacity: 8M
 Heap Initial Capacity: 128M
 Heap Max Capacity: 2G
 Pre-touch: Disabled
 Parallel Workers: 4
 Concurrent Workers: 1
 Concurrent Refinement Workers: 4
 Periodic GC: Disabled

Heap:
 garbage-first heap   total 268288K, used 156686K [0x0000000080000000, 0x0000000100000000)
  region size 1024K, 9 young (9216K), 1 survivors (1024K)
 Metaspace       used 116113K, committed 116928K, reserved 1179648K
  class space    used 15120K, committed 15552K, reserved 1048576K

Heap Regions: E=young(eden), S=young(survivor), O=old, HS=humongous(starts), HC=humongous(continues), CS=collection set, F=free, OA=open archive, CA=closed archive, TAMS=top-at-mark-start (previous, next)
|   0|0x0000000080000000, 0x0000000080100000, 0x0000000080100000|100%| O|  |TAMS 0x0000000080100000, 0x0000000080000000| Untracked 
|   1|0x0000000080100000, 0x0000000080200000, 0x0000000080200000|100%| O|  |TAMS 0x0000000080200000, 0x0000000080100000| Untracked 
|   2|0x0000000080200000, 0x0000000080300000, 0x0000000080300000|100%|HS|  |TAMS 0x0000000080300000, 0x0000000080200000| Complete 
|   3|0x0000000080300000, 0x0000000080400000, 0x0000000080400000|100%|HC|  |TAMS 0x0000000080400000, 0x0000000080300000| Complete 
|   4|0x0000000080400000, 0x0000000080500000, 0x0000000080500000|100%|HC|  |TAMS 0x0000000080500000, 0x0000000080400000| Complete 
|   5|0x0000000080500000, 0x0000000080600000, 0x0000000080600000|100%|HC|  |TAMS 0x0000000080600000, 0x0000000080500000| Complete 
|   6|0x0000000080600000, 0x0000000080700000, 0x0000000080700000|100%| O|  |TAMS 0x0000000080700000, 0x0000000080600000| Untracked 
|   7|0x0000000080700000, 0x0000000080800000, 0x0000000080800000|100%| O|  |TAMS 0x0000000080800000, 0x0000000080700000| Untracked 
|   8|0x0000000080800000, 0x0000000080900000, 0x0000000080900000|100%| O|  |TAMS 0x0000000080900000, 0x0000000080800000| Untracked 
|   9|0x0000000080900000, 0x0000000080a00000, 0x0000000080a00000|100%| O|  |TAMS 0x0000000080a00000, 0x0000000080900000| Untracked 
|  10|0x0000000080a00000, 0x0000000080aafe00, 0x0000000080b00000| 68%| O|  |TAMS 0x0000000080aafe00, 0x0000000080a00000| Untracked 
|  11|0x0000000080b00000, 0x0000000080c00000, 0x0000000080c00000|100%| O|  |TAMS 0x0000000080c00000, 0x0000000080b00000| Untracked 
|  12|0x0000000080c00000, 0x0000000080d00000, 0x0000000080d00000|100%| O|  |TAMS 0x0000000080d00000, 0x0000000080c00000| Untracked 
|  13|0x0000000080d00000, 0x0000000080e00000, 0x0000000080e00000|100%| O|  |TAMS 0x0000000080e00000, 0x0000000080d00000| Untracked 
|  14|0x0000000080e00000, 0x0000000080f00000, 0x0000000080f00000|100%| O|  |TAMS 0x0000000080f00000, 0x0000000080e00000| Untracked 
|  15|0x0000000080f00000, 0x0000000081000000, 0x0000000081000000|100%| O|  |TAMS 0x0000000081000000, 0x0000000080f00000| Untracked 
|  16|0x0000000081000000, 0x0000000081100000, 0x0000000081100000|100%| O|  |TAMS 0x0000000081100000, 0x0000000081000000| Untracked 
|  17|0x0000000081100000, 0x0000000081200000, 0x0000000081200000|100%| O|  |TAMS 0x0000000081200000, 0x0000000081100000| Untracked 
|  18|0x0000000081200000, 0x0000000081300000, 0x0000000081300000|100%| O|  |TAMS 0x0000000081300000, 0x0000000081200000| Untracked 
|  19|0x0000000081300000, 0x0000000081400000, 0x0000000081400000|100%| O|  |TAMS 0x0000000081400000, 0x0000000081300000| Untracked 
|  20|0x0000000081400000, 0x0000000081500000, 0x0000000081500000|100%| O|  |TAMS 0x0000000081500000, 0x0000000081400000| Untracked 
|  21|0x0000000081500000, 0x0000000081600000, 0x0000000081600000|100%| O|  |TAMS 0x0000000081600000, 0x0000000081500000| Untracked 
|  22|0x0000000081600000, 0x0000000081700000, 0x0000000081700000|100%| O|  |TAMS 0x0000000081700000, 0x0000000081600000| Untracked 
|  23|0x0000000081700000, 0x0000000081800000, 0x0000000081800000|100%| O|  |TAMS 0x0000000081800000, 0x0000000081700000| Untracked 
|  24|0x0000000081800000, 0x0000000081900000, 0x0000000081900000|100%| O|  |TAMS 0x0000000081900000, 0x0000000081800000| Untracked 
|  25|0x0000000081900000, 0x0000000081a00000, 0x0000000081a00000|100%| O|  |TAMS 0x0000000081a00000, 0x0000000081900000| Untracked 
|  26|0x0000000081a00000, 0x0000000081b00000, 0x0000000081b00000|100%| O|  |TAMS 0x0000000081b00000, 0x0000000081a00000| Untracked 
|  27|0x0000000081b00000, 0x0000000081c00000, 0x0000000081c00000|100%| O|  |TAMS 0x0000000081c00000, 0x0000000081b00000| Untracked 
|  28|0x0000000081c00000, 0x0000000081d00000, 0x0000000081d00000|100%| O|  |TAMS 0x0000000081d00000, 0x0000000081c00000| Untracked 
|  29|0x0000000081d00000, 0x0000000081e00000, 0x0000000081e00000|100%| O|  |TAMS 0x0000000081e00000, 0x0000000081d00000| Untracked 
|  30|0x0000000081e00000, 0x0000000081f00000, 0x0000000081f00000|100%| O|  |TAMS 0x0000000081f00000, 0x0000000081e00000| Untracked 
|  31|0x0000000081f00000, 0x0000000082000000, 0x0000000082000000|100%| O|  |TAMS 0x0000000082000000, 0x0000000081f00000| Untracked 
|  32|0x0000000082000000, 0x0000000082100000, 0x0000000082100000|100%|HS|  |TAMS 0x0000000082100000, 0x0000000082000000| Complete 
|  33|0x0000000082100000, 0x0000000082200000, 0x0000000082200000|100%|HS|  |TAMS 0x0000000082200000, 0x0000000082100000| Complete 
|  34|0x0000000082200000, 0x0000000082300000, 0x0000000082300000|100%|HS|  |TAMS 0x0000000082300000, 0x0000000082200000| Complete 
|  35|0x0000000082300000, 0x0000000082400000, 0x0000000082400000|100%| O|  |TAMS 0x0000000082400000, 0x0000000082300000| Untracked 
|  36|0x0000000082400000, 0x0000000082500000, 0x0000000082500000|100%| O|  |TAMS 0x0000000082500000, 0x0000000082400000| Untracked 
|  37|0x0000000082500000, 0x0000000082600000, 0x0000000082600000|100%| O|  |TAMS 0x0000000082600000, 0x0000000082500000| Untracked 
|  38|0x0000000082600000, 0x0000000082700000, 0x0000000082700000|100%| O|  |TAMS 0x0000000082700000, 0x0000000082600000| Untracked 
|  39|0x0000000082700000, 0x0000000082800000, 0x0000000082800000|100%| O|  |TAMS 0x0000000082800000, 0x0000000082700000| Untracked 
|  40|0x0000000082800000, 0x0000000082900000, 0x0000000082900000|100%| O|  |TAMS 0x0000000082900000, 0x0000000082800000| Untracked 
|  41|0x0000000082900000, 0x0000000082a00000, 0x0000000082a00000|100%|HS|  |TAMS 0x0000000082a00000, 0x0000000082900000| Complete 
|  42|0x0000000082a00000, 0x0000000082b00000, 0x0000000082b00000|100%| O|  |TAMS 0x0000000082b00000, 0x0000000082a00000| Untracked 
|  43|0x0000000082b00000, 0x0000000082c00000, 0x0000000082c00000|100%| O|  |TAMS 0x0000000082c00000, 0x0000000082b00000| Untracked 
|  44|0x0000000082c00000, 0x0000000082d00000, 0x0000000082d00000|100%| O|  |TAMS 0x0000000082d00000, 0x0000000082c00000| Untracked 
|  45|0x0000000082d00000, 0x0000000082e00000, 0x0000000082e00000|100%| O|  |TAMS 0x0000000082e00000, 0x0000000082d00000| Untracked 
|  46|0x0000000082e00000, 0x0000000082f00000, 0x0000000082f00000|100%|HS|  |TAMS 0x0000000082f00000, 0x0000000082e00000| Complete 
|  47|0x0000000082f00000, 0x0000000083000000, 0x0000000083000000|100%| O|  |TAMS 0x0000000083000000, 0x0000000082f00000| Untracked 
|  48|0x0000000083000000, 0x0000000083100000, 0x0000000083100000|100%| O|  |TAMS 0x0000000083100000, 0x0000000083000000| Untracked 
|  49|0x0000000083100000, 0x0000000083200000, 0x0000000083200000|100%| O|  |TAMS 0x0000000083200000, 0x0000000083100000| Untracked 
|  50|0x0000000083200000, 0x0000000083300000, 0x0000000083300000|100%| O|  |TAMS 0x0000000083300000, 0x0000000083200000| Untracked 
|  51|0x0000000083300000, 0x0000000083400000, 0x0000000083400000|100%| O|  |TAMS 0x0000000083400000, 0x0000000083300000| Untracked 
|  52|0x0000000083400000, 0x0000000083500000, 0x0000000083500000|100%| O|  |TAMS 0x0000000083500000, 0x0000000083400000| Untracked 
|  53|0x0000000083500000, 0x0000000083600000, 0x0000000083600000|100%| O|  |TAMS 0x0000000083600000, 0x0000000083500000| Untracked 
|  54|0x0000000083600000, 0x0000000083700000, 0x0000000083700000|100%| O|  |TAMS 0x0000000083700000, 0x0000000083600000| Untracked 
|  55|0x0000000083700000, 0x0000000083800000, 0x0000000083800000|100%| O|  |TAMS 0x0000000083800000, 0x0000000083700000| Untracked 
|  56|0x0000000083800000, 0x0000000083900000, 0x0000000083900000|100%| O|  |TAMS 0x0000000083900000, 0x0000000083800000| Untracked 
|  57|0x0000000083900000, 0x0000000083a00000, 0x0000000083a00000|100%| O|  |TAMS 0x0000000083a00000, 0x0000000083900000| Untracked 
|  58|0x0000000083a00000, 0x0000000083b00000, 0x0000000083b00000|100%| O|  |TAMS 0x0000000083b00000, 0x0000000083a00000| Untracked 
|  59|0x0000000083b00000, 0x0000000083c00000, 0x0000000083c00000|100%| O|  |TAMS 0x0000000083c00000, 0x0000000083b00000| Untracked 
|  60|0x0000000083c00000, 0x0000000083d00000, 0x0000000083d00000|100%| O|  |TAMS 0x0000000083d00000, 0x0000000083c00000| Untracked 
|  61|0x0000000083d00000, 0x0000000083e00000, 0x0000000083e00000|100%| O|  |TAMS 0x0000000083e00000, 0x0000000083d00000| Untracked 
|  62|0x0000000083e00000, 0x0000000083f00000, 0x0000000083f00000|100%| O|  |TAMS 0x0000000083f00000, 0x0000000083e00000| Untracked 
|  63|0x0000000083f00000, 0x0000000084000000, 0x0000000084000000|100%| O|  |TAMS 0x0000000084000000, 0x0000000083f00000| Untracked 
|  64|0x0000000084000000, 0x0000000084100000, 0x0000000084100000|100%| O|  |TAMS 0x0000000084100000, 0x0000000084000000| Untracked 
|  65|0x0000000084100000, 0x0000000084200000, 0x0000000084200000|100%| O|  |TAMS 0x0000000084200000, 0x0000000084100000| Untracked 
|  66|0x0000000084200000, 0x0000000084300000, 0x0000000084300000|100%| O|  |TAMS 0x0000000084300000, 0x0000000084200000| Untracked 
|  67|0x0000000084300000, 0x0000000084400000, 0x0000000084400000|100%| O|  |TAMS 0x0000000084400000, 0x0000000084300000| Untracked 
|  68|0x0000000084400000, 0x0000000084500000, 0x0000000084500000|100%| O|  |TAMS 0x0000000084500000, 0x0000000084400000| Untracked 
|  69|0x0000000084500000, 0x0000000084600000, 0x0000000084600000|100%| O|  |TAMS 0x0000000084600000, 0x0000000084500000| Untracked 
|  70|0x0000000084600000, 0x0000000084700000, 0x0000000084700000|100%| O|  |TAMS 0x0000000084700000, 0x0000000084600000| Untracked 
|  71|0x0000000084700000, 0x0000000084800000, 0x0000000084800000|100%| O|  |TAMS 0x0000000084800000, 0x0000000084700000| Untracked 
|  72|0x0000000084800000, 0x0000000084900000, 0x0000000084900000|100%| O|  |TAMS 0x0000000084900000, 0x0000000084800000| Untracked 
|  73|0x0000000084900000, 0x0000000084a00000, 0x0000000084a00000|100%| O|  |TAMS 0x0000000084a00000, 0x0000000084900000| Untracked 
|  74|0x0000000084a00000, 0x0000000084b00000, 0x0000000084b00000|100%| O|  |TAMS 0x0000000084b00000, 0x0000000084a00000| Untracked 
|  75|0x0000000084b00000, 0x0000000084c00000, 0x0000000084c00000|100%| O|  |TAMS 0x0000000084c00000, 0x0000000084b00000| Complete 
|  76|0x0000000084c00000, 0x0000000084d00000, 0x0000000084d00000|100%| O|  |TAMS 0x0000000084d00000, 0x0000000084c00000| Complete 
|  77|0x0000000084d00000, 0x0000000084e00000, 0x0000000084e00000|100%| O|  |TAMS 0x0000000084e00000, 0x0000000084d00000| Untracked 
|  78|0x0000000084e00000, 0x0000000084f00000, 0x0000000084f00000|100%| O|  |TAMS 0x0000000084f00000, 0x0000000084e00000| Untracked 
|  79|0x0000000084f00000, 0x0000000085000000, 0x0000000085000000|100%| O|  |TAMS 0x0000000085000000, 0x0000000084f00000| Untracked 
|  80|0x0000000085000000, 0x0000000085100000, 0x0000000085100000|100%| O|  |TAMS 0x0000000085100000, 0x0000000085000000| Untracked 
|  81|0x0000000085100000, 0x0000000085200000, 0x0000000085200000|100%| O|  |TAMS 0x0000000085200000, 0x0000000085100000| Untracked 
|  82|0x0000000085200000, 0x0000000085300000, 0x0000000085300000|100%| O|  |TAMS 0x0000000085300000, 0x0000000085200000| Untracked 
|  83|0x0000000085300000, 0x0000000085400000, 0x0000000085400000|100%| O|  |TAMS 0x0000000085400000, 0x0000000085300000| Untracked 
|  84|0x0000000085400000, 0x0000000085500000, 0x0000000085500000|100%| O|  |TAMS 0x0000000085500000, 0x0000000085400000| Untracked 
|  85|0x0000000085500000, 0x0000000085600000, 0x0000000085600000|100%| O|  |TAMS 0x0000000085600000, 0x0000000085500000| Untracked 
|  86|0x0000000085600000, 0x0000000085700000, 0x0000000085700000|100%| O|  |TAMS 0x0000000085700000, 0x0000000085600000| Untracked 
|  87|0x0000000085700000, 0x0000000085800000, 0x0000000085800000|100%| O|  |TAMS 0x0000000085800000, 0x0000000085700000| Untracked 
|  88|0x0000000085800000, 0x0000000085900000, 0x0000000085900000|100%| O|  |TAMS 0x0000000085900000, 0x0000000085800000| Untracked 
|  89|0x0000000085900000, 0x0000000085a00000, 0x0000000085a00000|100%| O|  |TAMS 0x0000000085a00000, 0x0000000085900000| Untracked 
|  90|0x0000000085a00000, 0x0000000085b00000, 0x0000000085b00000|100%| O|  |TAMS 0x0000000085b00000, 0x0000000085a00000| Complete 
|  91|0x0000000085b00000, 0x0000000085c00000, 0x0000000085c00000|100%| O|  |TAMS 0x0000000085b00000, 0x0000000085b00000| Untracked 
|  92|0x0000000085c00000, 0x0000000085d00000, 0x0000000085d00000|100%| O|  |TAMS 0x0000000085d00000, 0x0000000085c00000| Complete 
|  93|0x0000000085d00000, 0x0000000085e00000, 0x0000000085e00000|100%| O|  |TAMS 0x0000000085e00000, 0x0000000085d00000| Untracked 
|  94|0x0000000085e00000, 0x0000000085f00000, 0x0000000085f00000|100%| O|  |TAMS 0x0000000085f00000, 0x0000000085e00000| Complete 
|  95|0x0000000085f00000, 0x0000000086000000, 0x0000000086000000|100%| O|  |TAMS 0x0000000085f00000, 0x0000000085f00000| Untracked 
|  96|0x0000000086000000, 0x0000000086100000, 0x0000000086100000|100%| O|  |TAMS 0x0000000086100000, 0x0000000086000000| Complete 
|  97|0x0000000086100000, 0x0000000086200000, 0x0000000086200000|100%| O|  |TAMS 0x0000000086200000, 0x0000000086100000| Complete 
|  98|0x0000000086200000, 0x0000000086300000, 0x0000000086300000|100%| O|  |TAMS 0x0000000086300000, 0x0000000086200000| Complete 
|  99|0x0000000086300000, 0x00000000863c2000, 0x0000000086400000| 75%| O|  |TAMS 0x0000000086300000, 0x0000000086300000| Untracked 
| 100|0x0000000086400000, 0x0000000086500000, 0x0000000086500000|100%|HS|  |TAMS 0x0000000086400000, 0x0000000086400000| Complete 
| 101|0x0000000086500000, 0x0000000086600000, 0x0000000086600000|100%|HC|  |TAMS 0x0000000086500000, 0x0000000086500000| Complete 
| 102|0x0000000086600000, 0x0000000086700000, 0x0000000086700000|100%| O|  |TAMS 0x0000000086700000, 0x0000000086600000| Untracked 
| 103|0x0000000086700000, 0x0000000086800000, 0x0000000086800000|100%| O|  |TAMS 0x0000000086800000, 0x0000000086700000| Untracked 
| 104|0x0000000086800000, 0x0000000086900000, 0x0000000086900000|100%| O|  |TAMS 0x0000000086900000, 0x0000000086800000| Untracked 
| 105|0x0000000086900000, 0x0000000086900000, 0x0000000086a00000|  0%| F|  |TAMS 0x0000000086900000, 0x0000000086900000| Untracked 
| 106|0x0000000086a00000, 0x0000000086b00000, 0x0000000086b00000|100%| O|  |TAMS 0x0000000086b00000, 0x0000000086a00000| Complete 
| 107|0x0000000086b00000, 0x0000000086c00000, 0x0000000086c00000|100%| O|  |TAMS 0x0000000086c00000, 0x0000000086b00000| Untracked 
| 108|0x0000000086c00000, 0x0000000086d00000, 0x0000000086d00000|100%| O|  |TAMS 0x0000000086d00000, 0x0000000086c00000| Complete 
| 109|0x0000000086d00000, 0x0000000086d00000, 0x0000000086e00000|  0%| F|  |TAMS 0x0000000086d00000, 0x0000000086d00000| Untracked 
| 110|0x0000000086e00000, 0x0000000086e00000, 0x0000000086f00000|  0%| F|  |TAMS 0x0000000086e00000, 0x0000000086e00000| Untracked 
| 111|0x0000000086f00000, 0x0000000086f00000, 0x0000000087000000|  0%| F|  |TAMS 0x0000000086f00000, 0x0000000086f00000| Untracked 
| 112|0x0000000087000000, 0x0000000087100000, 0x0000000087100000|100%| O|  |TAMS 0x0000000087100000, 0x0000000087000000| Untracked 
| 113|0x0000000087100000, 0x0000000087200000, 0x0000000087200000|100%| O|  |TAMS 0x0000000087200000, 0x0000000087100000| Complete 
| 114|0x0000000087200000, 0x0000000087300000, 0x0000000087300000|100%| O|  |TAMS 0x0000000087300000, 0x0000000087200000| Complete 
| 115|0x0000000087300000, 0x0000000087400000, 0x0000000087400000|100%| O|  |TAMS 0x0000000087400000, 0x0000000087300000| Complete 
| 116|0x0000000087400000, 0x0000000087400000, 0x0000000087500000|  0%| F|  |TAMS 0x0000000087400000, 0x0000000087400000| Untracked 
| 117|0x0000000087500000, 0x0000000087500000, 0x0000000087600000|  0%| F|  |TAMS 0x0000000087500000, 0x0000000087500000| Untracked 
| 118|0x0000000087600000, 0x0000000087600000, 0x0000000087700000|  0%| F|  |TAMS 0x0000000087600000, 0x0000000087600000| Untracked 
| 119|0x0000000087700000, 0x0000000087800000, 0x0000000087800000|100%| O|  |TAMS 0x0000000087800000, 0x0000000087700000| Complete 
| 120|0x0000000087800000, 0x0000000087900000, 0x0000000087900000|100%| O|  |TAMS 0x0000000087900000, 0x0000000087800000| Complete 
| 121|0x0000000087900000, 0x0000000087a00000, 0x0000000087a00000|100%| O|  |TAMS 0x0000000087a00000, 0x0000000087900000| Untracked 
| 122|0x0000000087a00000, 0x0000000087b00000, 0x0000000087b00000|100%| O|  |TAMS 0x0000000087b00000, 0x0000000087a00000| Complete 
| 123|0x0000000087b00000, 0x0000000087c00000, 0x0000000087c00000|100%| O|  |TAMS 0x0000000087c00000, 0x0000000087b00000| Complete 
| 124|0x0000000087c00000, 0x0000000087c00000, 0x0000000087d00000|  0%| F|  |TAMS 0x0000000087c00000, 0x0000000087c00000| Untracked 
| 125|0x0000000087d00000, 0x0000000087d00000, 0x0000000087e00000|  0%| F|  |TAMS 0x0000000087d00000, 0x0000000087d00000| Untracked 
| 126|0x0000000087e00000, 0x0000000087f00000, 0x0000000087f00000|100%| O|  |TAMS 0x0000000087f00000, 0x0000000087e00000| Complete 
| 127|0x0000000087f00000, 0x0000000088000000, 0x0000000088000000|100%| O|  |TAMS 0x0000000088000000, 0x0000000087f00000| Complete 
| 128|0x0000000088000000, 0x0000000088100000, 0x0000000088100000|100%| O|  |TAMS 0x0000000088100000, 0x0000000088000000| Untracked 
| 129|0x0000000088100000, 0x0000000088200000, 0x0000000088200000|100%| O|  |TAMS 0x0000000088200000, 0x0000000088100000| Untracked 
| 130|0x0000000088200000, 0x0000000088300000, 0x0000000088300000|100%| O|  |TAMS 0x0000000088300000, 0x0000000088200000| Untracked 
| 131|0x0000000088300000, 0x0000000088400000, 0x0000000088400000|100%| O|  |TAMS 0x0000000088400000, 0x0000000088300000| Untracked 
| 132|0x0000000088400000, 0x0000000088500000, 0x0000000088500000|100%| O|  |TAMS 0x0000000088500000, 0x0000000088400000| Untracked 
| 133|0x0000000088500000, 0x0000000088600000, 0x0000000088600000|100%| O|  |TAMS 0x0000000088600000, 0x0000000088500000| Untracked 
| 134|0x0000000088600000, 0x0000000088700000, 0x0000000088700000|100%|HS|  |TAMS 0x0000000088700000, 0x0000000088600000| Complete 
| 135|0x0000000088700000, 0x0000000088800000, 0x0000000088800000|100%|HC|  |TAMS 0x0000000088800000, 0x0000000088700000| Complete 
| 136|0x0000000088800000, 0x0000000088900000, 0x0000000088900000|100%|HS|  |TAMS 0x0000000088900000, 0x0000000088800000| Complete 
| 137|0x0000000088900000, 0x0000000088a00000, 0x0000000088a00000|100%|HS|  |TAMS 0x0000000088a00000, 0x0000000088900000| Complete 
| 138|0x0000000088a00000, 0x0000000088b00000, 0x0000000088b00000|100%|HC|  |TAMS 0x0000000088b00000, 0x0000000088a00000| Complete 
| 139|0x0000000088b00000, 0x0000000088c00000, 0x0000000088c00000|100%|HS|  |TAMS 0x0000000088c00000, 0x0000000088b00000| Complete 
| 140|0x0000000088c00000, 0x0000000088d00000, 0x0000000088d00000|100%|HC|  |TAMS 0x0000000088d00000, 0x0000000088c00000| Complete 
| 141|0x0000000088d00000, 0x0000000088e00000, 0x0000000088e00000|100%|HS|  |TAMS 0x0000000088e00000, 0x0000000088d00000| Complete 
| 142|0x0000000088e00000, 0x0000000088f00000, 0x0000000088f00000|100%|HC|  |TAMS 0x0000000088f00000, 0x0000000088e00000| Complete 
| 143|0x0000000088f00000, 0x0000000089000000, 0x0000000089000000|100%|HC|  |TAMS 0x0000000089000000, 0x0000000088f00000| Complete 
| 144|0x0000000089000000, 0x0000000089100000, 0x0000000089100000|100%| O|  |TAMS 0x0000000089100000, 0x0000000089000000| Untracked 
| 145|0x0000000089100000, 0x0000000089200000, 0x0000000089200000|100%| O|  |TAMS 0x0000000089200000, 0x0000000089100000| Untracked 
| 146|0x0000000089200000, 0x0000000089300000, 0x0000000089300000|100%| O|  |TAMS 0x0000000089300000, 0x0000000089200000| Untracked 
| 147|0x0000000089300000, 0x0000000089400000, 0x0000000089400000|100%| O|  |TAMS 0x0000000089400000, 0x0000000089300000| Untracked 
| 148|0x0000000089400000, 0x0000000089500000, 0x0000000089500000|100%| O|  |TAMS 0x0000000089500000, 0x0000000089400000| Untracked 
| 149|0x0000000089500000, 0x0000000089600000, 0x0000000089600000|100%| O|  |TAMS 0x0000000089600000, 0x0000000089500000| Untracked 
| 150|0x0000000089600000, 0x0000000089700000, 0x0000000089700000|100%| O|  |TAMS 0x0000000089700000, 0x0000000089600000| Untracked 
| 151|0x0000000089700000, 0x0000000089800000, 0x0000000089800000|100%| O|  |TAMS 0x0000000089748200, 0x0000000089700000| Untracked 
| 152|0x0000000089800000, 0x0000000089900000, 0x0000000089900000|100%| O|  |TAMS 0x0000000089800000, 0x0000000089800000| Untracked 
| 153|0x0000000089900000, 0x0000000089a00000, 0x0000000089a00000|100%| O|  |TAMS 0x0000000089900000, 0x0000000089900000| Untracked 
| 154|0x0000000089a00000, 0x0000000089b00000, 0x0000000089b00000|100%| O|  |TAMS 0x0000000089a00000, 0x0000000089a00000| Untracked 
| 155|0x0000000089b00000, 0x0000000089c00000, 0x0000000089c00000|100%| O|  |TAMS 0x0000000089b00000, 0x0000000089b00000| Untracked 
| 156|0x0000000089c00000, 0x0000000089d00000, 0x0000000089d00000|100%| O|  |TAMS 0x0000000089c00000, 0x0000000089c00000| Untracked 
| 157|0x0000000089d00000, 0x0000000089d00000, 0x0000000089e00000|  0%| F|  |TAMS 0x0000000089d00000, 0x0000000089d00000| Untracked 
| 158|0x0000000089e00000, 0x0000000089e00000, 0x0000000089f00000|  0%| F|  |TAMS 0x0000000089e00000, 0x0000000089e00000| Untracked 
| 159|0x0000000089f00000, 0x0000000089f00000, 0x000000008a000000|  0%| F|  |TAMS 0x0000000089f00000, 0x0000000089f00000| Untracked 
| 160|0x000000008a000000, 0x000000008a000000, 0x000000008a100000|  0%| F|  |TAMS 0x000000008a000000, 0x000000008a000000| Untracked 
| 161|0x000000008a100000, 0x000000008a100000, 0x000000008a200000|  0%| F|  |TAMS 0x000000008a100000, 0x000000008a100000| Untracked 
| 162|0x000000008a200000, 0x000000008a200000, 0x000000008a300000|  0%| F|  |TAMS 0x000000008a200000, 0x000000008a200000| Untracked 
| 163|0x000000008a300000, 0x000000008a300000, 0x000000008a400000|  0%| F|  |TAMS 0x000000008a300000, 0x000000008a300000| Untracked 
| 164|0x000000008a400000, 0x000000008a400000, 0x000000008a500000|  0%| F|  |TAMS 0x000000008a400000, 0x000000008a400000| Untracked 
| 165|0x000000008a500000, 0x000000008a500000, 0x000000008a600000|  0%| F|  |TAMS 0x000000008a500000, 0x000000008a500000| Untracked 
| 166|0x000000008a600000, 0x000000008a600000, 0x000000008a700000|  0%| F|  |TAMS 0x000000008a600000, 0x000000008a600000| Untracked 
| 167|0x000000008a700000, 0x000000008a700000, 0x000000008a800000|  0%| F|  |TAMS 0x000000008a700000, 0x000000008a700000| Untracked 
| 168|0x000000008a800000, 0x000000008a800000, 0x000000008a900000|  0%| F|  |TAMS 0x000000008a800000, 0x000000008a800000| Untracked 
| 169|0x000000008a900000, 0x000000008a900000, 0x000000008aa00000|  0%| F|  |TAMS 0x000000008a900000, 0x000000008a900000| Untracked 
| 170|0x000000008aa00000, 0x000000008aa00000, 0x000000008ab00000|  0%| F|  |TAMS 0x000000008aa00000, 0x000000008aa00000| Untracked 
| 171|0x000000008ab00000, 0x000000008ab00000, 0x000000008ac00000|  0%| F|  |TAMS 0x000000008ab00000, 0x000000008ab00000| Untracked 
| 172|0x000000008ac00000, 0x000000008ac00000, 0x000000008ad00000|  0%| F|  |TAMS 0x000000008ac00000, 0x000000008ac00000| Untracked 
| 173|0x000000008ad00000, 0x000000008ad00000, 0x000000008ae00000|  0%| F|  |TAMS 0x000000008ad00000, 0x000000008ad00000| Untracked 
| 174|0x000000008ae00000, 0x000000008ae00000, 0x000000008af00000|  0%| F|  |TAMS 0x000000008ae00000, 0x000000008ae00000| Untracked 
| 175|0x000000008af00000, 0x000000008af00000, 0x000000008b000000|  0%| F|  |TAMS 0x000000008af00000, 0x000000008af00000| Untracked 
| 176|0x000000008b000000, 0x000000008b000000, 0x000000008b100000|  0%| F|  |TAMS 0x000000008b000000, 0x000000008b000000| Untracked 
| 177|0x000000008b100000, 0x000000008b100000, 0x000000008b200000|  0%| F|  |TAMS 0x000000008b100000, 0x000000008b100000| Untracked 
| 178|0x000000008b200000, 0x000000008b200000, 0x000000008b300000|  0%| F|  |TAMS 0x000000008b200000, 0x000000008b200000| Untracked 
| 179|0x000000008b300000, 0x000000008b300000, 0x000000008b400000|  0%| F|  |TAMS 0x000000008b300000, 0x000000008b300000| Untracked 
| 180|0x000000008b400000, 0x000000008b400000, 0x000000008b500000|  0%| F|  |TAMS 0x000000008b400000, 0x000000008b400000| Untracked 
| 181|0x000000008b500000, 0x000000008b500000, 0x000000008b600000|  0%| F|  |TAMS 0x000000008b500000, 0x000000008b500000| Untracked 
| 182|0x000000008b600000, 0x000000008b600000, 0x000000008b700000|  0%| F|  |TAMS 0x000000008b600000, 0x000000008b600000| Untracked 
| 183|0x000000008b700000, 0x000000008b700000, 0x000000008b800000|  0%| F|  |TAMS 0x000000008b700000, 0x000000008b700000| Untracked 
| 184|0x000000008b800000, 0x000000008b800000, 0x000000008b900000|  0%| F|  |TAMS 0x000000008b800000, 0x000000008b800000| Untracked 
| 185|0x000000008b900000, 0x000000008b900000, 0x000000008ba00000|  0%| F|  |TAMS 0x000000008b900000, 0x000000008b900000| Untracked 
| 186|0x000000008ba00000, 0x000000008ba00000, 0x000000008bb00000|  0%| F|  |TAMS 0x000000008ba00000, 0x000000008ba00000| Untracked 
| 187|0x000000008bb00000, 0x000000008bb00000, 0x000000008bc00000|  0%| F|  |TAMS 0x000000008bb00000, 0x000000008bb00000| Untracked 
| 188|0x000000008bc00000, 0x000000008bc00000, 0x000000008bd00000|  0%| F|  |TAMS 0x000000008bc00000, 0x000000008bc00000| Untracked 
| 189|0x000000008bd00000, 0x000000008bd00000, 0x000000008be00000|  0%| F|  |TAMS 0x000000008bd00000, 0x000000008bd00000| Untracked 
| 190|0x000000008be00000, 0x000000008be00000, 0x000000008bf00000|  0%| F|  |TAMS 0x000000008be00000, 0x000000008be00000| Untracked 
| 191|0x000000008bf00000, 0x000000008bf00000, 0x000000008c000000|  0%| F|  |TAMS 0x000000008bf00000, 0x000000008bf00000| Untracked 
| 192|0x000000008c000000, 0x000000008c000000, 0x000000008c100000|  0%| F|  |TAMS 0x000000008c000000, 0x000000008c000000| Untracked 
| 193|0x000000008c100000, 0x000000008c100000, 0x000000008c200000|  0%| F|  |TAMS 0x000000008c100000, 0x000000008c100000| Untracked 
| 194|0x000000008c200000, 0x000000008c200000, 0x000000008c300000|  0%| F|  |TAMS 0x000000008c200000, 0x000000008c200000| Untracked 
| 195|0x000000008c300000, 0x000000008c300000, 0x000000008c400000|  0%| F|  |TAMS 0x000000008c300000, 0x000000008c300000| Untracked 
| 196|0x000000008c400000, 0x000000008c400000, 0x000000008c500000|  0%| F|  |TAMS 0x000000008c400000, 0x000000008c400000| Untracked 
| 197|0x000000008c500000, 0x000000008c500000, 0x000000008c600000|  0%| F|  |TAMS 0x000000008c500000, 0x000000008c500000| Untracked 
| 198|0x000000008c600000, 0x000000008c600000, 0x000000008c700000|  0%| F|  |TAMS 0x000000008c600000, 0x000000008c600000| Untracked 
| 199|0x000000008c700000, 0x000000008c700000, 0x000000008c800000|  0%| F|  |TAMS 0x000000008c700000, 0x000000008c700000| Untracked 
| 200|0x000000008c800000, 0x000000008c800000, 0x000000008c900000|  0%| F|  |TAMS 0x000000008c800000, 0x000000008c800000| Untracked 
| 201|0x000000008c900000, 0x000000008c900000, 0x000000008ca00000|  0%| F|  |TAMS 0x000000008c900000, 0x000000008c900000| Untracked 
| 202|0x000000008ca00000, 0x000000008ca00000, 0x000000008cb00000|  0%| F|  |TAMS 0x000000008ca00000, 0x000000008ca00000| Untracked 
| 203|0x000000008cb00000, 0x000000008cb00000, 0x000000008cc00000|  0%| F|  |TAMS 0x000000008cb00000, 0x000000008cb00000| Untracked 
| 204|0x000000008cc00000, 0x000000008cc00000, 0x000000008cd00000|  0%| F|  |TAMS 0x000000008cc00000, 0x000000008cc00000| Untracked 
| 205|0x000000008cd00000, 0x000000008cd00000, 0x000000008ce00000|  0%| F|  |TAMS 0x000000008cd00000, 0x000000008cd00000| Untracked 
| 206|0x000000008ce00000, 0x000000008ce00000, 0x000000008cf00000|  0%| F|  |TAMS 0x000000008ce00000, 0x000000008ce00000| Untracked 
| 207|0x000000008cf00000, 0x000000008cf00000, 0x000000008d000000|  0%| F|  |TAMS 0x000000008cf00000, 0x000000008cf00000| Untracked 
| 208|0x000000008d000000, 0x000000008d000000, 0x000000008d100000|  0%| F|  |TAMS 0x000000008d000000, 0x000000008d000000| Untracked 
| 209|0x000000008d100000, 0x000000008d100000, 0x000000008d200000|  0%| F|  |TAMS 0x000000008d100000, 0x000000008d100000| Untracked 
| 210|0x000000008d200000, 0x000000008d200000, 0x000000008d300000|  0%| F|  |TAMS 0x000000008d200000, 0x000000008d200000| Untracked 
| 211|0x000000008d300000, 0x000000008d300000, 0x000000008d400000|  0%| F|  |TAMS 0x000000008d300000, 0x000000008d300000| Untracked 
| 212|0x000000008d400000, 0x000000008d400000, 0x000000008d500000|  0%| F|  |TAMS 0x000000008d400000, 0x000000008d400000| Untracked 
| 213|0x000000008d500000, 0x000000008d500000, 0x000000008d600000|  0%| F|  |TAMS 0x000000008d500000, 0x000000008d500000| Untracked 
| 214|0x000000008d600000, 0x000000008d600000, 0x000000008d700000|  0%| F|  |TAMS 0x000000008d600000, 0x000000008d600000| Untracked 
| 215|0x000000008d700000, 0x000000008d700000, 0x000000008d800000|  0%| F|  |TAMS 0x000000008d700000, 0x000000008d700000| Untracked 
| 216|0x000000008d800000, 0x000000008d800000, 0x000000008d900000|  0%| F|  |TAMS 0x000000008d800000, 0x000000008d800000| Untracked 
| 217|0x000000008d900000, 0x000000008d900000, 0x000000008da00000|  0%| F|  |TAMS 0x000000008d900000, 0x000000008d900000| Untracked 
| 218|0x000000008da00000, 0x000000008da00000, 0x000000008db00000|  0%| F|  |TAMS 0x000000008da00000, 0x000000008da00000| Untracked 
| 219|0x000000008db00000, 0x000000008db00000, 0x000000008dc00000|  0%| F|  |TAMS 0x000000008db00000, 0x000000008db00000| Untracked 
| 220|0x000000008dc00000, 0x000000008dc00000, 0x000000008dd00000|  0%| F|  |TAMS 0x000000008dc00000, 0x000000008dc00000| Untracked 
| 221|0x000000008dd00000, 0x000000008dd00000, 0x000000008de00000|  0%| F|  |TAMS 0x000000008dd00000, 0x000000008dd00000| Untracked 
| 222|0x000000008de00000, 0x000000008de00000, 0x000000008df00000|  0%| F|  |TAMS 0x000000008de00000, 0x000000008de00000| Untracked 
| 223|0x000000008df00000, 0x000000008df00000, 0x000000008e000000|  0%| F|  |TAMS 0x000000008df00000, 0x000000008df00000| Untracked 
| 224|0x000000008e000000, 0x000000008e000000, 0x000000008e100000|  0%| F|  |TAMS 0x000000008e000000, 0x000000008e000000| Untracked 
| 225|0x000000008e100000, 0x000000008e100000, 0x000000008e200000|  0%| F|  |TAMS 0x000000008e100000, 0x000000008e100000| Untracked 
| 226|0x000000008e200000, 0x000000008e200000, 0x000000008e300000|  0%| F|  |TAMS 0x000000008e200000, 0x000000008e200000| Untracked 
| 227|0x000000008e300000, 0x000000008e300000, 0x000000008e400000|  0%| F|  |TAMS 0x000000008e300000, 0x000000008e300000| Untracked 
| 228|0x000000008e400000, 0x000000008e400000, 0x000000008e500000|  0%| F|  |TAMS 0x000000008e400000, 0x000000008e400000| Untracked 
| 229|0x000000008e500000, 0x000000008e500000, 0x000000008e600000|  0%| F|  |TAMS 0x000000008e500000, 0x000000008e500000| Untracked 
| 230|0x000000008e600000, 0x000000008e600000, 0x000000008e700000|  0%| F|  |TAMS 0x000000008e600000, 0x000000008e600000| Untracked 
| 231|0x000000008e700000, 0x000000008e700000, 0x000000008e800000|  0%| F|  |TAMS 0x000000008e700000, 0x000000008e700000| Untracked 
| 232|0x000000008e800000, 0x000000008e800000, 0x000000008e900000|  0%| F|  |TAMS 0x000000008e800000, 0x000000008e800000| Untracked 
| 233|0x000000008e900000, 0x000000008e900000, 0x000000008ea00000|  0%| F|  |TAMS 0x000000008e900000, 0x000000008e900000| Untracked 
| 234|0x000000008ea00000, 0x000000008ea00000, 0x000000008eb00000|  0%| F|  |TAMS 0x000000008ea00000, 0x000000008ea00000| Untracked 
| 235|0x000000008eb00000, 0x000000008eb00000, 0x000000008ec00000|  0%| F|  |TAMS 0x000000008eb00000, 0x000000008eb00000| Untracked 
| 236|0x000000008ec00000, 0x000000008ec00000, 0x000000008ed00000|  0%| F|  |TAMS 0x000000008ec00000, 0x000000008ec00000| Untracked 
| 237|0x000000008ed00000, 0x000000008ed00000, 0x000000008ee00000|  0%| F|  |TAMS 0x000000008ed00000, 0x000000008ed00000| Untracked 
| 238|0x000000008ee00000, 0x000000008ee00000, 0x000000008ef00000|  0%| F|  |TAMS 0x000000008ee00000, 0x000000008ee00000| Untracked 
| 239|0x000000008ef00000, 0x000000008ef00000, 0x000000008f000000|  0%| F|  |TAMS 0x000000008ef00000, 0x000000008ef00000| Untracked 
| 240|0x000000008f000000, 0x000000008f000000, 0x000000008f100000|  0%| F|  |TAMS 0x000000008f000000, 0x000000008f000000| Untracked 
| 241|0x000000008f100000, 0x000000008f100000, 0x000000008f200000|  0%| F|  |TAMS 0x000000008f100000, 0x000000008f100000| Untracked 
| 242|0x000000008f200000, 0x000000008f200000, 0x000000008f300000|  0%| F|  |TAMS 0x000000008f200000, 0x000000008f200000| Untracked 
| 243|0x000000008f300000, 0x000000008f300000, 0x000000008f400000|  0%| F|  |TAMS 0x000000008f300000, 0x000000008f300000| Untracked 
| 244|0x000000008f400000, 0x000000008f400000, 0x000000008f500000|  0%| F|  |TAMS 0x000000008f400000, 0x000000008f400000| Untracked 
| 245|0x000000008f500000, 0x000000008f500000, 0x000000008f600000|  0%| F|  |TAMS 0x000000008f500000, 0x000000008f500000| Untracked 
| 246|0x000000008f600000, 0x000000008f691ae0, 0x000000008f700000| 56%| S|CS|TAMS 0x000000008f600000, 0x000000008f600000| Complete 
| 247|0x000000008f700000, 0x000000008f700000, 0x000000008f800000|  0%| F|  |TAMS 0x000000008f700000, 0x000000008f700000| Untracked 
| 248|0x000000008f800000, 0x000000008f800000, 0x000000008f900000|  0%| F|  |TAMS 0x000000008f800000, 0x000000008f800000| Untracked 
| 249|0x000000008f900000, 0x000000008f900000, 0x000000008fa00000|  0%| F|  |TAMS 0x000000008f900000, 0x000000008f900000| Untracked 
| 250|0x000000008fa00000, 0x000000008fa947a8, 0x000000008fb00000| 57%| E|  |TAMS 0x000000008fa00000, 0x000000008fa00000| Complete 
| 251|0x000000008fb00000, 0x000000008fc00000, 0x000000008fc00000|100%| E|CS|TAMS 0x000000008fb00000, 0x000000008fb00000| Complete 
| 252|0x000000008fc00000, 0x000000008fd00000, 0x000000008fd00000|100%| E|CS|TAMS 0x000000008fc00000, 0x000000008fc00000| Complete 
| 253|0x000000008fd00000, 0x000000008fe00000, 0x000000008fe00000|100%| E|CS|TAMS 0x000000008fd00000, 0x000000008fd00000| Complete 
| 254|0x000000008fe00000, 0x000000008ff00000, 0x000000008ff00000|100%| E|CS|TAMS 0x000000008fe00000, 0x000000008fe00000| Complete 
| 255|0x000000008ff00000, 0x0000000090000000, 0x0000000090000000|100%| E|CS|TAMS 0x000000008ff00000, 0x000000008ff00000| Complete 
| 256|0x0000000090000000, 0x0000000090100000, 0x0000000090100000|100%| E|CS|TAMS 0x0000000090000000, 0x0000000090000000| Complete 
| 257|0x0000000090100000, 0x0000000090200000, 0x0000000090200000|100%| E|CS|TAMS 0x0000000090100000, 0x0000000090100000| Complete 
|2044|0x00000000ffc00000, 0x00000000ffd00000, 0x00000000ffd00000|100%| O|  |TAMS 0x00000000ffd00000, 0x00000000ffc00000| Complete 
|2045|0x00000000ffd00000, 0x00000000ffe00000, 0x00000000ffe00000|100%| E|  |TAMS 0x00000000ffd00000, 0x00000000ffd00000| Complete 
|2046|0x00000000ffe00000, 0x00000000fff00000, 0x00000000fff00000|100%| E|CS|TAMS 0x00000000ffe00000, 0x00000000ffe00000| Complete 
|2047|0x00000000fff00000, 0x0000000100000000, 0x0000000100000000|100%| E|CS|TAMS 0x00000000fff00000, 0x00000000fff00000| Complete 

Card table byte_map: [0x000002e726980000,0x000002e726d80000] _byte_map_base: 0x000002e726580000

Marking Bits (Prev, Next): (CMBitMap*) 0x000002e7122ecf40, (CMBitMap*) 0x000002e7122ecf80
 Prev Bits: [0x000002e727180000, 0x000002e729180000)
 Next Bits: [0x000002e729180000, 0x000002e72b180000)

Polling page: 0x000002e712360000

Metaspace:

Usage:
  Non-class:     98.74 MB used.
      Class:     14.79 MB used.
       Both:    113.53 MB used.

Virtual space:
  Non-class space:      128.00 MB reserved,      99.12 MB ( 77%) committed,  2 nodes.
      Class space:        1.00 GB reserved,      15.19 MB (  1%) committed,  1 nodes.
             Both:        1.12 GB reserved,     114.31 MB ( 10%) committed. 

Chunk freelists:
   Non-Class:  12.66 MB
       Class:  806.00 KB
        Both:  13.44 MB

MaxMetaspaceSize: unlimited
CompressedClassSpaceSize: 1.00 GB
Initial GC threshold: 21.00 MB
Current GC threshold: 189.06 MB
CDS: off
MetaspaceReclaimPolicy: balanced
 - commit_granule_bytes: 65536.
 - commit_granule_words: 8192.
 - virtual_space_node_default_size: 8388608.
 - enlarge_chunks_in_place: 1.
 - new_chunks_are_fully_committed: 0.
 - uncommit_free_chunks: 1.
 - use_allocation_guard: 0.
 - handle_deallocations: 1.


Internal statistics:

num_allocs_failed_limit: 6.
num_arena_births: 1178.
num_arena_deaths: 2.
num_vsnodes_births: 3.
num_vsnodes_deaths: 0.
num_space_committed: 1826.
num_space_uncommitted: 0.
num_chunks_returned_to_freelist: 8.
num_chunks_taken_from_freelist: 5578.
num_chunk_merges: 6.
num_chunk_splits: 3738.
num_chunks_enlarged: 2518.
num_inconsistent_stats: 0.

CodeHeap 'non-profiled nmethods': size=120000Kb used=9156Kb max_used=9252Kb free=110843Kb
 bounds [0x000002e71ea20000, 0x000002e71f330000, 0x000002e725f50000]
CodeHeap 'profiled nmethods': size=120000Kb used=27012Kb max_used=28227Kb free=92987Kb
 bounds [0x000002e716f50000, 0x000002e718af0000, 0x000002e71e480000]
CodeHeap 'non-nmethods': size=5760Kb used=2425Kb max_used=2478Kb free=3334Kb
 bounds [0x000002e71e480000, 0x000002e71e700000, 0x000002e71ea20000]
 total_blobs=14527 nmethods=13564 adapters=873
 compilation: enabled
              stopped_count=0, restarted_count=0
 full_count=0

Compilation events (20 events):
Event: 55.269 Thread 0x000002e72da0b500 16699       3       com.google.common.collect.HashBiMap::remove (36 bytes)
Event: 55.269 Thread 0x000002e72da0b500 nmethod 16699 0x000002e7184efb10 code [0x000002e7184efd00, 0x000002e7184f0118]
Event: 55.269 Thread 0x000002e72da0b500 16701       3       java.io.ByteArrayInputStream::<init> (37 bytes)
Event: 55.270 Thread 0x000002e72da0b500 nmethod 16701 0x000002e7179a1a90 code [0x000002e7179a1c40, 0x000002e7179a1f38]
Event: 55.270 Thread 0x000002e72da0b500 16700       3       com.google.common.collect.HashBiMap::delete (216 bytes)
Event: 55.270 Thread 0x000002e72da0b500 nmethod 16700 0x000002e7179e9490 code [0x000002e7179e96a0, 0x000002e7179ea058]
Event: 55.287 Thread 0x000002e72da0b500 16702  s    3       com.android.tools.build.apkzlib.bytestorage.LruTrackedCloseableByteSource::openStream (35 bytes)
Event: 55.288 Thread 0x000002e72da0b500 nmethod 16702 0x000002e718572710 code [0x000002e718572900, 0x000002e718572ed8]
Event: 55.288 Thread 0x000002e72da0b500 16703       3       com.android.tools.build.apkzlib.zip.utils.CloseableDelegateByteSource::openStream (8 bytes)
Event: 55.288 Thread 0x000002e72da0b500 nmethod 16703 0x000002e71867b390 code [0x000002e71867b560, 0x000002e71867b978]
Event: 55.288 Thread 0x000002e72da0b500 16704       3       com.google.common.io.ByteSource$ByteArrayByteSource::openStream (20 bytes)
Event: 55.288 Thread 0x000002e72da0b500 nmethod 16704 0x000002e718270c90 code [0x000002e718270e40, 0x000002e718270fe8]
Event: 55.290 Thread 0x000002e72da0b500 16705   !   3       com.android.tools.build.apkzlib.bytestorage.SwitchableDelegateCloseableByteSource$1::close (36 bytes)
Event: 55.290 Thread 0x000002e72da0b500 nmethod 16705 0x000002e7171d4110 code [0x000002e7171d42e0, 0x000002e7171d47b8]
Event: 55.290 Thread 0x000002e72da0b500 16706  s    3       com.android.tools.build.apkzlib.bytestorage.SwitchableDelegateInputStream::close (13 bytes)
Event: 55.291 Thread 0x000002e72da0b500 nmethod 16706 0x000002e7171d3c10 code [0x000002e7171d3dc0, 0x000002e7171d4048]
Event: 55.293 Thread 0x000002e72da0b500 16707       3       sun.util.calendar.ZoneInfo::getOffsets (8 bytes)
Event: 55.293 Thread 0x000002e72da0b500 nmethod 16707 0x000002e717a33190 code [0x000002e717a33320, 0x000002e717a33468]
Event: 55.293 Thread 0x000002e72da0b500 16708       3       sun.util.calendar.CalendarDate::getDayOfWeek (18 bytes)
Event: 55.293 Thread 0x000002e72da0b500 nmethod 16708 0x000002e71865e690 code [0x000002e71865e820, 0x000002e71865ea18]

GC Heap History (20 events):
Event: 43.071 GC heap before
{Heap before GC invocations=45 (full 0):
 garbage-first heap   total 224256K, used 189741K [0x0000000080000000, 0x0000000100000000)
  region size 1024K, 49 young (50176K), 2 survivors (2048K)
 Metaspace       used 99909K, committed 100608K, reserved 1179648K
  class space    used 13208K, committed 13568K, reserved 1048576K
}
Event: 43.084 GC heap after
{Heap after GC invocations=46 (full 0):
 garbage-first heap   total 224256K, used 128853K [0x0000000080000000, 0x0000000100000000)
  region size 1024K, 7 young (7168K), 7 survivors (7168K)
 Metaspace       used 99909K, committed 100608K, reserved 1179648K
  class space    used 13208K, committed 13568K, reserved 1048576K
}
Event: 44.421 GC heap before
{Heap before GC invocations=46 (full 0):
 garbage-first heap   total 224256K, used 174933K [0x0000000080000000, 0x0000000100000000)
  region size 1024K, 53 young (54272K), 7 survivors (7168K)
 Metaspace       used 103292K, committed 104000K, reserved 1179648K
  class space    used 13490K, committed 13824K, reserved 1048576K
}
Event: 44.435 GC heap after
{Heap after GC invocations=47 (full 0):
 garbage-first heap   total 224256K, used 132932K [0x0000000080000000, 0x0000000100000000)
  region size 1024K, 5 young (5120K), 5 survivors (5120K)
 Metaspace       used 103292K, committed 104000K, reserved 1179648K
  class space    used 13490K, committed 13824K, reserved 1048576K
}
Event: 45.715 GC heap before
{Heap before GC invocations=47 (full 0):
 garbage-first heap   total 224256K, used 179012K [0x0000000080000000, 0x0000000100000000)
  region size 1024K, 50 young (51200K), 5 survivors (5120K)
 Metaspace       used 103912K, committed 104576K, reserved 1179648K
  class space    used 13539K, committed 13888K, reserved 1048576K
}
Event: 45.729 GC heap after
{Heap after GC invocations=48 (full 0):
 garbage-first heap   total 224256K, used 140491K [0x0000000080000000, 0x0000000100000000)
  region size 1024K, 7 young (7168K), 7 survivors (7168K)
 Metaspace       used 103912K, committed 104576K, reserved 1179648K
  class space    used 13539K, committed 13888K, reserved 1048576K
}
Event: 47.217 GC heap before
{Heap before GC invocations=48 (full 0):
 garbage-first heap   total 224256K, used 180427K [0x0000000080000000, 0x0000000100000000)
  region size 1024K, 47 young (48128K), 7 survivors (7168K)
 Metaspace       used 105634K, committed 106368K, reserved 1179648K
  class space    used 13749K, committed 14080K, reserved 1048576K
}
Event: 47.228 GC heap after
{Heap after GC invocations=49 (full 0):
 garbage-first heap   total 224256K, used 138479K [0x0000000080000000, 0x0000000100000000)
  region size 1024K, 3 young (3072K), 3 survivors (3072K)
 Metaspace       used 105634K, committed 106368K, reserved 1179648K
  class space    used 13749K, committed 14080K, reserved 1048576K
}
Event: 48.580 GC heap before
{Heap before GC invocations=49 (full 0):
 garbage-first heap   total 224256K, used 182511K [0x0000000080000000, 0x0000000100000000)
  region size 1024K, 47 young (48128K), 3 survivors (3072K)
 Metaspace       used 107578K, committed 108352K, reserved 1179648K
  class space    used 13997K, committed 14400K, reserved 1048576K
}
Event: 48.587 GC heap after
{Heap after GC invocations=50 (full 0):
 garbage-first heap   total 224256K, used 138542K [0x0000000080000000, 0x0000000100000000)
  region size 1024K, 3 young (3072K), 3 survivors (3072K)
 Metaspace       used 107578K, committed 108352K, reserved 1179648K
  class space    used 13997K, committed 14400K, reserved 1048576K
}
Event: 49.950 GC heap before
{Heap before GC invocations=50 (full 0):
 garbage-first heap   total 224256K, used 184622K [0x0000000080000000, 0x0000000100000000)
  region size 1024K, 49 young (50176K), 3 survivors (3072K)
 Metaspace       used 110994K, committed 111808K, reserved 1179648K
  class space    used 14429K, committed 14848K, reserved 1048576K
}
Event: 49.960 GC heap after
{Heap after GC invocations=51 (full 0):
 garbage-first heap   total 224256K, used 141002K [0x0000000080000000, 0x0000000100000000)
  region size 1024K, 6 young (6144K), 6 survivors (6144K)
 Metaspace       used 110994K, committed 111808K, reserved 1179648K
  class space    used 14429K, committed 14848K, reserved 1048576K
}
Event: 51.592 GC heap before
{Heap before GC invocations=51 (full 0):
 garbage-first heap   total 224256K, used 185034K [0x0000000080000000, 0x0000000100000000)
  region size 1024K, 50 young (51200K), 6 survivors (6144K)
 Metaspace       used 112317K, committed 113088K, reserved 1179648K
  class space    used 14589K, committed 14976K, reserved 1048576K
}
Event: 51.605 GC heap after
{Heap after GC invocations=52 (full 0):
 garbage-first heap   total 224256K, used 144401K [0x0000000080000000, 0x0000000100000000)
  region size 1024K, 7 young (7168K), 7 survivors (7168K)
 Metaspace       used 112317K, committed 113088K, reserved 1179648K
  class space    used 14589K, committed 14976K, reserved 1048576K
}
Event: 53.304 GC heap before
{Heap before GC invocations=52 (full 0):
 garbage-first heap   total 224256K, used 187409K [0x0000000080000000, 0x0000000100000000)
  region size 1024K, 50 young (51200K), 7 survivors (7168K)
 Metaspace       used 112723K, committed 113472K, reserved 1179648K
  class space    used 14634K, committed 15040K, reserved 1048576K
}
Event: 53.320 GC heap after
{Heap after GC invocations=53 (full 0):
 garbage-first heap   total 224256K, used 148016K [0x0000000080000000, 0x0000000100000000)
  region size 1024K, 7 young (7168K), 7 survivors (7168K)
 Metaspace       used 112723K, committed 113472K, reserved 1179648K
  class space    used 14634K, committed 15040K, reserved 1048576K
}
Event: 54.175 GC heap before
{Heap before GC invocations=53 (full 0):
 garbage-first heap   total 224256K, used 198192K [0x0000000080000000, 0x0000000100000000)
  region size 1024K, 47 young (48128K), 7 survivors (7168K)
 Metaspace       used 113537K, committed 114368K, reserved 1179648K
  class space    used 14743K, committed 15168K, reserved 1048576K
}
Event: 54.189 GC heap after
{Heap after GC invocations=54 (full 0):
 garbage-first heap   total 224256K, used 164832K [0x0000000080000000, 0x0000000100000000)
  region size 1024K, 6 young (6144K), 6 survivors (6144K)
 Metaspace       used 113537K, committed 114368K, reserved 1179648K
  class space    used 14743K, committed 15168K, reserved 1048576K
}
Event: 54.806 GC heap before
{Heap before GC invocations=54 (full 0):
 garbage-first heap   total 224256K, used 190432K [0x0000000080000000, 0x0000000100000000)
  region size 1024K, 31 young (31744K), 6 survivors (6144K)
 Metaspace       used 114914K, committed 115712K, reserved 1179648K
  class space    used 14956K, committed 15360K, reserved 1048576K
}
Event: 54.818 GC heap after
{Heap after GC invocations=55 (full 0):
 garbage-first heap   total 224256K, used 167194K [0x0000000080000000, 0x0000000100000000)
  region size 1024K, 3 young (3072K), 3 survivors (3072K)
 Metaspace       used 114914K, committed 115712K, reserved 1179648K
  class space    used 14956K, committed 15360K, reserved 1048576K
}

Dll operation events (3 events):
Event: 0.040 Loaded shared library C:\Program Files\Android\Android Studio\jbr\bin\java.dll
Event: 0.249 Loaded shared library C:\Program Files\Android\Android Studio\jbr\bin\zip.dll
Event: 0.938 Loaded shared library C:\Program Files\Android\Android Studio\jbr\bin\verify.dll

Deoptimization events (20 events):
Event: 54.862 Thread 0x000002e73222fc10 Uncommon trap: trap_request=0xffffffde fr.pc=0x000002e71f2da394 relative=0x0000000000000074
Event: 54.862 Thread 0x000002e73222fc10 Uncommon trap: reason=class_check action=maybe_recompile pc=0x000002e71f2da394 method=com.android.tools.build.apkzlib.zip.CentralDirectoryHeader.getCompressionInfoWithWait()Lcom/android/tools/build/apkzlib/zip/CentralDirectoryHeaderCompressInfo; @ 4 c2
Event: 54.862 Thread 0x000002e73222fc10 DEOPT PACKING pc=0x000002e71f2da394 sp=0x000000fa07afd300
Event: 54.862 Thread 0x000002e73222fc10 DEOPT UNPACKING pc=0x000002e71e4d69a3 sp=0x000000fa07afd288 mode 2
Event: 54.864 Thread 0x000002e73222fc10 Uncommon trap: trap_request=0xffffffde fr.pc=0x000002e71f2da394 relative=0x0000000000000074
Event: 54.864 Thread 0x000002e73222fc10 Uncommon trap: reason=class_check action=maybe_recompile pc=0x000002e71f2da394 method=com.android.tools.build.apkzlib.zip.CentralDirectoryHeader.getCompressionInfoWithWait()Lcom/android/tools/build/apkzlib/zip/CentralDirectoryHeaderCompressInfo; @ 4 c2
Event: 54.864 Thread 0x000002e73222fc10 DEOPT PACKING pc=0x000002e71f2da394 sp=0x000000fa07afd2d0
Event: 54.864 Thread 0x000002e73222fc10 DEOPT UNPACKING pc=0x000002e71e4d69a3 sp=0x000000fa07afd250 mode 2
Event: 54.876 Thread 0x000002e73222fc10 Uncommon trap: trap_request=0xffffffde fr.pc=0x000002e71f2da394 relative=0x0000000000000074
Event: 54.876 Thread 0x000002e73222fc10 Uncommon trap: reason=class_check action=maybe_recompile pc=0x000002e71f2da394 method=com.android.tools.build.apkzlib.zip.CentralDirectoryHeader.getCompressionInfoWithWait()Lcom/android/tools/build/apkzlib/zip/CentralDirectoryHeaderCompressInfo; @ 4 c2
Event: 54.876 Thread 0x000002e73222fc10 DEOPT PACKING pc=0x000002e71f2da394 sp=0x000000fa07afd2e0
Event: 54.876 Thread 0x000002e73222fc10 DEOPT UNPACKING pc=0x000002e71e4d69a3 sp=0x000000fa07afd260 mode 2
Event: 55.200 Thread 0x000002e73530b900 Uncommon trap: trap_request=0xffffff45 fr.pc=0x000002e71efc7fd8 relative=0x00000000000001f8
Event: 55.200 Thread 0x000002e73530b900 Uncommon trap: reason=unstable_if action=reinterpret pc=0x000002e71efc7fd8 method=com.google.common.collect.MapMakerInternalMap$Segment.getEntry(Ljava/lang/Object;I)Lcom/google/common/collect/MapMakerInternalMap$InternalEntry; @ 63 c2
Event: 55.200 Thread 0x000002e73530b900 DEOPT PACKING pc=0x000002e71efc7fd8 sp=0x000000fa083f7c40
Event: 55.200 Thread 0x000002e73530b900 DEOPT UNPACKING pc=0x000002e71e4d69a3 sp=0x000000fa083f7b08 mode 2
Event: 55.282 Thread 0x000002e73530b900 Uncommon trap: trap_request=0xffffff45 fr.pc=0x000002e71ef791d0 relative=0x0000000000000310
Event: 55.282 Thread 0x000002e73530b900 Uncommon trap: reason=unstable_if action=reinterpret pc=0x000002e71ef791d0 method=com.google.common.collect.MapMakerInternalMap$Segment.getEntry(Ljava/lang/Object;I)Lcom/google/common/collect/MapMakerInternalMap$InternalEntry; @ 63 c2
Event: 55.282 Thread 0x000002e73530b900 DEOPT PACKING pc=0x000002e71ef791d0 sp=0x000000fa083fcd00
Event: 55.282 Thread 0x000002e73530b900 DEOPT UNPACKING pc=0x000002e71e4d69a3 sp=0x000000fa083fccb8 mode 2

Classes unloaded (1 events):
Event: 39.980 Thread 0x000002e72d7bf870 Unloading class 0x0000000100ce0800 'java/lang/invoke/LambdaForm$DMH+0x0000000100ce0800'

Classes redefined (0 events):
No events

Internal exceptions (20 events):
Event: 50.585 Thread 0x000002e73222f270 Exception <a 'sun/nio/fs/WindowsException'{0x000000008c6e3870}> (0x000000008c6e3870) 
thrown [s\src\hotspot\share\prims\jni.cpp, line 517]
Event: 50.585 Thread 0x000002e73222f270 Exception <a 'sun/nio/fs/WindowsException'{0x000000008c6e3900}> (0x000000008c6e3900) 
thrown [s\src\hotspot\share\prims\jni.cpp, line 517]
Event: 50.585 Thread 0x000002e73222f270 Exception <a 'sun/nio/fs/WindowsException'{0x000000008c6e3c80}> (0x000000008c6e3c80) 
thrown [s\src\hotspot\share\prims\jni.cpp, line 517]
Event: 50.600 Thread 0x000002e73222fc10 Exception <a 'sun/nio/fs/WindowsException'{0x000000008c5ffa90}> (0x000000008c5ffa90) 
thrown [s\src\hotspot\share\prims\jni.cpp, line 517]
Event: 50.601 Thread 0x000002e73222fc10 Exception <a 'sun/nio/fs/WindowsException'{0x000000008c5ffd60}> (0x000000008c5ffd60) 
thrown [s\src\hotspot\share\prims\jni.cpp, line 517]
Event: 51.514 Thread 0x000002e735309c20 Exception <a 'java/lang/NoSuchMethodError'{0x000000008afe5bf0}: 'java.lang.Object java.lang.invoke.Invokers$Holder.invoker(java.lang.Object, java.lang.Object, java.lang.Object, java.lang.Object, java.lang.Object, java.lang.Object)'> (0x000000008afe5bf0) 
thrown [s\src\hotspot\share\interpreter\linkResolver.cpp, line 771]
Event: 51.517 Thread 0x000002e735309c20 Implicit null exception at 0x000002e71ecfedba to 0x000002e71ecfefd4
Event: 51.518 Thread 0x000002e735309c20 Exception <a 'java/lang/NoSuchMethodError'{0x000000008ae76f18}: 'int java.lang.invoke.DirectMethodHandle$Holder.invokeStatic(java.lang.Object, java.lang.Object, int)'> (0x000000008ae76f18) 
thrown [s\src\hotspot\share\interpreter\linkResolver.cpp, line 771]
Event: 51.519 Thread 0x000002e735309c20 Exception <a 'java/lang/NoSuchMethodError'{0x000000008aec1c88}: 'int java.lang.invoke.DirectMethodHandle$Holder.invokeSpecial(java.lang.Object, java.lang.Object, java.lang.Object, int)'> (0x000000008aec1c88) 
thrown [s\src\hotspot\share\interpreter\linkResolver.cpp, line 771]
Event: 51.520 Thread 0x000002e735309c20 Exception <a 'java/lang/NoSuchMethodError'{0x000000008aee40a8}: 'java.lang.Object java.lang.invoke.DirectMethodHandle$Holder.invokeStatic(java.lang.Object, java.lang.Object, java.lang.Object, java.lang.Object, int)'> (0x000000008aee40a8) 
thrown [s\src\hotspot\share\interpreter\linkResolver.cpp, line 771]
Event: 53.262 Thread 0x000002e73222e400 Exception <a 'java/lang/NoSuchMethodError'{0x000000008ae99cc0}: static Lcom/android/build/gradle/internal/scope/InternalArtifactType;.<clinit>()V> (0x000000008ae99cc0) 
thrown [s\src\hotspot\share\prims\jni.cpp, line 1108]
Event: 53.262 Thread 0x000002e73222e400 Exception <a 'java/lang/NoSuchMethodError'{0x000000008ae9b418}: static Lcom/android/build/gradle/internal/scope/InternalArtifactType;.<clinit>()V> (0x000000008ae9b418) 
thrown [s\src\hotspot\share\prims\jni.cpp, line 1108]
Event: 53.263 Thread 0x000002e73222e400 Exception <a 'java/lang/NoSuchMethodError'{0x000000008ae9e5b8}: static Lcom/android/build/api/artifact/Artifact$Single;.<clinit>()V> (0x000000008ae9e5b8) 
thrown [s\src\hotspot\share\prims\jni.cpp, line 1108]
Event: 53.263 Thread 0x000002e73222e400 Exception <a 'java/lang/NoSuchMethodError'{0x000000008aea0b48}: static Ljava/lang/Object;.<clinit>()V> (0x000000008aea0b48) 
thrown [s\src\hotspot\share\prims\jni.cpp, line 1108]
Event: 53.265 Thread 0x000002e73222e400 Exception <a 'java/lang/NoSuchMethodError'{0x000000008aeb7c08}: static Lcom/android/build/api/artifact/ArtifactKind;.<clinit>()V> (0x000000008aeb7c08) 
thrown [s\src\hotspot\share\prims\jni.cpp, line 1108]
Event: 53.265 Thread 0x000002e73222e400 Exception <a 'java/lang/NoSuchMethodError'{0x000000008aeb8dc8}: static Lcom/android/build/api/artifact/ArtifactKind;.<clinit>()V> (0x000000008aeb8dc8) 
thrown [s\src\hotspot\share\prims\jni.cpp, line 1108]
Event: 54.141 Thread 0x000002e73530b900 Exception <a 'sun/nio/fs/WindowsException'{0x000000008b3a2ba8}> (0x000000008b3a2ba8) 
thrown [s\src\hotspot\share\prims\jni.cpp, line 517]
Event: 54.683 Thread 0x000002e73222fc10 Exception <a 'java/lang/NoSuchMethodError'{0x000000008c427628}: 'java.lang.Object java.lang.invoke.DirectMethodHandle$Holder.invokeVirtual(java.lang.Object, java.lang.Object, int)'> (0x000000008c427628) 
thrown [s\src\hotspot\share\interpreter\linkResolver.cpp, line 771]
Event: 54.686 Thread 0x000002e73222fc10 Exception <a 'java/lang/NoSuchMethodError'{0x000000008c44e608}: 'void java.lang.invoke.DirectMethodHandle$Holder.invokeStatic(java.lang.Object, java.lang.Object, java.lang.Object, int)'> (0x000000008c44e608) 
thrown [s\src\hotspot\share\interpreter\linkResolver.cpp, line 771]
Event: 54.862 Thread 0x000002e73222fc10 Implicit null exception at 0x000002e71f07ffb0 to 0x000002e71f07ffc7

VM Operations (20 events):
Event: 53.304 Executing VM operation: G1CollectForAllocation
Event: 53.321 Executing VM operation: G1CollectForAllocation done
Event: 54.174 Executing VM operation: G1CollectForAllocation
Event: 54.190 Executing VM operation: G1CollectForAllocation done
Event: 54.225 Executing VM operation: HandshakeAllThreads
Event: 54.225 Executing VM operation: HandshakeAllThreads done
Event: 54.320 Executing VM operation: HandshakeAllThreads
Event: 54.320 Executing VM operation: HandshakeAllThreads done
Event: 54.373 Executing VM operation: HandshakeAllThreads
Event: 54.373 Executing VM operation: HandshakeAllThreads done
Event: 54.484 Executing VM operation: HandshakeAllThreads
Event: 54.485 Executing VM operation: HandshakeAllThreads done
Event: 54.780 Executing VM operation: HandshakeAllThreads
Event: 54.780 Executing VM operation: HandshakeAllThreads done
Event: 54.806 Executing VM operation: G1CollectForAllocation
Event: 54.833 Executing VM operation: G1CollectForAllocation done
Event: 55.151 Executing VM operation: G1Concurrent
Event: 55.170 Executing VM operation: G1Concurrent done
Event: 55.194 Executing VM operation: HandshakeAllThreads
Event: 55.202 Executing VM operation: HandshakeAllThreads done

Events (20 events):
Event: 54.794 loading class sun/nio/cs/ThreadLocalCoders$1 done
Event: 54.795 loading class sun/nio/cs/ThreadLocalCoders$2
Event: 54.796 loading class sun/nio/cs/ThreadLocalCoders$2 done
Event: 54.800 loading class java/util/zip/Deflater
Event: 54.803 loading class java/util/zip/Deflater done
Event: 54.829 loading class java/util/zip/Deflater$DeflaterZStreamRef
Event: 54.829 loading class java/util/zip/Deflater$DeflaterZStreamRef done
Event: 54.864 loading class java/util/TreeMap$AscendingSubMap
Event: 54.864 loading class java/util/TreeMap$AscendingSubMap done
Event: 54.864 loading class java/util/TreeMap$NavigableSubMap$SubMapKeyIterator
Event: 54.864 loading class java/util/TreeMap$NavigableSubMap$SubMapKeyIterator done
Event: 55.207 Thread 0x000002e72da10a30 flushing nmethod 0x000002e716fe8190
Event: 55.207 Thread 0x000002e72da10a30 flushing nmethod 0x000002e717027790
Event: 55.208 Thread 0x000002e72da10a30 flushing nmethod 0x000002e717156890
Event: 55.211 Thread 0x000002e72da10a30 flushing nmethod 0x000002e71749a590
Event: 55.217 Thread 0x000002e72da10a30 flushing nmethod 0x000002e7178f3690
Event: 55.217 Thread 0x000002e72da10a30 flushing nmethod 0x000002e71793c710
Event: 55.218 Thread 0x000002e72da10a30 flushing nmethod 0x000002e71798c990
Event: 55.218 Thread 0x000002e72da10a30 flushing nmethod 0x000002e7179e7390
Event: 55.218 Thread 0x000002e72da10a30 flushing nmethod 0x000002e7179e9490


Dynamic libraries:
0x00007ff738df0000 - 0x00007ff738dfa000 	C:\Program Files\Android\Android Studio\jbr\bin\java.exe
0x00007ff895810000 - 0x00007ff895a08000 	C:\WINDOWS\SYSTEM32\ntdll.dll
0x00007ff8948a0000 - 0x00007ff89495d000 	C:\WINDOWS\System32\KERNEL32.DLL
0x00007ff8934e0000 - 0x00007ff8937d6000 	C:\WINDOWS\System32\KERNELBASE.dll
0x00007ff892ed0000 - 0x00007ff892fd0000 	C:\WINDOWS\System32\ucrtbase.dll
0x00007ff88d120000 - 0x00007ff88d13b000 	C:\Program Files\Android\Android Studio\jbr\bin\VCRUNTIME140.dll
0x00007ff877420000 - 0x00007ff877437000 	C:\Program Files\Android\Android Studio\jbr\bin\jli.dll
0x00007ff895630000 - 0x00007ff8957cf000 	C:\WINDOWS\System32\USER32.dll
0x00007ff893400000 - 0x00007ff893422000 	C:\WINDOWS\System32\win32u.dll
0x00007ff895350000 - 0x00007ff89537b000 	C:\WINDOWS\System32\GDI32.dll
0x00007ff893020000 - 0x00007ff893137000 	C:\WINDOWS\System32\gdi32full.dll
0x00007ff893170000 - 0x00007ff89320d000 	C:\WINDOWS\System32\msvcp_win.dll
0x00007ff884650000 - 0x00007ff8848ea000 	C:\WINDOWS\WinSxS\amd64_microsoft.windows.common-controls_6595b64144ccf1df_6.0.19041.4355_none_60b8b9eb71f62e16\COMCTL32.dll
0x00007ff8938b0000 - 0x00007ff89394e000 	C:\WINDOWS\System32\msvcrt.dll
0x00007ff8952c0000 - 0x00007ff8952ef000 	C:\WINDOWS\System32\IMM32.DLL
0x00007ff88dae0000 - 0x00007ff88daec000 	C:\Program Files\Android\Android Studio\jbr\bin\vcruntime140_1.dll
0x00007ff88be10000 - 0x00007ff88be9d000 	C:\Program Files\Android\Android Studio\jbr\bin\msvcp140.dll
0x00007ff851c50000 - 0x00007ff8528d0000 	C:\Program Files\Android\Android Studio\jbr\bin\server\jvm.dll
0x00007ff894300000 - 0x00007ff8943b0000 	C:\WINDOWS\System32\ADVAPI32.dll
0x00007ff893bb0000 - 0x00007ff893c50000 	C:\WINDOWS\System32\sechost.dll
0x00007ff895380000 - 0x00007ff8954a3000 	C:\WINDOWS\System32\RPCRT4.dll
0x00007ff893140000 - 0x00007ff893167000 	C:\WINDOWS\System32\bcrypt.dll
0x00007ff87d8c0000 - 0x00007ff87d8c9000 	C:\WINDOWS\SYSTEM32\WSOCK32.dll
0x00007ff8941e0000 - 0x00007ff89424b000 	C:\WINDOWS\System32\WS2_32.dll
0x00007ff888f00000 - 0x00007ff888f27000 	C:\WINDOWS\SYSTEM32\WINMM.dll
0x00007ff888f30000 - 0x00007ff888f3a000 	C:\WINDOWS\SYSTEM32\VERSION.dll
0x00007ff890d50000 - 0x00007ff890d62000 	C:\WINDOWS\SYSTEM32\kernel.appcore.dll
0x00007ff88d150000 - 0x00007ff88d15a000 	C:\Program Files\Android\Android Studio\jbr\bin\jimage.dll
0x00007ff881180000 - 0x00007ff881364000 	C:\WINDOWS\SYSTEM32\DBGHELP.DLL
0x00007ff881100000 - 0x00007ff881134000 	C:\WINDOWS\SYSTEM32\dbgcore.DLL
0x00007ff893370000 - 0x00007ff8933f2000 	C:\WINDOWS\System32\bcryptPrimitives.dll
0x00007ff888a20000 - 0x00007ff888a2e000 	C:\Program Files\Android\Android Studio\jbr\bin\instrument.dll
0x00007ff8831b0000 - 0x00007ff8831d5000 	C:\Program Files\Android\Android Studio\jbr\bin\java.dll
0x00007ff88bad0000 - 0x00007ff88bae8000 	C:\Program Files\Android\Android Studio\jbr\bin\zip.dll
0x00007ff894a10000 - 0x00007ff89517c000 	C:\WINDOWS\System32\SHELL32.dll
0x00007ff890f50000 - 0x00007ff8916ed000 	C:\WINDOWS\SYSTEM32\windows.storage.dll
0x00007ff893c50000 - 0x00007ff893fa3000 	C:\WINDOWS\System32\combase.dll
0x00007ff8928f0000 - 0x00007ff89291e000 	C:\WINDOWS\SYSTEM32\Wldp.dll
0x00007ff8954d0000 - 0x00007ff89559d000 	C:\WINDOWS\System32\OLEAUT32.dll
0x00007ff894960000 - 0x00007ff894a0d000 	C:\WINDOWS\System32\SHCORE.dll
0x00007ff895180000 - 0x00007ff8951d5000 	C:\WINDOWS\System32\shlwapi.dll
0x00007ff892e00000 - 0x00007ff892e24000 	C:\WINDOWS\SYSTEM32\profapi.dll
0x00007ff88abc0000 - 0x00007ff88abd9000 	C:\Program Files\Android\Android Studio\jbr\bin\net.dll
0x00007ff888d70000 - 0x00007ff888e7a000 	C:\WINDOWS\SYSTEM32\WINHTTP.dll
0x00007ff8925e0000 - 0x00007ff89264a000 	C:\WINDOWS\system32\mswsock.dll
0x00007ff880500000 - 0x00007ff880516000 	C:\Program Files\Android\Android Studio\jbr\bin\nio.dll
0x00007ff88c090000 - 0x00007ff88c0a0000 	C:\Program Files\Android\Android Studio\jbr\bin\verify.dll
0x00007ff88db20000 - 0x00007ff88db47000 	C:\Users\kbeoum\.gradle\native\68d5fa5c4cc2d200863cafc0d521ce42e7d3e7ee720ec0a83991735586a16f82\windows-amd64\native-platform.dll
0x00007ff86dc00000 - 0x00007ff86dd44000 	C:\Users\kbeoum\.gradle\native\e376f236ea51e6404a007f0833ffe2c6e607c4080706a723a18a27aeea778392\windows-amd64\native-platform-file-events.dll
0x00007ff88bc30000 - 0x00007ff88bc39000 	C:\Program Files\Android\Android Studio\jbr\bin\management.dll
0x00007ff88b4f0000 - 0x00007ff88b4fb000 	C:\Program Files\Android\Android Studio\jbr\bin\management_ext.dll
0x00007ff894160000 - 0x00007ff894168000 	C:\WINDOWS\System32\PSAPI.DLL
0x00007ff8927d0000 - 0x00007ff8927e8000 	C:\WINDOWS\SYSTEM32\CRYPTSP.dll
0x00007ff891ea0000 - 0x00007ff891ed4000 	C:\WINDOWS\system32\rsaenh.dll
0x00007ff892d70000 - 0x00007ff892d9e000 	C:\WINDOWS\SYSTEM32\USERENV.dll
0x00007ff8927f0000 - 0x00007ff8927fc000 	C:\WINDOWS\SYSTEM32\CRYPTBASE.dll
0x00007ff8922c0000 - 0x00007ff8922fb000 	C:\WINDOWS\SYSTEM32\IPHLPAPI.DLL
0x00007ff893950000 - 0x00007ff893958000 	C:\WINDOWS\System32\NSI.dll
0x00007ff889a20000 - 0x00007ff889a37000 	C:\WINDOWS\SYSTEM32\dhcpcsvc6.DLL
0x00007ff88afc0000 - 0x00007ff88afdd000 	C:\WINDOWS\SYSTEM32\dhcpcsvc.DLL
0x00007ff892300000 - 0x00007ff8923ca000 	C:\WINDOWS\SYSTEM32\DNSAPI.dll
0x00007ff88d030000 - 0x00007ff88d037000 	C:\WINDOWS\system32\wshunix.dll
0x00007ff891fc0000 - 0x00007ff891ff3000 	C:\WINDOWS\SYSTEM32\ntmarta.dll

dbghelp: loaded successfully - version: 4.0.5 - missing functions: none
symbol engine: initialized successfully - sym options: 0x614 - pdb path: .;C:\Program Files\Android\Android Studio\jbr\bin;C:\WINDOWS\SYSTEM32;C:\WINDOWS\WinSxS\amd64_microsoft.windows.common-controls_6595b64144ccf1df_6.0.19041.4355_none_60b8b9eb71f62e16;C:\Program Files\Android\Android Studio\jbr\bin\server;C:\Users\kbeoum\.gradle\native\68d5fa5c4cc2d200863cafc0d521ce42e7d3e7ee720ec0a83991735586a16f82\windows-amd64;C:\Users\kbeoum\.gradle\native\e376f236ea51e6404a007f0833ffe2c6e607c4080706a723a18a27aeea778392\windows-amd64

VM Arguments:
jvm_args: --add-opens=java.base/java.util=ALL-UNNAMED --add-opens=java.base/java.lang=ALL-UNNAMED --add-opens=java.base/java.lang.invoke=ALL-UNNAMED --add-opens=java.prefs/java.util.prefs=ALL-UNNAMED --add-opens=java.base/java.nio.charset=ALL-UNNAMED --add-opens=java.base/java.net=ALL-UNNAMED --add-opens=java.base/java.util.concurrent.atomic=ALL-UNNAMED -Xmx2048m -Dfile.encoding=UTF-8 -Duser.country=KR -Duser.language=ko -Duser.variant -javaagent:C:\Users\kbeoum\.gradle\wrapper\dists\gradle-8.2-bin\bbg7u40eoinfdyxsxr3z4i7ta\gradle-8.2\lib\agents\gradle-instrumentation-agent-8.2.jar 
java_command: org.gradle.launcher.daemon.bootstrap.GradleDaemon 8.2
java_class_path (initial): C:\Users\kbeoum\.gradle\wrapper\dists\gradle-8.2-bin\bbg7u40eoinfdyxsxr3z4i7ta\gradle-8.2\lib\gradle-launcher-8.2.jar
Launcher Type: SUN_STANDARD

[Global flags]
     intx CICompilerCount                          = 3                                         {product} {ergonomic}
     uint ConcGCThreads                            = 1                                         {product} {ergonomic}
     uint G1ConcRefinementThreads                  = 4                                         {product} {ergonomic}
   size_t G1HeapRegionSize                         = 1048576                                   {product} {ergonomic}
    uintx GCDrainStackTargetSize                   = 64                                        {product} {ergonomic}
   size_t InitialHeapSize                          = 134217728                                 {product} {ergonomic}
   size_t MarkStackSize                            = 4194304                                   {product} {ergonomic}
   size_t MaxHeapSize                              = 2147483648                                {product} {command line}
   size_t MaxNewSize                               = 1287651328                                {product} {ergonomic}
   size_t MinHeapDeltaBytes                        = 1048576                                   {product} {ergonomic}
   size_t MinHeapSize                              = 8388608                                   {product} {ergonomic}
    uintx NonNMethodCodeHeapSize                   = 5832780                                {pd product} {ergonomic}
    uintx NonProfiledCodeHeapSize                  = 122912730                              {pd product} {ergonomic}
    uintx ProfiledCodeHeapSize                     = 122912730                              {pd product} {ergonomic}
    uintx ReservedCodeCacheSize                    = 251658240                              {pd product} {ergonomic}
     bool SegmentedCodeCache                       = true                                      {product} {ergonomic}
   size_t SoftMaxHeapSize                          = 2147483648                             {manageable} {ergonomic}
     bool UseCompressedClassPointers               = true                           {product lp64_product} {ergonomic}
     bool UseCompressedOops                        = true                           {product lp64_product} {ergonomic}
     bool UseG1GC                                  = true                                      {product} {ergonomic}
     bool UseLargePagesIndividualAllocation        = false                                  {pd product} {ergonomic}

Logging:
Log output configuration:
 #0: stdout all=warning uptime,level,tags
 #1: stderr all=off uptime,level,tags

Environment Variables:
PATH=C:\WINDOWS\system32;C:\WINDOWS;C:\WINDOWS\System32\Wbem;C:\WINDOWS\System32\WindowsPowerShell\v1.0\;C:\WINDOWS\System32\OpenSSH\;C:\Program Files (x86)\ATI Technologies\ATI.ACE\Core-Static;C:\Program Files (x86)\ZeroTier\One\;C:\Program Files (x86)\PuTTY\;C:\Program Files\Bandizip\;%USERPROFILE%\AppData\Local\Microsoft\WindowsApps;
USERNAME=kbeoum
OS=Windows_NT
PROCESSOR_IDENTIFIER=Intel64 Family 6 Model 58 Stepping 9, GenuineIntel
TMP=C:\Users\kbeoum\AppData\Local\Temp
TEMP=C:\Users\kbeoum\AppData\Local\Temp


JNI global refs:
JNI global refs: 29, weak refs: 5

JNI global refs memory usage: 843, weak refs: 841

OOME stack traces (most recent first):
Classloader memory used:
