JvmtiExport can_access_local_variables 0
JvmtiExport can_hotswap_or_post_breakpoint 0
JvmtiExport can_post_on_exceptions 0
# 287 ciObject found
instanceKlass java/util/ArrayList$ListItr
ciInstanceKlass java/util/ArrayList$Itr 1 1 103 9 7 12 1 1 1 10 7 12 1 1 1 9 12 1 1 9 7 12 1 1 9 12 1 9 12 1 9 12 1 10 12 1 100 1 10 9 12 1 1 100 1 10 100 1 10 10 12 1 1 100 1 10 100 12 1 1 1 10 12 1 1 11 100 12 1 1 1 100 1 1 1 1 1 1 1 1 1 1 1 1 1 1 1 100 1 1 1 1 1 1 1 1 1 1 1 1 1 1 1 1 1
instanceKlass com/google/common/collect/CollectSpliterators$1
instanceKlass com/google/common/collect/CollectSpliterators$FlatMapSpliterator$Factory
instanceKlass com/google/common/collect/CollectSpliterators$FlatMapSpliterator
instanceKlass com/google/common/collect/CollectSpliterators
instanceKlass org/gradle/internal/execution/history/changes/FilePathWithType
instanceKlass com/android/build/gradle/internal/variant/ApplicationVariantFactory$restrictEnabledOutputs$1
instanceKlass com/android/ide/common/build/GenericBuiltArtifactsSplitOutputMatcher$computeBestArtifact$match$1
instanceKlass com/android/ide/common/build/GenericBuiltArtifactsSplitOutputMatcher
instanceKlass com/android/ide/common/build/GenericBuiltArtifact
instanceKlass com/android/tools/build/gradle/internal/profile/IntegerOption$1
instanceKlass org/gradle/cache/internal/btree/FileBackedBlockStore$1
instanceKlass jdk/internal/math/FormattedFloatingDecimal$2
instanceKlass jdk/internal/math/FormattedFloatingDecimal
instanceKlass com/android/tools/analytics/JournalingUsageTracker$scheduleFlush$1
instanceKlass com/google/protobuf/ByteString$CodedBuilder
instanceKlass com/google/wireless/android/play/playlog/proto/ClientAnalytics
instanceKlass com/google/wireless/android/play/playlog/proto/ClientAnalytics$LogEventOrBuilder
instanceKlass com/google/wireless/android/sdk/stats/AndroidStudioEvent$EventKind$1
instanceKlass com/google/wireless/android/sdk/stats/AndroidStudioEvent$EventCategory$1
instanceKlass com/google/wireless/android/sdk/stats/GradleSyncIssueOrBuilder
instanceKlass com/google/wireless/android/sdk/stats/IntellijProjectSizeStatsOrBuilder
instanceKlass org/gradle/internal/remote/internal/inet/SocketConnection$1
instanceKlass java/util/Locale$1
instanceKlass org/gradle/internal/work/DefaultWorkerLeaseService$1
instanceKlass org/gradle/cache/internal/DefaultCleanupProgressMonitor
instanceKlass org/gradle/cache/internal/VersionSpecificCacheCleanupAction
instanceKlass org/gradle/launcher/exec/BuildActionResult
instanceKlass org/gradle/tooling/internal/provider/serialization/SerializedPayload
instanceKlass org/gradle/api/internal/cache/DefaultCacheConfigurations$MustBeConfiguredCleanupFrequency
instanceKlass org/gradle/execution/PassThruCancellableOperationManager
instanceKlass com/google/wireless/android/sdk/stats/AndroidStudioEvent$1
instanceKlass com/google/wireless/android/sdk/stats/SmlChatBotEventOrBuilder
instanceKlass com/google/wireless/android/sdk/stats/EditorNotificationOrBuilder
instanceKlass com/google/wireless/android/sdk/stats/DeviceScreenshotEventOrBuilder
instanceKlass com/google/wireless/android/sdk/stats/KotlinSupportDeclinedOrBuilder
instanceKlass com/google/wireless/android/sdk/stats/SystemHealthEventOrBuilder
instanceKlass com/google/wireless/android/sdk/stats/SmlTransformEventOrBuilder
instanceKlass com/google/wireless/android/sdk/stats/LintTooltipLinkEventOrBuilder
instanceKlass com/google/wireless/android/sdk/stats/SmlConfigurationEventOrBuilder
instanceKlass com/google/wireless/android/sdk/stats/SafeModeStatsEventOrBuilder
instanceKlass com/google/wireless/android/sdk/stats/TSdkUAEventOrBuilder
instanceKlass com/google/wireless/android/sdk/stats/IntelliJNewUISwitchOrBuilder
instanceKlass com/google/wireless/android/sdk/stats/DebuggerEventOrBuilder
instanceKlass com/google/wireless/android/sdk/stats/EssentialsModeEventOrBuilder
instanceKlass com/google/wireless/android/sdk/stats/SoongSyncStatsOrBuilder
instanceKlass com/google/wireless/android/sdk/stats/SmlCompletionEventOrBuilder
instanceKlass com/google/wireless/android/sdk/stats/ManifestMergerStatsOrBuilder
instanceKlass com/google/wireless/android/sdk/stats/StopEventOrBuilder
instanceKlass com/google/wireless/android/sdk/stats/LogcatUsageEventOrBuilder
instanceKlass com/google/wireless/android/sdk/stats/DeviceMirroringSessionOrBuilder
instanceKlass com/google/wireless/android/sdk/stats/MemoryUsageReportEventOrBuilder
instanceKlass com/google/wireless/android/sdk/stats/GoogleLoginPluginEventOrBuilder
instanceKlass com/google/wireless/android/sdk/stats/HeapReportEventOrBuilder
instanceKlass com/google/wireless/android/sdk/stats/SdkIndexLoadingDetailsOrBuilder
instanceKlass com/google/wireless/android/sdk/stats/OSMetricsOrBuilder
instanceKlass com/google/wireless/android/sdk/stats/EditorPickerEventOrBuilder
instanceKlass com/google/wireless/android/sdk/stats/DirectAccessUsageEventOrBuilder
instanceKlass com/google/wireless/android/sdk/stats/FastPreviewEventOrBuilder
instanceKlass com/google/wireless/android/sdk/stats/SdkIndexLibraryDetailsOrBuilder
instanceKlass com/google/wireless/android/sdk/stats/LiveEditEventOrBuilder
instanceKlass com/google/wireless/android/sdk/stats/FileUsageOrBuilder
instanceKlass com/google/wireless/android/sdk/stats/RunStartDataOrBuilder
instanceKlass com/google/wireless/android/sdk/stats/VfsRefreshOrBuilder
instanceKlass com/google/wireless/android/sdk/stats/AutoImportEventOrBuilder
instanceKlass com/google/wireless/android/sdk/stats/OptInToMetricsOrBuilder
instanceKlass com/google/wireless/android/sdk/stats/GradleJdkInvalidEventOrBuilder
instanceKlass com/google/wireless/android/sdk/stats/CoroutineDebuggerEventOrBuilder
instanceKlass com/google/wireless/android/sdk/stats/DeviceExplorerEventOrBuilder
instanceKlass com/google/wireless/android/sdk/stats/ComposeDeployEventOrBuilder
instanceKlass com/google/wireless/android/sdk/stats/FileTypeOrBuilder
instanceKlass com/google/wireless/android/sdk/stats/SigningWizardEventOrBuilder
instanceKlass com/google/wireless/android/sdk/stats/DeviceManagerEventOrBuilder
instanceKlass com/google/wireless/android/sdk/stats/OptOutOfMetricsOrBuilder
instanceKlass com/google/wireless/android/sdk/stats/WearPairingEventOrBuilder
instanceKlass com/google/wireless/android/sdk/stats/RunFinishDataOrBuilder
instanceKlass com/google/wireless/android/sdk/stats/SuggestedImportEventOrBuilder
instanceKlass com/google/wireless/android/sdk/stats/LiveLiteralsEventOrBuilder
instanceKlass com/google/wireless/android/sdk/stats/SurveyResponseOrBuilder
instanceKlass com/google/wireless/android/sdk/stats/AvdLaunchEventOrBuilder
instanceKlass com/google/wireless/android/sdk/stats/MultiViewEventOrBuilder
instanceKlass com/google/wireless/android/sdk/stats/AndroidStudioEvent$TemplatesUsageOrBuilder
instanceKlass com/google/wireless/android/sdk/stats/ApplyChangesAgentErrorOrBuilder
instanceKlass com/google/wireless/android/sdk/stats/MlModelBindingEventOrBuilder
instanceKlass com/google/wireless/android/sdk/stats/NavSafeArgsEventOrBuilder
instanceKlass com/google/wireless/android/sdk/stats/BuildAttributionStatsOrBuilder
instanceKlass com/google/wireless/android/sdk/stats/AppInspectionEventOrBuilder
instanceKlass com/google/wireless/android/sdk/stats/DaggerEditorEventOrBuilder
instanceKlass com/google/wireless/android/sdk/stats/EditorCompletionStatsOrBuilder
instanceKlass com/google/wireless/android/sdk/stats/BuildOutputWindowStatsOrBuilder
instanceKlass com/google/wireless/android/sdk/stats/WindowsDefenderStatusOrBuilder
instanceKlass com/google/wireless/android/sdk/stats/MemorySettingsEventOrBuilder
instanceKlass com/google/wireless/android/sdk/stats/ImportSampleEventOrBuilder
instanceKlass com/google/wireless/android/sdk/stats/StudioUpdateFlowEventOrBuilder
instanceKlass com/google/wireless/android/sdk/stats/ComposeSampleEventOrBuilder
instanceKlass com/google/wireless/android/sdk/stats/JniInspectionEventOrBuilder
instanceKlass com/google/wireless/android/sdk/stats/IdePluginInfoOrBuilder
instanceKlass com/google/wireless/android/sdk/stats/ResourceManagerEventOrBuilder
instanceKlass com/google/wireless/android/sdk/stats/UserSentimentOrBuilder
instanceKlass com/google/wireless/android/sdk/stats/NavEditorEventOrBuilder
instanceKlass com/google/wireless/android/sdk/stats/PSDEventOrBuilder
instanceKlass com/google/wireless/android/sdk/stats/DialogStatsOrBuilder
instanceKlass com/google/wireless/android/sdk/stats/TypingLatencyStatsOrBuilder
instanceKlass com/google/wireless/android/sdk/stats/RunEventOrBuilder
instanceKlass com/google/wireless/android/sdk/stats/DataBindingEventOrBuilder
instanceKlass com/google/wireless/android/sdk/stats/IntellijIndexingStatsOrBuilder
instanceKlass com/google/wireless/android/sdk/stats/OomDialogEventOrBuilder
instanceKlass com/google/wireless/android/sdk/stats/StudioRunEventOrBuilder
instanceKlass com/google/wireless/android/sdk/stats/LintActionOrBuilder
instanceKlass com/google/wireless/android/sdk/stats/CppHeadersViewEventOrBuilder
instanceKlass com/google/wireless/android/sdk/stats/GradleCppSyncStatsOrBuilder
instanceKlass com/google/wireless/android/sdk/stats/AndroidProfilerDbStatsOrBuilder
instanceKlass com/google/wireless/android/sdk/stats/LintSessionOrBuilder
instanceKlass com/google/wireless/android/sdk/stats/GradleSyncStatsOrBuilder
instanceKlass com/google/wireless/android/sdk/stats/ApkDebugProjectOrBuilder
instanceKlass com/google/wireless/android/sdk/stats/ApkAnalyzerStatsOrBuilder
instanceKlass com/google/wireless/android/sdk/stats/KotlinSupportOrBuilder
instanceKlass com/google/wireless/android/sdk/stats/WhatsNewAssistantEventOrBuilder
instanceKlass com/google/wireless/android/sdk/stats/CMakeEditingEventOrBuilder
instanceKlass com/google/wireless/android/sdk/stats/LayoutInspectorEventOrBuilder
instanceKlass com/google/wireless/android/sdk/stats/AndroidProfilerEventOrBuilder
instanceKlass com/google/wireless/android/sdk/stats/UIActionStatsOrBuilder
instanceKlass com/google/wireless/android/sdk/stats/MachineDetailsOrBuilder
instanceKlass com/google/wireless/android/sdk/stats/LldbSessionEndDetailsOrBuilder
instanceKlass com/google/wireless/android/sdk/stats/LayoutEditorEventOrBuilder
instanceKlass com/google/wireless/android/sdk/stats/GfxTracingDetailsOrBuilder
instanceKlass com/google/wireless/android/sdk/stats/AdbAssistantStatsOrBuilder
instanceKlass com/google/wireless/android/sdk/stats/AppLinksAssistantEventOrBuilder
instanceKlass com/google/wireless/android/sdk/stats/JvmDetailsOrBuilder
instanceKlass com/google/wireless/android/sdk/stats/LldbPerformanceStatsOrBuilder
instanceKlass com/google/wireless/android/sdk/stats/FirebaseContextDetailsOrBuilder
instanceKlass com/google/wireless/android/sdk/stats/StudioProjectChangeOrBuilder
instanceKlass com/google/wireless/android/sdk/stats/StudioPerformanceStatsOrBuilder
instanceKlass com/google/wireless/android/sdk/stats/FirebaseErrorDetailsOrBuilder
instanceKlass com/google/wireless/android/sdk/stats/LLDBFrontendDetailsOrBuilder
instanceKlass com/google/wireless/android/sdk/stats/TestRecorderDetailsOrBuilder
instanceKlass com/google/wireless/android/sdk/stats/InstantRunOrBuilder
instanceKlass com/google/wireless/android/sdk/stats/GradleBuildDetailsOrBuilder
instanceKlass com/google/wireless/android/sdk/stats/EmulatorHostOrBuilder
instanceKlass com/google/wireless/android/sdk/stats/TestRunOrBuilder
instanceKlass com/google/wireless/android/sdk/stats/HypervisorOrBuilder
instanceKlass com/google/wireless/android/sdk/stats/EmulatorUiEventOrBuilder
instanceKlass com/google/wireless/android/sdk/stats/StudioCrashOrBuilder
instanceKlass com/google/wireless/android/sdk/stats/ProductDetailsOrBuilder
instanceKlass com/google/wireless/android/sdk/stats/DeviceInfoOrBuilder
instanceKlass com/google/wireless/android/sdk/stats/EmulatorDetailsOrBuilder
instanceKlass com/google/wireless/android/sdk/stats/MetaMetricsOrBuilder
instanceKlass com/google/wireless/android/sdk/stats/DeviceMirroringAbnormalAgentTerminationOrBuilder
instanceKlass com/google/wireless/android/sdk/stats/UpgradeAndroidStudioDialogStatsOrBuilder
instanceKlass com/google/wireless/android/sdk/stats/ThreadingAgentUsageEventOrBuilder
instanceKlass com/google/wireless/android/sdk/stats/ComposePreviewLiteModeEventOrBuilder
instanceKlass com/google/wireless/android/sdk/stats/AppQualityInsightsUsageEventOrBuilder
instanceKlass com/google/wireless/android/sdk/stats/IntelliJNewUIStateOrBuilder
instanceKlass com/google/wireless/android/sdk/stats/ProjectViewSelectionChangeEventOrBuilder
instanceKlass com/google/wireless/android/sdk/stats/KotlinGradlePerformanceOrBuilder
instanceKlass com/google/wireless/android/sdk/stats/ComposePreviewCanvasEventOrBuilder
instanceKlass com/google/wireless/android/sdk/stats/BuildOutputDownloadsInfoEventOrBuilder
instanceKlass com/google/wireless/android/sdk/stats/WhatsNewAssistantUpdateEventOrBuilder
instanceKlass com/google/wireless/android/sdk/stats/GradlePluginUpgradeDialogStatsOrBuilder
instanceKlass com/google/wireless/android/sdk/stats/ComposeMultiPreviewEventOrBuilder
instanceKlass com/google/wireless/android/sdk/stats/SplittingTabsUsageEventOrBuilder
instanceKlass com/google/wireless/android/sdk/stats/GradlePluginDslUsageStatsOrBuilder
instanceKlass com/google/wireless/android/sdk/stats/StudioToolWindowActionStatsOrBuilder
instanceKlass com/google/wireless/android/sdk/stats/GradleVersionCatalogDetectorEventOrBuilder
instanceKlass com/google/wireless/android/sdk/stats/ParallelAndroidTestReportUiEventOrBuilder
instanceKlass com/google/wireless/android/sdk/stats/DesignEditorHelpPanelEventOrBuilder
instanceKlass com/google/wireless/android/sdk/stats/KotlinProjectConfigurationOrBuilder
instanceKlass com/google/wireless/android/sdk/stats/ComposeAnimationToolingEventOrBuilder
instanceKlass com/google/wireless/android/sdk/stats/DefaultActivityLocatorStatsOrBuilder
instanceKlass com/google/wireless/android/sdk/stats/NonTransitiveRClassMigrationEventOrBuilder
instanceKlass com/google/wireless/android/sdk/stats/UpgradeAssistantComponentEventOrBuilder
instanceKlass com/google/wireless/android/sdk/stats/EditorHighlightingStatsOrBuilder
instanceKlass com/google/wireless/android/sdk/stats/AndroidTestRetentionEventOrBuilder
instanceKlass com/google/wireless/android/sdk/stats/ConnectionAssistantEventOrBuilder
instanceKlass com/google/wireless/android/sdk/stats/BuildAttributionUiEventOrBuilder
instanceKlass com/google/wireless/android/sdk/stats/MotionLayoutEditorEventOrBuilder
instanceKlass com/google/wireless/android/sdk/stats/StudioPatchUpdaterEventOrBuilder
instanceKlass com/google/wireless/android/sdk/stats/InteractivePreviewEventOrBuilder
instanceKlass com/google/wireless/android/sdk/stats/UpgradeAssistantProcessorEventOrBuilder
instanceKlass com/google/wireless/android/sdk/stats/AndroidCppExtensionEventOrBuilder
instanceKlass com/google/wireless/android/sdk/stats/DynamicLayoutInspectorEventOrBuilder
instanceKlass com/google/wireless/android/sdk/stats/CreateDiagnosticReportActionOrBuilder
instanceKlass com/google/wireless/android/sdk/stats/LldbSessionStartDetailsOrBuilder
instanceKlass com/google/wireless/android/sdk/stats/EmulatorPerformanceStatsOrBuilder
instanceKlass org/gradle/internal/watch/vfs/impl/WatchingVirtualFileSystem$2$1
instanceKlass org/gradle/internal/watch/vfs/BuildFinishedFileSystemWatchingBuildOperationType$Result
instanceKlass org/gradle/internal/watch/vfs/impl/DefaultFileSystemWatchingStatistics$VirtualFileSystemStatistics
instanceKlass org/gradle/internal/watch/vfs/impl/DefaultFileSystemWatchingStatistics
instanceKlass org/gradle/internal/watch/registry/impl/WatchableHierarchies$RemoveUnwatchedFiles
instanceKlass org/gradle/internal/watch/registry/impl/DefaultFileWatcherRegistry$2
instanceKlass org/gradle/internal/watch/vfs/BuildFinishedFileSystemWatchingBuildOperationType$Details$1
instanceKlass org/gradle/internal/watch/vfs/BuildFinishedFileSystemWatchingBuildOperationType$Details
instanceKlass org/gradle/internal/watch/vfs/impl/WatchingVirtualFileSystem$2
instanceKlass org/gradle/api/internal/tasks/execution/statistics/TaskExecutionStatistics
instanceKlass org/gradle/internal/buildevents/TaskExecutionStatisticsReporter
instanceKlass org/gradle/internal/logging/text/AbstractStyledTextOutput$StyleOverrideTextOutput
instanceKlass com/google/common/io/Closeables
instanceKlass com/android/builder/internal/aapt/v2/Aapt2DaemonImpl$AllowShutdown
instanceKlass com/android/builder/profile/AnalyticsProfileWriter$writeAndFinish$1
instanceKlass com/android/tools/analytics/AnalyticsSettingsKt
instanceKlass java/time/LocalDate$1
instanceKlass java/time/temporal/TemporalQueries$7
instanceKlass java/time/temporal/TemporalQueries$6
instanceKlass java/time/temporal/TemporalQueries$5
instanceKlass java/time/temporal/TemporalQueries$4
instanceKlass java/time/temporal/TemporalQueries$3
instanceKlass java/time/temporal/TemporalQueries$2
instanceKlass java/time/temporal/TemporalQueries$1
instanceKlass java/time/temporal/TemporalQueries
instanceKlass com/android/tools/analytics/Anonymizer
instanceKlass com/android/build/gradle/internal/attribution/BuildAnalyzerPartialResult$Companion
instanceKlass com/android/build/gradle/internal/attribution/BuildAnalyzerPartialResult
instanceKlass com/android/build/gradle/internal/attribution/BuildAnalyzerService$Companion$saveAttributionData$1
instanceKlass com/android/buildanalyzer/common/AndroidGradlePluginAttributionData$Companion
instanceKlass com/android/buildanalyzer/common/AndroidGradlePluginAttributionData
instanceKlass org/gradle/configurationcache/flow/BuildFlowScope$setBuildWorkResult$1$1
instanceKlass org/gradle/api/flow/BuildWorkResult
instanceKlass com/google/common/cache/LocalCache$WriteThroughEntry
instanceKlass com/google/common/cache/LocalCache$HashIterator
instanceKlass java/util/stream/DistinctOps
instanceKlass com/android/signflinger/ApkSigningBlock
instanceKlass com/android/signflinger/SigningBlockUtils
instanceKlass com/android/apksig/DefaultApkSignerEngine$OutputApkSigningBlockRequestImpl
instanceKlass com/android/apksig/internal/apk/ApkSigningBlockUtilsLite
instanceKlass com/android/apksig/internal/apk/v2/V2SchemeSigner$V2SignatureSchemeBlock$Signer
instanceKlass com/android/apksig/internal/apk/v2/V2SchemeSigner$V2SignatureSchemeBlock$SignedData
instanceKlass com/android/apksig/internal/util/ByteBufferUtils
instanceKlass com/android/apksig/internal/x509/RSAPublicKey
instanceKlass com/android/apksig/internal/asn1/Asn1BerParser$BerToJavaConverter
instanceKlass com/android/apksig/internal/asn1/Asn1BerParser$AnnotatedField
instanceKlass com/android/apksig/internal/asn1/Asn1BerParser$1
instanceKlass com/android/apksig/internal/asn1/ber/BerDataValue
instanceKlass com/android/apksig/internal/asn1/ber/ByteBufferBerDataValueReader
instanceKlass com/android/apksig/internal/asn1/ber/BerDataValueReader
instanceKlass com/android/apksig/internal/asn1/Asn1BerParser
instanceKlass com/android/apksig/internal/x509/SubjectPublicKeyInfo
instanceKlass com/android/apksig/internal/apk/ApkSigningBlockUtils$SigningSchemeBlockAndDigests
instanceKlass com/android/apksig/internal/apk/ApkSigningBlockUtils$ChunkSupplier$Chunk
instanceKlass com/android/apksig/internal/apk/ApkSigningBlockUtils$ChunkDigester
instanceKlass com/android/apksig/internal/apk/ApkSigningBlockUtils$ChunkSupplier
instanceKlass com/android/apksig/internal/apk/ApkSigningBlockUtils$ChunkDigests
instanceKlass java/security/spec/MGF1ParameterSpec
instanceKlass com/android/apksig/internal/apk/v2/V2SchemeSigner
instanceKlass com/android/apksig/internal/apk/ApkSigningBlockUtils$SignerConfig
instanceKlass com/android/apksig/internal/util/ByteBufferDataSource
instanceKlass com/android/apksig/internal/zip/ZipUtils
instanceKlass com/android/apksig/internal/util/FileChannelDataSource
instanceKlass com/android/apksig/util/DataSources
instanceKlass com/android/apksig/DefaultApkSignerEngine$OutputJarSignatureRequestImpl
instanceKlass com/android/apksig/ApkSignerEngine$OutputJarSignatureRequest$JarEntry
instanceKlass com/android/apksig/internal/asn1/Asn1DerEncoder$JavaToDerConverter
instanceKlass com/android/apksig/internal/asn1/ber/BerEncoding$1
instanceKlass com/android/apksig/internal/asn1/ber/BerEncoding
instanceKlass com/android/apksig/internal/asn1/Asn1DerEncoder$AnnotatedField
instanceKlass com/android/apksig/internal/asn1/Asn1Field
instanceKlass com/android/apksig/internal/asn1/Asn1DerEncoder$1
instanceKlass com/android/apksig/internal/asn1/Asn1Class
instanceKlass com/android/apksig/internal/pkcs7/ContentInfo
instanceKlass com/android/apksig/internal/pkcs7/EncapsulatedContentInfo
instanceKlass com/android/apksig/internal/pkcs7/SignedData
instanceKlass com/android/apksig/internal/pkcs7/IssuerAndSerialNumber
instanceKlass com/android/apksig/internal/pkcs7/SignerIdentifier
instanceKlass com/android/apksig/internal/pkcs7/SignerInfo
instanceKlass com/android/apksig/internal/apk/ApkSigningBlockUtils
instanceKlass sun/security/rsa/RSACore$BlindingRandomPair
instanceKlass sun/security/jca/JCAUtil$CachedSecureRandomHolder
instanceKlass sun/security/rsa/RSACore$BlindingParameters
instanceKlass com/android/apksig/internal/asn1/Asn1OpaqueObject
instanceKlass com/android/apksig/internal/asn1/Asn1DerEncoder
instanceKlass com/android/apksig/internal/pkcs7/AlgorithmIdentifier$1
instanceKlass com/android/apksig/internal/pkcs7/AlgorithmIdentifier
instanceKlass com/android/apksig/internal/jar/SignatureFileWriter
instanceKlass com/android/apksig/internal/apk/v1/V1SchemeSigner$OutputManifestFile
instanceKlass com/android/apksig/internal/apk/v1/V1SchemeSigner$1
instanceKlass com/android/apksig/internal/jar/ManifestWriter
instanceKlass com/google/common/collect/HashBiMap$Itr
instanceKlass sun/nio/ch/Util$4
instanceKlass sun/nio/ch/FileChannelImpl$Unmapper
instanceKlass jdk/internal/access/foreign/UnmapperProxy
instanceKlass jdk/internal/misc/ExtendedMapMode
instanceKlass java/nio/channels/FileChannel$MapMode
instanceKlass com/android/apksig/internal/util/MessageDigestSink
instanceKlass com/android/zipflinger/ExtractionInfo
instanceKlass com/android/apksig/DefaultApkSignerEngine$GetJarEntryDataDigestRequest
instanceKlass com/android/zipflinger/Compressor
instanceKlass com/android/zipflinger/Entry
instanceKlass com/android/zipflinger/Crc32
instanceKlass com/android/zipflinger/Zip64Locator
instanceKlass com/android/zipflinger/ZipMap
instanceKlass com/android/zipflinger/ZipSource
instanceKlass java/util/concurrent/ForkJoinPool$DefaultCommonPoolForkJoinWorkerThreadFactory$1
instanceKlass com/android/builder/internal/packaging/ApkFlinger$writeFile$1
instanceKlass com/android/zipflinger/SynchronizedArchive
instanceKlass com/android/apksig/internal/util/OutputStreamDataSink
instanceKlass com/android/apksig/util/ReadableDataSink
instanceKlass com/android/apksig/util/DataSink
instanceKlass com/android/apksig/util/DataSinks
instanceKlass com/android/apksig/DefaultApkSignerEngine$GetJarEntryDataRequest
instanceKlass com/android/apksig/internal/util/Pair
instanceKlass com/android/apksig/internal/jar/ManifestParser$Section
instanceKlass com/android/apksig/internal/jar/ManifestParser$Attribute
instanceKlass com/android/apksig/internal/jar/ManifestParser
instanceKlass com/android/apksig/zip/ZipSections
instanceKlass com/android/apksig/internal/apk/v1/V1SchemeVerifier
instanceKlass com/android/apksig/internal/apk/v1/V1SchemeVerifier$Result
instanceKlass com/android/apksig/internal/apk/v1/V1SchemeSigner$SignerConfig
instanceKlass com/android/apksig/internal/apk/v1/DigestAlgorithm$StrengthComparator
instanceKlass com/android/apksig/internal/apk/v1/V1SchemeSigner
instanceKlass com/android/apksig/util/RunnablesExecutor$1
instanceKlass com/android/apksig/ApkSignerEngine$OutputApkSigningBlockRequest2
instanceKlass com/android/apksig/ApkSignerEngine$OutputJarSignatureRequest
instanceKlass com/android/apksig/ApkSignerEngine$OutputApkSigningBlockRequest
instanceKlass com/android/apksig/ApkSignerEngine$InspectJarEntryRequest
instanceKlass com/android/apksig/DefaultApkSignerEngine
instanceKlass com/android/apksig/DefaultApkSignerEngine$Builder
instanceKlass com/android/apksig/DefaultApkSignerEngine$SignerConfig
instanceKlass com/android/apksig/DefaultApkSignerEngine$SignerConfig$Builder
instanceKlass com/android/apksig/util/DataSource
instanceKlass com/android/apksig/ApkSignerEngine
instanceKlass com/android/signflinger/SignedApk
instanceKlass com/android/signflinger/SignedApkOptions
instanceKlass com/android/signflinger/SignedApkOptions$Builder
instanceKlass com/android/builder/internal/packaging/ApkFlinger$1
instanceKlass com/android/builder/internal/packaging/ApkFlinger$WhenMappings
instanceKlass com/android/builder/internal/packaging/ApkFlinger$Companion
instanceKlass com/android/builder/internal/packaging/ApkFlinger
instanceKlass kotlin/io/FilePathComponents
instanceKlass com/android/builder/internal/packaging/PackagedFileUpdates
instanceKlass com/google/common/base/Predicates$CompositionPredicate
instanceKlass com/google/common/base/Predicates
instanceKlass com/android/builder/internal/packaging/DexIncrementalRenameManager$1
instanceKlass com/android/builder/internal/packaging/PackagedFileUpdate
instanceKlass com/android/builder/internal/packaging/DexIncrementalRenameManager$Bucket
instanceKlass com/android/builder/packaging/DexFileNameSupplier
instanceKlass com/android/builder/internal/packaging/DexIncrementalRenameManager$DexFileComparator
instanceKlass com/android/builder/files/NativeLibraryAbiPredicate
instanceKlass com/android/builder/internal/packaging/DexIncrementalRenameManager
instanceKlass com/android/tools/build/apkzlib/zfile/ApkZFileCreatorFactory
instanceKlass com/android/build/gradle/internal/packaging/ApkCreatorFactories
instanceKlass com/android/tools/build/apkzlib/zfile/ApkCreator
instanceKlass com/android/builder/internal/packaging/IncrementalPackager
instanceKlass com/android/apksig/util/RunnablesProvider
instanceKlass com/android/apksig/util/RunnablesExecutor
instanceKlass com/android/build/gradle/internal/packaging/IncrementalPackagerBuilder$1
instanceKlass com/android/tools/build/apkzlib/sign/SigningOptions$Builder
instanceKlass com/android/tools/build/apkzlib/sign/SigningOptions
instanceKlass com/android/ide/common/signing/CertificateInfo
instanceKlass java/security/PKCS12Attribute
instanceKlass java/security/KeyStore$Entry$Attribute
instanceKlass java/security/KeyStore$PrivateKeyEntry
instanceKlass java/security/KeyStore$Entry
instanceKlass sun/security/pkcs/EncryptedPrivateKeyInfo
instanceKlass java/security/KeyStore$PasswordProtection
instanceKlass sun/security/tools/KeyStoreUtil
instanceKlass com/sun/crypto/provider/PKCS12PBECipherCore
instanceKlass sun/security/pkcs12/MacData
instanceKlass sun/security/util/ArrayUtil
instanceKlass javax/crypto/spec/SecretKeySpec$1
instanceKlass jdk/internal/access/JavaxCryptoSpecAccess
instanceKlass javax/crypto/spec/SecretKeySpec
instanceKlass com/sun/crypto/provider/PBKDF2KeyImpl$1
instanceKlass javax/crypto/MacSpi
instanceKlass javax/crypto/Mac
instanceKlass com/sun/crypto/provider/PBKDF2KeyImpl
instanceKlass javax/crypto/interfaces/PBEKey
instanceKlass com/sun/crypto/provider/PBEKey
instanceKlass javax/crypto/SecretKeyFactory
instanceKlass javax/crypto/spec/PBEKeySpec
instanceKlass javax/crypto/SecretKeyFactorySpi
instanceKlass com/sun/crypto/provider/PKCS5Padding
instanceKlass com/sun/crypto/provider/Padding
instanceKlass com/sun/crypto/provider/FeedbackCipher
instanceKlass com/sun/crypto/provider/SymmetricCipher
instanceKlass com/sun/crypto/provider/AESConstants
instanceKlass com/sun/crypto/provider/CipherCore
instanceKlass javax/crypto/CipherSpi
instanceKlass javax/crypto/ProviderVerifier
instanceKlass javax/crypto/JceSecurity$2
instanceKlass javax/crypto/JceSecurity$IdentityWrapper
instanceKlass java/net/spi/URLStreamHandlerProvider
instanceKlass java/net/URL$1
instanceKlass java/net/URL$2
instanceKlass javax/crypto/CryptoPolicyParser$CryptoPermissionEntry
instanceKlass javax/crypto/CryptoPolicyParser$GrantEntry
instanceKlass java/io/StreamTokenizer
instanceKlass javax/crypto/CryptoPolicyParser
instanceKlass java/nio/file/Files$1
instanceKlass javax/crypto/JceSecurity$1
instanceKlass javax/crypto/JceSecurity
instanceKlass javax/crypto/Cipher$Transform
instanceKlass javax/crypto/Cipher
instanceKlass sun/security/pkcs12/PKCS12KeyStore$RetryWithZero
instanceKlass javax/crypto/spec/PBEParameterSpec
instanceKlass javax/crypto/spec/IvParameterSpec
instanceKlass sun/security/pkcs12/PKCS12KeyStore$Entry
instanceKlass java/security/KeyStoreSpi
instanceKlass com/android/tools/build/apkzlib/zfile/ApkCreatorFactory
instanceKlass com/android/tools/build/apkzlib/zfile/ApkCreatorFactory$CreationData$Builder
instanceKlass com/android/tools/build/apkzlib/zfile/ApkCreatorFactory$CreationData
instanceKlass com/android/build/gradle/internal/packaging/IncrementalPackagerBuilder
instanceKlass com/android/build/gradle/internal/manifest/ManifestData$AndroidTarget
instanceKlass com/android/build/gradle/internal/manifest/ManifestDataKt
instanceKlass com/android/builder/files/IncrementalRelativeFileSets
instanceKlass com/android/builder/files/IncrementalChanges
instanceKlass com/android/build/gradle/internal/signing/SigningConfigProviderParams$Companion
instanceKlass com/android/build/gradle/tasks/IncrementalChangesUtils$WhenMappings
instanceKlass com/android/builder/files/SerializableChange$Companion
instanceKlass com/android/builder/files/SerializableInputChanges$Companion
instanceKlass com/android/build/gradle/tasks/IncrementalChangesUtils
instanceKlass com/android/build/gradle/tasks/PackageAndroidArtifact$IncrementalSplitterRunnable
instanceKlass org/gradle/internal/execution/history/changes/DefaultFileChange$1
instanceKlass org/gradle/internal/execution/history/changes/NonIncrementalInputChanges$RebuildFileChange
instanceKlass com/sun/org/apache/xerces/internal/util/URI
instanceKlass com/android/builder/core/DefaultManifestParser
instanceKlass com/android/builder/dexing/NonIncrementalJarDexArchive
instanceKlass com/android/builder/dexing/DexEntryBucket$getDexEntriesWithContents$1$1$contents$openedJar$1
instanceKlass com/android/tools/r8/graph/L3
instanceKlass com/android/tools/r8/synthesis/G
instanceKlass com/android/tools/r8/utils/p1
instanceKlass com/android/tools/r8/graph/C3
instanceKlass com/android/tools/r8/internal/vs
instanceKlass com/android/tools/r8/graph/M3
instanceKlass com/android/builder/dexing/MutableDependencyGraph$addEdge$3
instanceKlass com/android/builder/dexing/MutableDependencyGraph$addEdge$2
instanceKlass com/android/tools/r8/internal/wj
instanceKlass com/android/tools/r8/utils/E0
instanceKlass com/android/tools/r8/graph/W0
instanceKlass com/android/tools/r8/utils/F0
instanceKlass java/util/Vector$Itr
instanceKlass java/util/zip/ZipOutputStream$XEntry
instanceKlass org/gradle/workers/internal/WorkerDaemonClient
instanceKlass org/gradle/workers/internal/WorkerDaemonExpiration$SimpleMemoryExpirationSelector
instanceKlass com/android/tools/r8/internal/Kt
instanceKlass com/android/tools/r8/internal/Gt
instanceKlass com/android/tools/r8/dex/r0
instanceKlass com/android/tools/r8/dex/p0
instanceKlass com/android/tools/r8/dex/q0
instanceKlass com/android/tools/r8/startup/diagnostic/MissingStartupProfileItemsDiagnostic$a
instanceKlass com/android/tools/r8/internal/g3
instanceKlass com/android/tools/r8/internal/CI
instanceKlass com/android/tools/r8/internal/oA
instanceKlass com/android/tools/r8/internal/a7
instanceKlass com/android/tools/r8/graph/K3
instanceKlass com/android/tools/r8/graph/N3
instanceKlass com/android/tools/r8/internal/Cs
instanceKlass com/android/tools/r8/internal/c5
instanceKlass com/android/tools/r8/internal/ab
instanceKlass com/android/tools/r8/internal/Wa
instanceKlass com/android/tools/r8/internal/Ya
instanceKlass com/android/tools/r8/internal/Va
instanceKlass com/android/tools/r8/internal/Ua
instanceKlass com/android/tools/r8/internal/Za
instanceKlass com/android/tools/r8/internal/eb
instanceKlass com/android/tools/r8/internal/xs
instanceKlass com/android/tools/r8/internal/HN
instanceKlass com/android/tools/r8/internal/ce
instanceKlass com/android/tools/r8/internal/VG
instanceKlass com/android/tools/r8/utils/v0
instanceKlass com/android/tools/r8/internal/gD
instanceKlass com/android/tools/r8/internal/Mf
instanceKlass com/android/tools/r8/internal/nN
instanceKlass com/android/tools/r8/internal/LI
instanceKlass com/android/tools/r8/internal/km
instanceKlass com/android/tools/r8/utils/G3
instanceKlass com/android/tools/r8/internal/hB
instanceKlass com/android/tools/r8/internal/aB
instanceKlass com/android/tools/r8/internal/eB
instanceKlass com/android/tools/r8/internal/Re
instanceKlass com/android/tools/r8/internal/k4
instanceKlass com/android/tools/r8/internal/cD
instanceKlass com/android/tools/r8/internal/Gj